<?xml version="1.0" encoding="UTF-8"?>
<coverage generated="1669376480700" clover="3.2.0">
  <project timestamp="1669376480700" name="All files">
    <metrics statements="1089" coveredstatements="737" conditionals="134" coveredconditionals="126" methods="78" coveredmethods="56" elements="1301" coveredelements="919" complexity="0" loc="1089" ncloc="1089" packages="4" files="13" classes="13"/>
    <package name="factories">
      <metrics statements="444" coveredstatements="430" conditionals="87" coveredconditionals="87" methods="31" coveredmethods="30"/>
      <file name="check.factory.js" path="C:\Users\Maxime\Desktop\Portfolio\Sudoku\factories\check.factory.js">
        <metrics statements="92" coveredstatements="92" conditionals="23" coveredconditionals="23" methods="8" coveredmethods="8"/>
        <line num="1" count="1" type="stmt"/>
        <line num="2" count="836656" type="cond" truecount="2" falsecount="0"/>
        <line num="3" count="836640" type="cond" truecount="1" falsecount="0"/>
        <line num="4" count="836640" type="stmt"/>
        <line num="5" count="836640" type="stmt"/>
        <line num="6" count="836640" type="stmt"/>
        <line num="7" count="836640" type="stmt"/>
        <line num="8" count="836640" type="stmt"/>
        <line num="9" count="836640" type="stmt"/>
        <line num="10" count="836640" type="stmt"/>
        <line num="11" count="836656" type="stmt"/>
        <line num="12" count="836656" type="cond" truecount="1" falsecount="0"/>
        <line num="13" count="334275" type="cond" truecount="1" falsecount="0"/>
        <line num="14" count="334275" type="stmt"/>
        <line num="15" count="334275" type="stmt"/>
        <line num="16" count="334275" type="stmt"/>
        <line num="17" count="334275" type="stmt"/>
        <line num="18" count="334275" type="stmt"/>
        <line num="19" count="334275" type="stmt"/>
        <line num="20" count="836656" type="stmt"/>
        <line num="21" count="836656" type="cond" truecount="1" falsecount="0"/>
        <line num="22" count="250983" type="stmt"/>
        <line num="23" count="250983" type="stmt"/>
        <line num="24" count="250983" type="cond" truecount="1" falsecount="0"/>
        <line num="25" count="20329623" type="cond" truecount="1" falsecount="0"/>
        <line num="26" count="173931219" type="cond" truecount="1" falsecount="0"/>
        <line num="27" count="173931219" type="stmt"/>
        <line num="28" count="20329623" type="stmt"/>
        <line num="29" count="20329623" type="stmt"/>
        <line num="30" count="250983" type="stmt"/>
        <line num="31" count="250983" type="stmt"/>
        <line num="32" count="250983" type="stmt"/>
        <line num="33" count="250983" type="stmt"/>
        <line num="34" count="250983" type="stmt"/>
        <line num="35" count="250983" type="stmt"/>
        <line num="36" count="250983" type="stmt"/>
        <line num="37" count="836656" type="stmt"/>
        <line num="38" count="836656" type="cond" truecount="1" falsecount="0"/>
        <line num="39" count="1421898" type="cond" truecount="1" falsecount="0"/>
        <line num="40" count="12797082" type="stmt"/>
        <line num="41" count="12797082" type="stmt"/>
        <line num="42" count="1421898" type="stmt"/>
        <line num="43" count="836656" type="stmt"/>
        <line num="44" count="836656" type="cond" truecount="1" falsecount="0"/>
        <line num="45" count="1421898" type="stmt"/>
        <line num="46" count="1421898" type="stmt"/>
        <line num="47" count="10941485" type="cond" truecount="2" falsecount="0"/>
        <line num="48" count="98473365" type="stmt"/>
        <line num="49" count="98473365" type="stmt"/>
        <line num="50" count="10941485" type="stmt"/>
        <line num="51" count="10941485" type="stmt"/>
        <line num="52" count="655172" type="cond" truecount="1" falsecount="0"/>
        <line num="53" count="655172" type="stmt"/>
        <line num="54" count="655172" type="stmt"/>
        <line num="55" count="10941485" type="stmt"/>
        <line num="56" count="10941485" type="stmt"/>
        <line num="57" count="10941485" type="stmt"/>
        <line num="58" count="836656" type="stmt"/>
        <line num="59" count="836656" type="cond" truecount="1" falsecount="0"/>
        <line num="60" count="250985" type="stmt"/>
        <line num="61" count="250985" type="stmt"/>
        <line num="62" count="250985" type="stmt"/>
        <line num="63" count="250985" type="stmt"/>
        <line num="64" count="250985" type="stmt"/>
        <line num="65" count="250985" type="stmt"/>
        <line num="66" count="752955" type="cond" truecount="1" falsecount="0"/>
        <line num="67" count="2258865" type="cond" truecount="1" falsecount="0"/>
        <line num="68" count="2258865" type="stmt"/>
        <line num="69" count="752955" type="stmt"/>
        <line num="70" count="250985" type="stmt"/>
        <line num="71" count="250985" type="stmt"/>
        <line num="72" count="250985" type="stmt"/>
        <line num="73" count="836656" type="stmt"/>
        <line num="74" count="836656" type="stmt"/>
        <line num="75" count="836656" type="cond" truecount="1" falsecount="0"/>
        <line num="76" count="836638" type="stmt"/>
        <line num="77" count="836638" type="cond" truecount="2" falsecount="0"/>
        <line num="78" count="836638" type="cond" truecount="2" falsecount="0"/>
        <line num="79" count="836638" type="stmt"/>
        <line num="80" count="836638" type="stmt"/>
        <line num="81" count="836638" type="stmt"/>
        <line num="82" count="836656" type="stmt"/>
        <line num="83" count="836656" type="stmt"/>
        <line num="84" count="836656" type="stmt"/>
        <line num="85" count="836656" type="stmt"/>
        <line num="86" count="836656" type="stmt"/>
        <line num="87" count="836656" type="stmt"/>
        <line num="88" count="836656" type="stmt"/>
        <line num="89" count="836656" type="stmt"/>
        <line num="90" count="836656" type="stmt"/>
        <line num="91" count="1" type="stmt"/>
        <line num="92" count="1" type="stmt"/>
      </file>
      <file name="datas.factory.js" path="C:\Users\Maxime\Desktop\Portfolio\Sudoku\factories\datas.factory.js">
        <metrics statements="189" coveredstatements="189" conditionals="41" coveredconditionals="41" methods="13" coveredmethods="13"/>
        <line num="1" count="1" type="stmt"/>
        <line num="2" count="1" type="stmt"/>
        <line num="3" count="1" type="stmt"/>
        <line num="4" count="1" type="cond" truecount="1" falsecount="0"/>
        <line num="5" count="26" type="cond" truecount="1" falsecount="0"/>
        <line num="6" count="505602" type="stmt"/>
        <line num="7" count="505602" type="stmt"/>
        <line num="8" count="26" type="stmt"/>
        <line num="9" count="26" type="cond" truecount="1" falsecount="0"/>
        <line num="10" count="836636" type="stmt"/>
        <line num="11" count="836636" type="stmt"/>
        <line num="12" count="26" type="stmt"/>
        <line num="13" count="26" type="cond" truecount="1" falsecount="0"/>
        <line num="14" count="181549" type="stmt"/>
        <line num="15" count="181549" type="stmt"/>
        <line num="16" count="181549" type="stmt"/>
        <line num="17" count="181549" type="stmt"/>
        <line num="18" count="181549" type="stmt"/>
        <line num="19" count="181549" type="stmt"/>
        <line num="20" count="15158" type="cond" truecount="1" falsecount="0"/>
        <line num="21" count="15158" type="stmt"/>
        <line num="22" count="15158" type="stmt"/>
        <line num="23" count="181549" type="stmt"/>
        <line num="24" count="181549" type="stmt"/>
        <line num="25" count="26" type="stmt"/>
        <line num="26" count="26" type="cond" truecount="1" falsecount="0"/>
        <line num="27" count="7" type="stmt"/>
        <line num="28" count="7" type="stmt"/>
        <line num="29" count="7" type="stmt"/>
        <line num="30" count="7" type="stmt"/>
        <line num="31" count="185" type="cond" truecount="1" falsecount="0"/>
        <line num="32" count="185" type="stmt"/>
        <line num="33" count="185" type="stmt"/>
        <line num="34" count="185" type="cond" truecount="1" falsecount="0"/>
        <line num="35" count="2085" type="cond" truecount="1" falsecount="0"/>
        <line num="36" count="2085" type="stmt"/>
        <line num="37" count="185" type="stmt"/>
        <line num="38" count="185" type="stmt"/>
        <line num="39" count="163" type="cond" truecount="1" falsecount="0"/>
        <line num="40" count="163" type="stmt"/>
        <line num="41" count="185" type="stmt"/>
        <line num="42" count="7" type="stmt"/>
        <line num="43" count="7" type="stmt"/>
        <line num="44" count="26" type="stmt"/>
        <line num="45" count="26" type="cond" truecount="1" falsecount="0"/>
        <line num="46" count="567" type="stmt"/>
        <line num="47" count="567" type="stmt"/>
        <line num="48" count="567" type="stmt"/>
        <line num="49" count="567" type="stmt"/>
        <line num="50" count="26" type="stmt"/>
        <line num="51" count="26" type="stmt"/>
        <line num="52" count="26" type="stmt"/>
        <line num="53" count="26" type="stmt"/>
        <line num="54" count="26" type="cond" truecount="1" falsecount="0"/>
        <line num="55" count="9" type="stmt"/>
        <line num="56" count="9" type="stmt"/>
        <line num="57" count="26" type="stmt"/>
        <line num="58" count="26" type="cond" truecount="1" falsecount="0"/>
        <line num="59" count="9" type="stmt"/>
        <line num="60" count="9" type="stmt"/>
        <line num="61" count="9" type="stmt"/>
        <line num="62" count="6236" type="cond" truecount="1" falsecount="0"/>
        <line num="63" count="6236" type="stmt"/>
        <line num="64" count="6236" type="stmt"/>
        <line num="65" count="9" type="stmt"/>
        <line num="66" count="26" type="stmt"/>
        <line num="67" count="26" type="cond" truecount="1" falsecount="0"/>
        <line num="68" count="6242" type="stmt"/>
        <line num="69" count="6242" type="stmt"/>
        <line num="70" count="56178" type="cond" truecount="1" falsecount="0"/>
        <line num="71" count="505602" type="cond" truecount="1" falsecount="0"/>
        <line num="72" count="505602" type="stmt"/>
        <line num="73" count="56178" type="stmt"/>
        <line num="74" count="6242" type="stmt"/>
        <line num="75" count="6242" type="stmt"/>
        <line num="76" count="26" type="stmt"/>
        <line num="77" count="26" type="cond" truecount="1" falsecount="0"/>
        <line num="78" count="6237" type="stmt"/>
        <line num="79" count="6237" type="stmt"/>
        <line num="80" count="6237" type="stmt"/>
        <line num="81" count="6237" type="stmt"/>
        <line num="82" count="6237" type="stmt"/>
        <line num="83" count="6237" type="cond" truecount="1" falsecount="0"/>
        <line num="84" count="187693" type="cond" truecount="1" falsecount="0"/>
        <line num="85" count="187693" type="stmt"/>
        <line num="86" count="187693" type="stmt"/>
        <line num="87" count="187693" type="stmt"/>
        <line num="88" count="187693" type="stmt"/>
        <line num="89" count="187693" type="stmt"/>
        <line num="90" count="187693" type="stmt"/>
        <line num="91" count="187693" type="stmt"/>
        <line num="92" count="6228" type="cond" truecount="1" falsecount="0"/>
        <line num="93" count="6228" type="stmt"/>
        <line num="94" count="187693" type="stmt"/>
        <line num="95" count="181465" type="cond" truecount="1" falsecount="0"/>
        <line num="96" count="181465" type="stmt"/>
        <line num="97" count="181465" type="stmt"/>
        <line num="98" count="181465" type="stmt"/>
        <line num="99" count="181465" type="stmt"/>
        <line num="100" count="181465" type="stmt"/>
        <line num="101" count="181465" type="stmt"/>
        <line num="102" count="6237" type="stmt"/>
        <line num="103" count="6237" type="stmt"/>
        <line num="104" count="6237" type="stmt"/>
        <line num="105" count="6237" type="stmt"/>
        <line num="106" count="26" type="stmt"/>
        <line num="107" count="26" type="cond" truecount="1" falsecount="0"/>
        <line num="108" count="181468" type="stmt"/>
        <line num="109" count="181468" type="stmt"/>
        <line num="110" count="181468" type="stmt"/>
        <line num="111" count="181468" type="cond" truecount="1" falsecount="0"/>
        <line num="112" count="181549" type="cond" truecount="1" falsecount="0"/>
        <line num="113" count="181549" type="stmt"/>
        <line num="114" count="181549" type="stmt"/>
        <line num="115" count="181549" type="stmt"/>
        <line num="116" count="181549" type="cond" truecount="2" falsecount="0"/>
        <line num="117" count="181539" type="stmt"/>
        <line num="118" count="181539" type="stmt"/>
        <line num="119" count="181539" type="stmt"/>
        <line num="120" count="181539" type="stmt"/>
        <line num="121" count="181549" type="cond" truecount="1" falsecount="0"/>
        <line num="122" count="81" type="cond" truecount="1" falsecount="0"/>
        <line num="123" count="181549" type="stmt"/>
        <line num="124" count="181468" type="stmt"/>
        <line num="125" count="10" type="cond" truecount="1" falsecount="0"/>
        <line num="126" count="181468" type="stmt"/>
        <line num="127" count="26" type="stmt"/>
        <line num="128" count="26" type="cond" truecount="1" falsecount="0"/>
        <line num="129" count="187697" type="stmt"/>
        <line num="130" count="187697" type="stmt"/>
        <line num="131" count="187697" type="stmt"/>
        <line num="132" count="187697" type="stmt"/>
        <line num="133" count="187697" type="stmt"/>
        <line num="134" count="187697" type="cond" truecount="1" falsecount="0"/>
        <line num="135" count="187696" type="stmt"/>
        <line num="136" count="187696" type="stmt"/>
        <line num="137" count="187697" type="stmt"/>
        <line num="138" count="187697" type="stmt"/>
        <line num="139" count="187697" type="stmt"/>
        <line num="140" count="187697" type="cond" truecount="1" falsecount="0"/>
        <line num="141" count="836636" type="cond" truecount="1" falsecount="0"/>
        <line num="142" count="836636" type="stmt"/>
        <line num="143" count="836636" type="stmt"/>
        <line num="144" count="836636" type="stmt"/>
        <line num="145" count="836636" type="stmt"/>
        <line num="146" count="836636" type="stmt"/>
        <line num="147" count="836636" type="stmt"/>
        <line num="148" count="836636" type="stmt"/>
        <line num="149" count="836636" type="stmt"/>
        <line num="150" count="836636" type="stmt"/>
        <line num="151" count="836636" type="stmt"/>
        <line num="152" count="836636" type="stmt"/>
        <line num="153" count="181468" type="cond" truecount="1" falsecount="0"/>
        <line num="154" count="836636" type="cond" truecount="1" falsecount="0"/>
        <line num="155" count="655168" type="stmt"/>
        <line num="156" count="655168" type="stmt"/>
        <line num="157" count="836636" type="stmt"/>
        <line num="158" count="187697" type="stmt"/>
        <line num="159" count="187697" type="stmt"/>
        <line num="160" count="187697" type="stmt"/>
        <line num="161" count="187697" type="stmt"/>
        <line num="162" count="26" type="stmt"/>
        <line num="163" count="26" type="cond" truecount="1" falsecount="0"/>
        <line num="164" count="7" type="stmt"/>
        <line num="165" count="7" type="stmt"/>
        <line num="166" count="7" type="stmt"/>
        <line num="167" count="7" type="stmt"/>
        <line num="168" count="7" type="stmt"/>
        <line num="169" count="7" type="stmt"/>
        <line num="170" count="7" type="stmt"/>
        <line num="171" count="7" type="stmt"/>
        <line num="172" count="7" type="stmt"/>
        <line num="173" count="7" type="cond" truecount="1" falsecount="0"/>
        <line num="174" count="163" type="stmt"/>
        <line num="175" count="163" type="stmt"/>
        <line num="176" count="7" type="stmt"/>
        <line num="177" count="7" type="cond" truecount="1" falsecount="0"/>
        <line num="178" count="567" type="stmt"/>
        <line num="179" count="567" type="stmt"/>
        <line num="180" count="567" type="cond" truecount="1" falsecount="0"/>
        <line num="181" count="404" type="cond" truecount="1" falsecount="0"/>
        <line num="182" count="567" type="stmt"/>
        <line num="183" count="7" type="stmt"/>
        <line num="184" count="7" type="stmt"/>
        <line num="185" count="7" type="stmt"/>
        <line num="186" count="26" type="stmt"/>
        <line num="187" count="26" type="stmt"/>
        <line num="188" count="1" type="stmt"/>
        <line num="189" count="1" type="stmt"/>
      </file>
      <file name="gameManager.js" path="C:\Users\Maxime\Desktop\Portfolio\Sudoku\factories\gameManager.js">
        <metrics statements="163" coveredstatements="149" conditionals="23" coveredconditionals="23" methods="10" coveredmethods="9"/>
        <line num="1" count="1" type="stmt"/>
        <line num="2" count="1" type="stmt"/>
        <line num="3" count="1" type="stmt"/>
        <line num="4" count="1" type="stmt"/>
        <line num="5" count="1" type="stmt"/>
        <line num="6" count="1" type="stmt"/>
        <line num="7" count="1" type="cond" truecount="1" falsecount="0"/>
        <line num="8" count="30" type="stmt"/>
        <line num="9" count="30" type="stmt"/>
        <line num="10" count="30" type="stmt"/>
        <line num="11" count="30" type="cond" truecount="1" falsecount="0"/>
        <line num="12" count="2" type="stmt"/>
        <line num="13" count="2" type="stmt"/>
        <line num="14" count="2" type="stmt"/>
        <line num="15" count="2" type="cond" truecount="1" falsecount="0"/>
        <line num="16" count="201" type="cond" truecount="1" falsecount="0"/>
        <line num="17" count="201" type="stmt"/>
        <line num="18" count="201" type="stmt"/>
        <line num="19" count="201" type="stmt"/>
        <line num="20" count="201" type="stmt"/>
        <line num="21" count="201" type="stmt"/>
        <line num="22" count="201" type="stmt"/>
        <line num="23" count="201" type="stmt"/>
        <line num="24" count="201" type="cond" truecount="1" falsecount="0"/>
        <line num="25" count="201" type="stmt"/>
        <line num="26" count="2" type="stmt"/>
        <line num="27" count="2" type="stmt"/>
        <line num="28" count="2" type="stmt"/>
        <line num="29" count="30" type="stmt"/>
        <line num="30" count="30" type="stmt"/>
        <line num="31" count="30" type="stmt"/>
        <line num="32" count="30" type="stmt"/>
        <line num="33" count="30" type="stmt"/>
        <line num="34" count="30" type="stmt"/>
        <line num="35" count="30" type="stmt"/>
        <line num="36" count="30" type="cond" truecount="1" falsecount="0"/>
        <line num="37" count="4" type="stmt"/>
        <line num="38" count="4" type="stmt"/>
        <line num="39" count="4" type="stmt"/>
        <line num="40" count="4" type="stmt"/>
        <line num="41" count="4" type="stmt"/>
        <line num="42" count="4" type="stmt"/>
        <line num="43" count="4" type="stmt"/>
        <line num="44" count="4" type="stmt"/>
        <line num="45" count="4" type="stmt"/>
        <line num="46" count="4" type="stmt"/>
        <line num="47" count="4" type="stmt"/>
        <line num="48" count="4" type="stmt"/>
        <line num="49" count="30" type="stmt"/>
        <line num="50" count="30" type="cond" truecount="1" falsecount="0"/>
        <line num="51" count="4" type="stmt"/>
        <line num="52" count="4" type="cond" truecount="1" falsecount="0"/>
        <line num="53" count="2" type="stmt"/>
        <line num="54" count="2" type="stmt"/>
        <line num="55" count="2" type="stmt"/>
        <line num="56" count="2" type="stmt"/>
        <line num="57" count="2" type="stmt"/>
        <line num="58" count="4" type="stmt"/>
        <line num="59" count="30" type="stmt"/>
        <line num="60" count="30" type="cond" truecount="1" falsecount="0"/>
        <line num="61" count="9" type="stmt"/>
        <line num="62" count="9" type="stmt"/>
        <line num="63" count="9" type="stmt"/>
        <line num="64" count="9" type="stmt"/>
        <line num="65" count="9" type="stmt"/>
        <line num="66" count="30" type="stmt"/>
        <line num="67" count="30" type="cond" truecount="1" falsecount="0"/>
        <line num="68" count="8" type="stmt"/>
        <line num="69" count="8" type="cond" truecount="1" falsecount="0"/>
        <line num="70" count="5" type="stmt"/>
        <line num="71" count="5" type="stmt"/>
        <line num="72" count="5" type="stmt"/>
        <line num="73" count="5" type="stmt"/>
        <line num="74" count="8" type="stmt"/>
        <line num="75" count="8" type="cond" truecount="1" falsecount="0"/>
        <line num="76" count="8" type="stmt"/>
        <line num="77" count="8" type="stmt"/>
        <line num="78" count="8" type="stmt"/>
        <line num="79" count="30" type="stmt"/>
        <line num="80" count="30" type="cond" truecount="1" falsecount="0"/>
        <line num="81" count="4" type="stmt"/>
        <line num="82" count="4" type="stmt"/>
        <line num="83" count="4" type="stmt"/>
        <line num="84" count="4" type="stmt"/>
        <line num="85" count="4" type="cond" truecount="1" falsecount="0"/>
        <line num="86" count="243" type="stmt"/>
        <line num="87" count="243" type="cond" truecount="1" falsecount="0"/>
        <line num="88" count="243" type="cond" truecount="1" falsecount="0"/>
        <line num="89" count="3" type="stmt"/>
        <line num="90" count="243" type="stmt"/>
        <line num="91" count="243" type="cond" truecount="1" falsecount="0"/>
        <line num="92" count="243" type="stmt"/>
        <line num="93" count="3" type="cond" truecount="1" falsecount="0"/>
        <line num="94" count="3" type="stmt"/>
        <line num="95" count="3" type="stmt"/>
        <line num="96" count="3" type="stmt"/>
        <line num="97" count="3" type="stmt"/>
        <line num="98" count="3" type="stmt"/>
        <line num="99" count="3" type="stmt"/>
        <line num="100" count="3" type="stmt"/>
        <line num="101" count="3" type="stmt"/>
        <line num="102" count="243" type="stmt"/>
        <line num="103" count="4" type="stmt"/>
        <line num="104" count="4" type="stmt"/>
        <line num="105" count="4" type="stmt"/>
        <line num="106" count="4" type="stmt"/>
        <line num="107" count="4" type="stmt"/>
        <line num="108" count="4" type="stmt"/>
        <line num="109" count="4" type="stmt"/>
        <line num="110" count="4" type="stmt"/>
        <line num="111" count="4" type="stmt"/>
        <line num="112" count="30" type="stmt"/>
        <line num="113" count="30" type="cond" truecount="1" falsecount="0"/>
        <line num="114" count="2" type="stmt"/>
        <line num="115" count="2" type="cond" truecount="1" falsecount="0"/>
        <line num="116" count="1" type="stmt"/>
        <line num="117" count="1" type="stmt"/>
        <line num="118" count="1" type="stmt"/>
        <line num="119" count="1" type="stmt"/>
        <line num="120" count="1" type="stmt"/>
        <line num="121" count="1" type="stmt"/>
        <line num="122" count="1" type="stmt"/>
        <line num="123" count="2" type="stmt"/>
        <line num="124" count="30" type="stmt"/>
        <line num="125" count="30" type="cond" truecount="1" falsecount="0"/>
        <line num="126" count="2" type="stmt"/>
        <line num="127" count="2" type="stmt"/>
        <line num="128" count="2" type="cond" truecount="1" falsecount="0"/>
        <line num="129" count="1" type="stmt"/>
        <line num="130" count="1" type="cond" truecount="1" falsecount="0"/>
        <line num="131" count="5" type="stmt"/>
        <line num="132" count="5" type="stmt"/>
        <line num="133" count="5" type="stmt"/>
        <line num="134" count="5" type="stmt"/>
        <line num="135" count="5" type="stmt"/>
        <line num="136" count="1" type="stmt"/>
        <line num="137" count="1" type="stmt"/>
        <line num="138" count="1" type="stmt"/>
        <line num="139" count="1" type="stmt"/>
        <line num="140" count="1" type="stmt"/>
        <line num="141" count="1" type="stmt"/>
        <line num="142" count="1" type="stmt"/>
        <line num="143" count="2" type="stmt"/>
        <line num="144" count="30" type="stmt"/>
        <line num="145" count="30" type="stmt"/>
        <line num="146" count="0" type="stmt"/>
        <line num="147" count="0" type="stmt"/>
        <line num="148" count="0" type="stmt"/>
        <line num="149" count="0" type="stmt"/>
        <line num="150" count="0" type="stmt"/>
        <line num="151" count="0" type="stmt"/>
        <line num="152" count="0" type="stmt"/>
        <line num="153" count="0" type="stmt"/>
        <line num="154" count="0" type="stmt"/>
        <line num="155" count="0" type="stmt"/>
        <line num="156" count="0" type="stmt"/>
        <line num="157" count="0" type="stmt"/>
        <line num="158" count="0" type="stmt"/>
        <line num="159" count="0" type="stmt"/>
        <line num="160" count="30" type="stmt"/>
        <line num="161" count="30" type="stmt"/>
        <line num="162" count="1" type="stmt"/>
        <line num="163" count="1" type="stmt"/>
      </file>
    </package>
    <package name="factoriesDOM">
      <metrics statements="531" coveredstatements="201" conditionals="29" coveredconditionals="25" methods="25" coveredmethods="15"/>
      <file name="UI.factory.js" path="C:\Users\Maxime\Desktop\Portfolio\Sudoku\factoriesDOM\UI.factory.js">
        <metrics statements="108" coveredstatements="32" conditionals="2" coveredconditionals="2" methods="9" coveredmethods="2"/>
        <line num="1" count="1" type="stmt"/>
        <line num="2" count="1" type="stmt"/>
        <line num="3" count="1" type="stmt"/>
        <line num="4" count="1" type="stmt"/>
        <line num="5" count="1" type="stmt"/>
        <line num="6" count="1" type="cond" truecount="1" falsecount="0"/>
        <line num="7" count="4" type="stmt"/>
        <line num="8" count="4" type="stmt"/>
        <line num="9" count="4" type="stmt"/>
        <line num="10" count="0" type="stmt"/>
        <line num="11" count="0" type="stmt"/>
        <line num="12" count="0" type="stmt"/>
        <line num="13" count="0" type="stmt"/>
        <line num="14" count="0" type="stmt"/>
        <line num="15" count="0" type="stmt"/>
        <line num="16" count="0" type="stmt"/>
        <line num="17" count="0" type="stmt"/>
        <line num="18" count="0" type="stmt"/>
        <line num="19" count="0" type="stmt"/>
        <line num="20" count="0" type="stmt"/>
        <line num="21" count="0" type="stmt"/>
        <line num="22" count="4" type="stmt"/>
        <line num="23" count="4" type="stmt"/>
        <line num="24" count="0" type="stmt"/>
        <line num="25" count="0" type="stmt"/>
        <line num="26" count="0" type="stmt"/>
        <line num="27" count="0" type="stmt"/>
        <line num="28" count="0" type="stmt"/>
        <line num="29" count="0" type="stmt"/>
        <line num="30" count="0" type="stmt"/>
        <line num="31" count="0" type="stmt"/>
        <line num="32" count="0" type="stmt"/>
        <line num="33" count="0" type="stmt"/>
        <line num="34" count="4" type="stmt"/>
        <line num="35" count="4" type="stmt"/>
        <line num="36" count="0" type="stmt"/>
        <line num="37" count="0" type="stmt"/>
        <line num="38" count="0" type="stmt"/>
        <line num="39" count="0" type="stmt"/>
        <line num="40" count="0" type="stmt"/>
        <line num="41" count="0" type="stmt"/>
        <line num="42" count="0" type="stmt"/>
        <line num="43" count="4" type="stmt"/>
        <line num="44" count="4" type="stmt"/>
        <line num="45" count="0" type="stmt"/>
        <line num="46" count="0" type="stmt"/>
        <line num="47" count="0" type="stmt"/>
        <line num="48" count="0" type="stmt"/>
        <line num="49" count="0" type="stmt"/>
        <line num="50" count="0" type="stmt"/>
        <line num="51" count="0" type="stmt"/>
        <line num="52" count="0" type="stmt"/>
        <line num="53" count="0" type="stmt"/>
        <line num="54" count="0" type="stmt"/>
        <line num="55" count="4" type="stmt"/>
        <line num="56" count="4" type="stmt"/>
        <line num="57" count="0" type="stmt"/>
        <line num="58" count="0" type="stmt"/>
        <line num="59" count="0" type="stmt"/>
        <line num="60" count="4" type="stmt"/>
        <line num="61" count="4" type="stmt"/>
        <line num="62" count="0" type="stmt"/>
        <line num="63" count="0" type="stmt"/>
        <line num="64" count="0" type="stmt"/>
        <line num="65" count="0" type="stmt"/>
        <line num="66" count="0" type="stmt"/>
        <line num="67" count="4" type="stmt"/>
        <line num="68" count="4" type="cond" truecount="1" falsecount="0"/>
        <line num="69" count="4" type="stmt"/>
        <line num="70" count="4" type="stmt"/>
        <line num="71" count="4" type="stmt"/>
        <line num="72" count="4" type="stmt"/>
        <line num="73" count="0" type="stmt"/>
        <line num="74" count="0" type="stmt"/>
        <line num="75" count="0" type="stmt"/>
        <line num="76" count="0" type="stmt"/>
        <line num="77" count="0" type="stmt"/>
        <line num="78" count="0" type="stmt"/>
        <line num="79" count="0" type="stmt"/>
        <line num="80" count="0" type="stmt"/>
        <line num="81" count="0" type="stmt"/>
        <line num="82" count="0" type="stmt"/>
        <line num="83" count="0" type="stmt"/>
        <line num="84" count="0" type="stmt"/>
        <line num="85" count="4" type="stmt"/>
        <line num="86" count="4" type="stmt"/>
        <line num="87" count="4" type="stmt"/>
        <line num="88" count="0" type="stmt"/>
        <line num="89" count="0" type="stmt"/>
        <line num="90" count="0" type="stmt"/>
        <line num="91" count="0" type="stmt"/>
        <line num="92" count="0" type="stmt"/>
        <line num="93" count="0" type="stmt"/>
        <line num="94" count="0" type="stmt"/>
        <line num="95" count="0" type="stmt"/>
        <line num="96" count="0" type="stmt"/>
        <line num="97" count="0" type="stmt"/>
        <line num="98" count="0" type="stmt"/>
        <line num="99" count="0" type="stmt"/>
        <line num="100" count="0" type="stmt"/>
        <line num="101" count="0" type="stmt"/>
        <line num="102" count="0" type="stmt"/>
        <line num="103" count="0" type="stmt"/>
        <line num="104" count="0" type="stmt"/>
        <line num="105" count="4" type="stmt"/>
        <line num="106" count="4" type="stmt"/>
        <line num="107" count="1" type="stmt"/>
        <line num="108" count="1" type="stmt"/>
      </file>
      <file name="cellDOM.factory.js" path="C:\Users\Maxime\Desktop\Portfolio\Sudoku\factoriesDOM\cellDOM.factory.js">
        <metrics statements="104" coveredstatements="102" conditionals="18" coveredconditionals="14" methods="8" coveredmethods="8"/>
        <line num="1" count="1" type="stmt"/>
        <line num="2" count="1" type="stmt"/>
        <line num="3" count="1" type="cond" truecount="1" falsecount="0"/>
        <line num="4" count="223" type="stmt"/>
        <line num="5" count="223" type="stmt"/>
        <line num="6" count="223" type="cond" truecount="1" falsecount="0"/>
        <line num="7" count="4" type="stmt"/>
        <line num="8" count="4" type="stmt"/>
        <line num="9" count="4" type="stmt"/>
        <line num="10" count="4" type="cond" truecount="1" falsecount="0"/>
        <line num="11" count="4" type="stmt"/>
        <line num="12" count="4" type="stmt"/>
        <line num="13" count="4" type="stmt"/>
        <line num="14" count="4" type="cond" truecount="0" falsecount="1"/>
        <line num="15" count="4" type="stmt"/>
        <line num="16" count="4" type="stmt"/>
        <line num="17" count="4" type="stmt"/>
        <line num="18" count="223" type="stmt"/>
        <line num="19" count="223" type="cond" truecount="1" falsecount="0"/>
        <line num="20" count="4" type="stmt"/>
        <line num="21" count="4" type="stmt"/>
        <line num="22" count="4" type="stmt"/>
        <line num="23" count="4" type="stmt"/>
        <line num="24" count="4" type="stmt"/>
        <line num="25" count="4" type="stmt"/>
        <line num="26" count="4" type="cond" truecount="0" falsecount="1"/>
        <line num="27" count="4" type="stmt"/>
        <line num="28" count="4" type="stmt"/>
        <line num="29" count="4" type="stmt"/>
        <line num="30" count="223" type="stmt"/>
        <line num="31" count="223" type="cond" truecount="1" falsecount="0"/>
        <line num="32" count="1" type="stmt"/>
        <line num="33" count="1" type="stmt"/>
        <line num="34" count="1" type="stmt"/>
        <line num="35" count="1" type="cond" truecount="1" falsecount="0"/>
        <line num="36" count="1" type="stmt"/>
        <line num="37" count="1" type="stmt"/>
        <line num="38" count="1" type="stmt"/>
        <line num="39" count="1" type="stmt"/>
        <line num="40" count="1" type="stmt"/>
        <line num="41" count="1" type="stmt"/>
        <line num="42" count="1" type="stmt"/>
        <line num="43" count="1" type="stmt"/>
        <line num="44" count="1" type="stmt"/>
        <line num="45" count="1" type="stmt"/>
        <line num="46" count="223" type="stmt"/>
        <line num="47" count="223" type="cond" truecount="1" falsecount="0"/>
        <line num="48" count="3" type="stmt"/>
        <line num="49" count="3" type="stmt"/>
        <line num="50" count="3" type="stmt"/>
        <line num="51" count="3" type="stmt"/>
        <line num="52" count="3" type="stmt"/>
        <line num="53" count="3" type="cond" truecount="1" falsecount="0"/>
        <line num="54" count="3" type="stmt"/>
        <line num="55" count="1" type="cond" truecount="1" falsecount="0"/>
        <line num="56" count="1" type="stmt"/>
        <line num="57" count="1" type="stmt"/>
        <line num="58" count="1" type="cond" truecount="1" falsecount="0"/>
        <line num="59" count="1" type="stmt"/>
        <line num="60" count="1" type="stmt"/>
        <line num="61" count="1" type="stmt"/>
        <line num="62" count="1" type="stmt"/>
        <line num="63" count="1" type="stmt"/>
        <line num="64" count="1" type="cond" truecount="0" falsecount="1"/>
        <line num="65" count="1" type="stmt"/>
        <line num="66" count="1" type="stmt"/>
        <line num="67" count="1" type="cond" truecount="0" falsecount="1"/>
        <line num="68" count="0" type="stmt"/>
        <line num="69" count="0" type="stmt"/>
        <line num="70" count="1" type="stmt"/>
        <line num="71" count="1" type="stmt"/>
        <line num="72" count="223" type="stmt"/>
        <line num="73" count="223" type="stmt"/>
        <line num="74" count="223" type="cond" truecount="1" falsecount="0"/>
        <line num="75" count="208" type="stmt"/>
        <line num="76" count="208" type="stmt"/>
        <line num="77" count="208" type="stmt"/>
        <line num="78" count="208" type="stmt"/>
        <line num="79" count="208" type="stmt"/>
        <line num="80" count="208" type="stmt"/>
        <line num="81" count="208" type="stmt"/>
        <line num="82" count="208" type="stmt"/>
        <line num="83" count="208" type="stmt"/>
        <line num="84" count="208" type="stmt"/>
        <line num="85" count="223" type="stmt"/>
        <line num="86" count="223" type="cond" truecount="1" falsecount="0"/>
        <line num="87" count="208" type="stmt"/>
        <line num="88" count="208" type="stmt"/>
        <line num="89" count="3" type="cond" truecount="1" falsecount="0"/>
        <line num="90" count="3" type="stmt"/>
        <line num="91" count="208" type="stmt"/>
        <line num="92" count="208" type="stmt"/>
        <line num="93" count="208" type="stmt"/>
        <line num="94" count="223" type="stmt"/>
        <line num="95" count="223" type="cond" truecount="1" falsecount="0"/>
        <line num="96" count="208" type="stmt"/>
        <line num="97" count="208" type="stmt"/>
        <line num="98" count="208" type="stmt"/>
        <line num="99" count="208" type="stmt"/>
        <line num="100" count="208" type="stmt"/>
        <line num="101" count="223" type="stmt"/>
        <line num="102" count="223" type="stmt"/>
        <line num="103" count="1" type="stmt"/>
        <line num="104" count="1" type="stmt"/>
      </file>
      <file name="gridDOM.factory.js" path="C:\Users\Maxime\Desktop\Portfolio\Sudoku\factoriesDOM\gridDOM.factory.js">
        <metrics statements="25" coveredstatements="23" conditionals="3" coveredconditionals="3" methods="3" coveredmethods="2"/>
        <line num="1" count="1" type="stmt"/>
        <line num="2" count="1" type="stmt"/>
        <line num="3" count="1" type="cond" truecount="1" falsecount="0"/>
        <line num="4" count="3" type="stmt"/>
        <line num="5" count="3" type="stmt"/>
        <line num="6" count="3" type="stmt"/>
        <line num="7" count="0" type="stmt"/>
        <line num="8" count="0" type="stmt"/>
        <line num="9" count="3" type="cond" truecount="1" falsecount="0"/>
        <line num="10" count="2" type="stmt"/>
        <line num="11" count="2" type="stmt"/>
        <line num="12" count="2" type="stmt"/>
        <line num="13" count="2" type="stmt"/>
        <line num="14" count="2" type="stmt"/>
        <line num="15" count="2" type="stmt"/>
        <line num="16" count="2" type="stmt"/>
        <line num="17" count="18" type="cond" truecount="1" falsecount="0"/>
        <line num="18" count="18" type="stmt"/>
        <line num="19" count="18" type="stmt"/>
        <line num="20" count="2" type="stmt"/>
        <line num="21" count="2" type="stmt"/>
        <line num="22" count="3" type="stmt"/>
        <line num="23" count="3" type="stmt"/>
        <line num="24" count="1" type="stmt"/>
        <line num="25" count="1" type="stmt"/>
      </file>
      <file name="keyboardDOM.factory.js" path="C:\Users\Maxime\Desktop\Portfolio\Sudoku\factoriesDOM\keyboardDOM.factory.js">
        <metrics statements="124" coveredstatements="8" conditionals="0" coveredconditionals="0" methods="1" coveredmethods="0"/>
        <line num="1" count="1" type="stmt"/>
        <line num="2" count="1" type="stmt"/>
        <line num="3" count="1" type="stmt"/>
        <line num="4" count="1" type="stmt"/>
        <line num="5" count="1" type="stmt"/>
        <line num="6" count="1" type="stmt"/>
        <line num="7" count="0" type="stmt"/>
        <line num="8" count="0" type="stmt"/>
        <line num="9" count="0" type="stmt"/>
        <line num="10" count="0" type="stmt"/>
        <line num="11" count="0" type="stmt"/>
        <line num="12" count="0" type="stmt"/>
        <line num="13" count="0" type="stmt"/>
        <line num="14" count="0" type="stmt"/>
        <line num="15" count="0" type="stmt"/>
        <line num="16" count="0" type="stmt"/>
        <line num="17" count="0" type="stmt"/>
        <line num="18" count="0" type="stmt"/>
        <line num="19" count="0" type="stmt"/>
        <line num="20" count="0" type="stmt"/>
        <line num="21" count="0" type="stmt"/>
        <line num="22" count="0" type="stmt"/>
        <line num="23" count="0" type="stmt"/>
        <line num="24" count="0" type="stmt"/>
        <line num="25" count="0" type="stmt"/>
        <line num="26" count="0" type="stmt"/>
        <line num="27" count="0" type="stmt"/>
        <line num="28" count="0" type="stmt"/>
        <line num="29" count="0" type="stmt"/>
        <line num="30" count="0" type="stmt"/>
        <line num="31" count="0" type="stmt"/>
        <line num="32" count="0" type="stmt"/>
        <line num="33" count="0" type="stmt"/>
        <line num="34" count="0" type="stmt"/>
        <line num="35" count="0" type="stmt"/>
        <line num="36" count="0" type="stmt"/>
        <line num="37" count="0" type="stmt"/>
        <line num="38" count="0" type="stmt"/>
        <line num="39" count="0" type="stmt"/>
        <line num="40" count="0" type="stmt"/>
        <line num="41" count="0" type="stmt"/>
        <line num="42" count="0" type="stmt"/>
        <line num="43" count="0" type="stmt"/>
        <line num="44" count="0" type="stmt"/>
        <line num="45" count="0" type="stmt"/>
        <line num="46" count="0" type="stmt"/>
        <line num="47" count="0" type="stmt"/>
        <line num="48" count="0" type="stmt"/>
        <line num="49" count="0" type="stmt"/>
        <line num="50" count="0" type="stmt"/>
        <line num="51" count="0" type="stmt"/>
        <line num="52" count="0" type="stmt"/>
        <line num="53" count="0" type="stmt"/>
        <line num="54" count="0" type="stmt"/>
        <line num="55" count="0" type="stmt"/>
        <line num="56" count="0" type="stmt"/>
        <line num="57" count="0" type="stmt"/>
        <line num="58" count="0" type="stmt"/>
        <line num="59" count="0" type="stmt"/>
        <line num="60" count="0" type="stmt"/>
        <line num="61" count="0" type="stmt"/>
        <line num="62" count="0" type="stmt"/>
        <line num="63" count="0" type="stmt"/>
        <line num="64" count="0" type="stmt"/>
        <line num="65" count="0" type="stmt"/>
        <line num="66" count="0" type="stmt"/>
        <line num="67" count="0" type="stmt"/>
        <line num="68" count="0" type="stmt"/>
        <line num="69" count="0" type="stmt"/>
        <line num="70" count="0" type="stmt"/>
        <line num="71" count="0" type="stmt"/>
        <line num="72" count="0" type="stmt"/>
        <line num="73" count="0" type="stmt"/>
        <line num="74" count="0" type="stmt"/>
        <line num="75" count="0" type="stmt"/>
        <line num="76" count="0" type="stmt"/>
        <line num="77" count="0" type="stmt"/>
        <line num="78" count="0" type="stmt"/>
        <line num="79" count="0" type="stmt"/>
        <line num="80" count="0" type="stmt"/>
        <line num="81" count="0" type="stmt"/>
        <line num="82" count="0" type="stmt"/>
        <line num="83" count="0" type="stmt"/>
        <line num="84" count="0" type="stmt"/>
        <line num="85" count="0" type="stmt"/>
        <line num="86" count="0" type="stmt"/>
        <line num="87" count="0" type="stmt"/>
        <line num="88" count="0" type="stmt"/>
        <line num="89" count="0" type="stmt"/>
        <line num="90" count="0" type="stmt"/>
        <line num="91" count="0" type="stmt"/>
        <line num="92" count="0" type="stmt"/>
        <line num="93" count="0" type="stmt"/>
        <line num="94" count="0" type="stmt"/>
        <line num="95" count="0" type="stmt"/>
        <line num="96" count="0" type="stmt"/>
        <line num="97" count="0" type="stmt"/>
        <line num="98" count="0" type="stmt"/>
        <line num="99" count="0" type="stmt"/>
        <line num="100" count="0" type="stmt"/>
        <line num="101" count="0" type="stmt"/>
        <line num="102" count="0" type="stmt"/>
        <line num="103" count="0" type="stmt"/>
        <line num="104" count="0" type="stmt"/>
        <line num="105" count="0" type="stmt"/>
        <line num="106" count="0" type="stmt"/>
        <line num="107" count="0" type="stmt"/>
        <line num="108" count="0" type="stmt"/>
        <line num="109" count="0" type="stmt"/>
        <line num="110" count="0" type="stmt"/>
        <line num="111" count="0" type="stmt"/>
        <line num="112" count="0" type="stmt"/>
        <line num="113" count="0" type="stmt"/>
        <line num="114" count="0" type="stmt"/>
        <line num="115" count="0" type="stmt"/>
        <line num="116" count="0" type="stmt"/>
        <line num="117" count="0" type="stmt"/>
        <line num="118" count="0" type="stmt"/>
        <line num="119" count="0" type="stmt"/>
        <line num="120" count="0" type="stmt"/>
        <line num="121" count="0" type="stmt"/>
        <line num="122" count="0" type="stmt"/>
        <line num="123" count="1" type="stmt"/>
        <line num="124" count="1" type="stmt"/>
      </file>
      <file name="rowDOM.factory.js" path="C:\Users\Maxime\Desktop\Portfolio\Sudoku\factoriesDOM\rowDOM.factory.js">
        <metrics statements="31" coveredstatements="31" conditionals="6" coveredconditionals="6" methods="3" coveredmethods="3"/>
        <line num="1" count="1" type="stmt"/>
        <line num="2" count="1" type="stmt"/>
        <line num="3" count="1" type="cond" truecount="1" falsecount="0"/>
        <line num="4" count="7" type="cond" truecount="1" falsecount="0"/>
        <line num="5" count="22" type="stmt"/>
        <line num="6" count="22" type="stmt"/>
        <line num="7" count="22" type="stmt"/>
        <line num="8" count="22" type="stmt"/>
        <line num="9" count="198" type="cond" truecount="1" falsecount="0"/>
        <line num="10" count="198" type="stmt"/>
        <line num="11" count="198" type="stmt"/>
        <line num="12" count="198" type="stmt"/>
        <line num="13" count="198" type="stmt"/>
        <line num="14" count="198" type="stmt"/>
        <line num="15" count="198" type="stmt"/>
        <line num="16" count="198" type="stmt"/>
        <line num="17" count="22" type="stmt"/>
        <line num="18" count="22" type="stmt"/>
        <line num="19" count="22" type="stmt"/>
        <line num="20" count="7" type="stmt"/>
        <line num="21" count="7" type="cond" truecount="1" falsecount="0"/>
        <line num="22" count="198" type="cond" truecount="1" falsecount="0"/>
        <line num="23" count="7977" type="cond" truecount="1" falsecount="0"/>
        <line num="24" count="7977" type="stmt"/>
        <line num="25" count="198" type="stmt"/>
        <line num="26" count="198" type="stmt"/>
        <line num="27" count="7" type="stmt"/>
        <line num="28" count="7" type="stmt"/>
        <line num="29" count="7" type="stmt"/>
        <line num="30" count="1" type="stmt"/>
        <line num="31" count="1" type="stmt"/>
      </file>
      <file name="selectDOM.factory.js" path="C:\Users\Maxime\Desktop\Portfolio\Sudoku\factoriesDOM\selectDOM.factory.js">
        <metrics statements="139" coveredstatements="5" conditionals="0" coveredconditionals="0" methods="1" coveredmethods="0"/>
        <line num="1" count="1" type="stmt"/>
        <line num="2" count="1" type="stmt"/>
        <line num="3" count="1" type="stmt"/>
        <line num="4" count="0" type="stmt"/>
        <line num="5" count="0" type="stmt"/>
        <line num="6" count="0" type="stmt"/>
        <line num="7" count="0" type="stmt"/>
        <line num="8" count="0" type="stmt"/>
        <line num="9" count="0" type="stmt"/>
        <line num="10" count="0" type="stmt"/>
        <line num="11" count="0" type="stmt"/>
        <line num="12" count="0" type="stmt"/>
        <line num="13" count="0" type="stmt"/>
        <line num="14" count="0" type="stmt"/>
        <line num="15" count="0" type="stmt"/>
        <line num="16" count="0" type="stmt"/>
        <line num="17" count="0" type="stmt"/>
        <line num="18" count="0" type="stmt"/>
        <line num="19" count="0" type="stmt"/>
        <line num="20" count="0" type="stmt"/>
        <line num="21" count="0" type="stmt"/>
        <line num="22" count="0" type="stmt"/>
        <line num="23" count="0" type="stmt"/>
        <line num="24" count="0" type="stmt"/>
        <line num="25" count="0" type="stmt"/>
        <line num="26" count="0" type="stmt"/>
        <line num="27" count="0" type="stmt"/>
        <line num="28" count="0" type="stmt"/>
        <line num="29" count="0" type="stmt"/>
        <line num="30" count="0" type="stmt"/>
        <line num="31" count="0" type="stmt"/>
        <line num="32" count="0" type="stmt"/>
        <line num="33" count="0" type="stmt"/>
        <line num="34" count="0" type="stmt"/>
        <line num="35" count="0" type="stmt"/>
        <line num="36" count="0" type="stmt"/>
        <line num="37" count="0" type="stmt"/>
        <line num="38" count="0" type="stmt"/>
        <line num="39" count="0" type="stmt"/>
        <line num="40" count="0" type="stmt"/>
        <line num="41" count="0" type="stmt"/>
        <line num="42" count="0" type="stmt"/>
        <line num="43" count="0" type="stmt"/>
        <line num="44" count="0" type="stmt"/>
        <line num="45" count="0" type="stmt"/>
        <line num="46" count="0" type="stmt"/>
        <line num="47" count="0" type="stmt"/>
        <line num="48" count="0" type="stmt"/>
        <line num="49" count="0" type="stmt"/>
        <line num="50" count="0" type="stmt"/>
        <line num="51" count="0" type="stmt"/>
        <line num="52" count="0" type="stmt"/>
        <line num="53" count="0" type="stmt"/>
        <line num="54" count="0" type="stmt"/>
        <line num="55" count="0" type="stmt"/>
        <line num="56" count="0" type="stmt"/>
        <line num="57" count="0" type="stmt"/>
        <line num="58" count="0" type="stmt"/>
        <line num="59" count="0" type="stmt"/>
        <line num="60" count="0" type="stmt"/>
        <line num="61" count="0" type="stmt"/>
        <line num="62" count="0" type="stmt"/>
        <line num="63" count="0" type="stmt"/>
        <line num="64" count="0" type="stmt"/>
        <line num="65" count="0" type="stmt"/>
        <line num="66" count="0" type="stmt"/>
        <line num="67" count="0" type="stmt"/>
        <line num="68" count="0" type="stmt"/>
        <line num="69" count="0" type="stmt"/>
        <line num="70" count="0" type="stmt"/>
        <line num="71" count="0" type="stmt"/>
        <line num="72" count="0" type="stmt"/>
        <line num="73" count="0" type="stmt"/>
        <line num="74" count="0" type="stmt"/>
        <line num="75" count="0" type="stmt"/>
        <line num="76" count="0" type="stmt"/>
        <line num="77" count="0" type="stmt"/>
        <line num="78" count="0" type="stmt"/>
        <line num="79" count="0" type="stmt"/>
        <line num="80" count="0" type="stmt"/>
        <line num="81" count="0" type="stmt"/>
        <line num="82" count="0" type="stmt"/>
        <line num="83" count="0" type="stmt"/>
        <line num="84" count="0" type="stmt"/>
        <line num="85" count="0" type="stmt"/>
        <line num="86" count="0" type="stmt"/>
        <line num="87" count="0" type="stmt"/>
        <line num="88" count="0" type="stmt"/>
        <line num="89" count="0" type="stmt"/>
        <line num="90" count="0" type="stmt"/>
        <line num="91" count="0" type="stmt"/>
        <line num="92" count="0" type="stmt"/>
        <line num="93" count="0" type="stmt"/>
        <line num="94" count="0" type="stmt"/>
        <line num="95" count="0" type="stmt"/>
        <line num="96" count="0" type="stmt"/>
        <line num="97" count="0" type="stmt"/>
        <line num="98" count="0" type="stmt"/>
        <line num="99" count="0" type="stmt"/>
        <line num="100" count="0" type="stmt"/>
        <line num="101" count="0" type="stmt"/>
        <line num="102" count="0" type="stmt"/>
        <line num="103" count="0" type="stmt"/>
        <line num="104" count="0" type="stmt"/>
        <line num="105" count="0" type="stmt"/>
        <line num="106" count="0" type="stmt"/>
        <line num="107" count="0" type="stmt"/>
        <line num="108" count="0" type="stmt"/>
        <line num="109" count="0" type="stmt"/>
        <line num="110" count="0" type="stmt"/>
        <line num="111" count="0" type="stmt"/>
        <line num="112" count="0" type="stmt"/>
        <line num="113" count="0" type="stmt"/>
        <line num="114" count="0" type="stmt"/>
        <line num="115" count="0" type="stmt"/>
        <line num="116" count="0" type="stmt"/>
        <line num="117" count="0" type="stmt"/>
        <line num="118" count="0" type="stmt"/>
        <line num="119" count="0" type="stmt"/>
        <line num="120" count="0" type="stmt"/>
        <line num="121" count="0" type="stmt"/>
        <line num="122" count="0" type="stmt"/>
        <line num="123" count="0" type="stmt"/>
        <line num="124" count="0" type="stmt"/>
        <line num="125" count="0" type="stmt"/>
        <line num="126" count="0" type="stmt"/>
        <line num="127" count="0" type="stmt"/>
        <line num="128" count="0" type="stmt"/>
        <line num="129" count="0" type="stmt"/>
        <line num="130" count="0" type="stmt"/>
        <line num="131" count="0" type="stmt"/>
        <line num="132" count="0" type="stmt"/>
        <line num="133" count="0" type="stmt"/>
        <line num="134" count="0" type="stmt"/>
        <line num="135" count="0" type="stmt"/>
        <line num="136" count="0" type="stmt"/>
        <line num="137" count="0" type="stmt"/>
        <line num="138" count="1" type="stmt"/>
        <line num="139" count="1" type="stmt"/>
      </file>
    </package>
    <package name="store">
      <metrics statements="63" coveredstatements="59" conditionals="12" coveredconditionals="8" methods="9" coveredmethods="7"/>
      <file name="game.store.js" path="C:\Users\Maxime\Desktop\Portfolio\Sudoku\store\game.store.js">
        <metrics statements="36" coveredstatements="34" conditionals="7" coveredconditionals="5" methods="5" coveredmethods="4"/>
        <line num="1" count="1" type="stmt"/>
        <line num="2" count="30" type="cond" truecount="2" falsecount="0"/>
        <line num="3" count="2" type="stmt"/>
        <line num="4" count="2" type="stmt"/>
        <line num="5" count="2" type="cond" truecount="0" falsecount="1"/>
        <line num="6" count="2" type="stmt"/>
        <line num="7" count="2" type="stmt"/>
        <line num="8" count="2" type="stmt"/>
        <line num="9" count="2" type="stmt"/>
        <line num="10" count="2" type="cond" truecount="0" falsecount="1"/>
        <line num="11" count="2" type="stmt"/>
        <line num="12" count="2" type="stmt"/>
        <line num="13" count="2" type="stmt"/>
        <line num="14" count="30" type="stmt"/>
        <line num="15" count="30" type="cond" truecount="1" falsecount="0"/>
        <line num="16" count="4" type="stmt"/>
        <line num="17" count="4" type="stmt"/>
        <line num="18" count="4" type="cond" truecount="1" falsecount="0"/>
        <line num="19" count="2" type="stmt"/>
        <line num="20" count="2" type="stmt"/>
        <line num="21" count="2" type="stmt"/>
        <line num="22" count="2" type="stmt"/>
        <line num="23" count="30" type="stmt"/>
        <line num="24" count="30" type="cond" truecount="1" falsecount="0"/>
        <line num="25" count="9" type="stmt"/>
        <line num="26" count="9" type="stmt"/>
        <line num="27" count="9" type="stmt"/>
        <line num="28" count="30" type="stmt"/>
        <line num="29" count="30" type="stmt"/>
        <line num="30" count="0" type="stmt"/>
        <line num="31" count="0" type="stmt"/>
        <line num="32" count="30" type="stmt"/>
        <line num="33" count="30" type="stmt"/>
        <line num="34" count="30" type="stmt"/>
        <line num="35" count="1" type="stmt"/>
        <line num="36" count="1" type="stmt"/>
      </file>
      <file name="solution.store.js" path="C:\Users\Maxime\Desktop\Portfolio\Sudoku\store\solution.store.js">
        <metrics statements="27" coveredstatements="25" conditionals="5" coveredconditionals="3" methods="4" coveredmethods="3"/>
        <line num="1" count="1" type="stmt"/>
        <line num="2" count="30" type="cond" truecount="2" falsecount="0"/>
        <line num="3" count="2" type="stmt"/>
        <line num="4" count="2" type="stmt"/>
        <line num="5" count="2" type="cond" truecount="0" falsecount="1"/>
        <line num="6" count="2" type="stmt"/>
        <line num="7" count="2" type="stmt"/>
        <line num="8" count="2" type="stmt"/>
        <line num="9" count="2" type="stmt"/>
        <line num="10" count="2" type="cond" truecount="0" falsecount="1"/>
        <line num="11" count="2" type="stmt"/>
        <line num="12" count="2" type="stmt"/>
        <line num="13" count="2" type="stmt"/>
        <line num="14" count="30" type="stmt"/>
        <line num="15" count="30" type="cond" truecount="1" falsecount="0"/>
        <line num="16" count="9" type="stmt"/>
        <line num="17" count="9" type="stmt"/>
        <line num="18" count="9" type="stmt"/>
        <line num="19" count="30" type="stmt"/>
        <line num="20" count="30" type="stmt"/>
        <line num="21" count="0" type="stmt"/>
        <line num="22" count="0" type="stmt"/>
        <line num="23" count="30" type="stmt"/>
        <line num="24" count="30" type="stmt"/>
        <line num="25" count="30" type="stmt"/>
        <line num="26" count="1" type="stmt"/>
        <line num="27" count="1" type="stmt"/>
      </file>
    </package>
    <package name="utility">
      <metrics statements="51" coveredstatements="47" conditionals="6" coveredconditionals="6" methods="13" coveredmethods="4"/>
      <file name="helpers.js" path="C:\Users\Maxime\Desktop\Portfolio\Sudoku\utility\helpers.js">
        <metrics statements="11" coveredstatements="11" conditionals="4" coveredconditionals="4" methods="2" coveredmethods="2"/>
        <line num="1" count="1" type="stmt"/>
        <line num="2" count="363205" type="cond" truecount="2" falsecount="0"/>
        <line num="3" count="14257402" type="cond" truecount="1" falsecount="0"/>
        <line num="4" count="14257402" type="stmt"/>
        <line num="5" count="363205" type="stmt"/>
        <line num="6" count="1" type="stmt"/>
        <line num="7" count="1" type="cond" truecount="1" falsecount="0"/>
        <line num="8" count="837408" type="stmt"/>
        <line num="9" count="837408" type="stmt"/>
        <line num="10" count="1" type="stmt"/>
        <line num="11" count="1" type="stmt"/>
      </file>
      <file name="nodeSelectors.js" path="C:\Users\Maxime\Desktop\Portfolio\Sudoku\utility\nodeSelectors.js">
        <metrics statements="40" coveredstatements="36" conditionals="2" coveredconditionals="2" methods="11" coveredmethods="2"/>
        <line num="1" count="1" type="stmt"/>
        <line num="2" count="227" type="cond" truecount="1" falsecount="0"/>
        <line num="3" count="227" type="stmt"/>
        <line num="4" count="227" type="stmt"/>
        <line num="5" count="227" type="stmt"/>
        <line num="6" count="227" type="stmt"/>
        <line num="7" count="227" type="stmt"/>
        <line num="8" count="227" type="stmt"/>
        <line num="9" count="0" type="stmt"/>
        <line num="10" count="227" type="stmt"/>
        <line num="11" count="227" type="stmt"/>
        <line num="12" count="227" type="stmt"/>
        <line num="13" count="227" type="stmt"/>
        <line num="14" count="0" type="stmt"/>
        <line num="15" count="227" type="stmt"/>
        <line num="16" count="227" type="stmt"/>
        <line num="17" count="0" type="stmt"/>
        <line num="18" count="227" type="stmt"/>
        <line num="19" count="227" type="stmt"/>
        <line num="20" count="227" type="stmt"/>
        <line num="21" count="227" type="cond" truecount="1" falsecount="0"/>
        <line num="22" count="227" type="stmt"/>
        <line num="23" count="227" type="stmt"/>
        <line num="24" count="0" type="stmt"/>
        <line num="25" count="227" type="stmt"/>
        <line num="26" count="227" type="stmt"/>
        <line num="27" count="227" type="stmt"/>
        <line num="28" count="227" type="stmt"/>
        <line num="29" count="227" type="stmt"/>
        <line num="30" count="227" type="stmt"/>
        <line num="31" count="227" type="stmt"/>
        <line num="32" count="227" type="stmt"/>
        <line num="33" count="227" type="stmt"/>
        <line num="34" count="227" type="stmt"/>
        <line num="35" count="227" type="stmt"/>
        <line num="36" count="227" type="stmt"/>
        <line num="37" count="227" type="stmt"/>
        <line num="38" count="227" type="stmt"/>
        <line num="39" count="1" type="stmt"/>
        <line num="40" count="1" type="stmt"/>
      </file>
    </package>
  </project>
</coverage>
