<?xml version="1.0" encoding="UTF-8"?>
<coverage generated="1669382302019" clover="3.2.0">
  <project timestamp="1669382302019" name="All files">
    <metrics statements="1090" coveredstatements="998" conditionals="179" coveredconditionals="171" methods="101" coveredmethods="82" elements="1370" coveredelements="1251" complexity="0" loc="1090" ncloc="1090" packages="4" files="13" classes="13"/>
    <package name="factories">
      <metrics statements="444" coveredstatements="430" conditionals="88" coveredconditionals="88" methods="31" coveredmethods="30"/>
      <file name="check.factory.js" path="C:\Users\Maxime\Desktop\Portfolio\Sudoku\factories\check.factory.js">
        <metrics statements="92" coveredstatements="92" conditionals="23" coveredconditionals="23" methods="8" coveredmethods="8"/>
        <line num="1" count="1" type="stmt"/>
        <line num="2" count="1023582" type="cond" truecount="2" falsecount="0"/>
        <line num="3" count="1023566" type="cond" truecount="1" falsecount="0"/>
        <line num="4" count="1023566" type="stmt"/>
        <line num="5" count="1023566" type="stmt"/>
        <line num="6" count="1023566" type="stmt"/>
        <line num="7" count="1023566" type="stmt"/>
        <line num="8" count="1023566" type="stmt"/>
        <line num="9" count="1023566" type="stmt"/>
        <line num="10" count="1023566" type="stmt"/>
        <line num="11" count="1023582" type="stmt"/>
        <line num="12" count="1023582" type="cond" truecount="1" falsecount="0"/>
        <line num="13" count="406742" type="cond" truecount="1" falsecount="0"/>
        <line num="14" count="406742" type="stmt"/>
        <line num="15" count="406742" type="stmt"/>
        <line num="16" count="406742" type="stmt"/>
        <line num="17" count="406742" type="stmt"/>
        <line num="18" count="406742" type="stmt"/>
        <line num="19" count="406742" type="stmt"/>
        <line num="20" count="1023582" type="stmt"/>
        <line num="21" count="1023582" type="cond" truecount="1" falsecount="0"/>
        <line num="22" count="306429" type="stmt"/>
        <line num="23" count="306429" type="stmt"/>
        <line num="24" count="306429" type="cond" truecount="1" falsecount="0"/>
        <line num="25" count="24820749" type="cond" truecount="1" falsecount="0"/>
        <line num="26" count="212355297" type="cond" truecount="1" falsecount="0"/>
        <line num="27" count="212355297" type="stmt"/>
        <line num="28" count="24820749" type="stmt"/>
        <line num="29" count="24820749" type="stmt"/>
        <line num="30" count="306429" type="stmt"/>
        <line num="31" count="306429" type="stmt"/>
        <line num="32" count="306429" type="stmt"/>
        <line num="33" count="306429" type="stmt"/>
        <line num="34" count="306429" type="stmt"/>
        <line num="35" count="306429" type="stmt"/>
        <line num="36" count="306429" type="stmt"/>
        <line num="37" count="1023582" type="stmt"/>
        <line num="38" count="1023582" type="cond" truecount="1" falsecount="0"/>
        <line num="39" count="1736737" type="cond" truecount="1" falsecount="0"/>
        <line num="40" count="15630633" type="stmt"/>
        <line num="41" count="15630633" type="stmt"/>
        <line num="42" count="1736737" type="stmt"/>
        <line num="43" count="1023582" type="stmt"/>
        <line num="44" count="1023582" type="cond" truecount="1" falsecount="0"/>
        <line num="45" count="1736737" type="stmt"/>
        <line num="46" count="1736737" type="stmt"/>
        <line num="47" count="13359623" type="cond" truecount="2" falsecount="0"/>
        <line num="48" count="120236607" type="stmt"/>
        <line num="49" count="120236607" type="stmt"/>
        <line num="50" count="13359623" type="stmt"/>
        <line num="51" count="13359623" type="stmt"/>
        <line num="52" count="801666" type="cond" truecount="1" falsecount="0"/>
        <line num="53" count="801666" type="stmt"/>
        <line num="54" count="801666" type="stmt"/>
        <line num="55" count="13359623" type="stmt"/>
        <line num="56" count="13359623" type="stmt"/>
        <line num="57" count="13359623" type="stmt"/>
        <line num="58" count="1023582" type="stmt"/>
        <line num="59" count="1023582" type="cond" truecount="1" falsecount="0"/>
        <line num="60" count="306431" type="stmt"/>
        <line num="61" count="306431" type="stmt"/>
        <line num="62" count="306431" type="stmt"/>
        <line num="63" count="306431" type="stmt"/>
        <line num="64" count="306431" type="stmt"/>
        <line num="65" count="306431" type="stmt"/>
        <line num="66" count="919293" type="cond" truecount="1" falsecount="0"/>
        <line num="67" count="2757879" type="cond" truecount="1" falsecount="0"/>
        <line num="68" count="2757879" type="stmt"/>
        <line num="69" count="919293" type="stmt"/>
        <line num="70" count="306431" type="stmt"/>
        <line num="71" count="306431" type="stmt"/>
        <line num="72" count="306431" type="stmt"/>
        <line num="73" count="1023582" type="stmt"/>
        <line num="74" count="1023582" type="stmt"/>
        <line num="75" count="1023582" type="cond" truecount="1" falsecount="0"/>
        <line num="76" count="1023564" type="stmt"/>
        <line num="77" count="1023564" type="cond" truecount="2" falsecount="0"/>
        <line num="78" count="1023564" type="cond" truecount="2" falsecount="0"/>
        <line num="79" count="1023564" type="stmt"/>
        <line num="80" count="1023564" type="stmt"/>
        <line num="81" count="1023564" type="stmt"/>
        <line num="82" count="1023582" type="stmt"/>
        <line num="83" count="1023582" type="stmt"/>
        <line num="84" count="1023582" type="stmt"/>
        <line num="85" count="1023582" type="stmt"/>
        <line num="86" count="1023582" type="stmt"/>
        <line num="87" count="1023582" type="stmt"/>
        <line num="88" count="1023582" type="stmt"/>
        <line num="89" count="1023582" type="stmt"/>
        <line num="90" count="1023582" type="stmt"/>
        <line num="91" count="1" type="stmt"/>
        <line num="92" count="1" type="stmt"/>
      </file>
      <file name="datas.factory.js" path="C:\Users\Maxime\Desktop\Portfolio\Sudoku\factories\datas.factory.js">
        <metrics statements="189" coveredstatements="189" conditionals="41" coveredconditionals="41" methods="13" coveredmethods="13"/>
        <line num="1" count="1" type="stmt"/>
        <line num="2" count="1" type="stmt"/>
        <line num="3" count="1" type="stmt"/>
        <line num="4" count="1" type="cond" truecount="1" falsecount="0"/>
        <line num="5" count="27" type="cond" truecount="1" falsecount="0"/>
        <line num="6" count="626940" type="stmt"/>
        <line num="7" count="626940" type="stmt"/>
        <line num="8" count="27" type="stmt"/>
        <line num="9" count="27" type="cond" truecount="1" falsecount="0"/>
        <line num="10" count="1023562" type="stmt"/>
        <line num="11" count="1023562" type="stmt"/>
        <line num="12" count="27" type="stmt"/>
        <line num="13" count="27" type="cond" truecount="1" falsecount="0"/>
        <line num="14" count="221981" type="stmt"/>
        <line num="15" count="221981" type="stmt"/>
        <line num="16" count="221981" type="stmt"/>
        <line num="17" count="221981" type="stmt"/>
        <line num="18" count="221981" type="stmt"/>
        <line num="19" count="221981" type="stmt"/>
        <line num="20" count="18437" type="cond" truecount="1" falsecount="0"/>
        <line num="21" count="18437" type="stmt"/>
        <line num="22" count="18437" type="stmt"/>
        <line num="23" count="221981" type="stmt"/>
        <line num="24" count="221981" type="stmt"/>
        <line num="25" count="27" type="stmt"/>
        <line num="26" count="27" type="cond" truecount="1" falsecount="0"/>
        <line num="27" count="8" type="stmt"/>
        <line num="28" count="8" type="stmt"/>
        <line num="29" count="8" type="stmt"/>
        <line num="30" count="8" type="stmt"/>
        <line num="31" count="219" type="cond" truecount="1" falsecount="0"/>
        <line num="32" count="219" type="stmt"/>
        <line num="33" count="219" type="stmt"/>
        <line num="34" count="219" type="cond" truecount="1" falsecount="0"/>
        <line num="35" count="2404" type="cond" truecount="1" falsecount="0"/>
        <line num="36" count="2404" type="stmt"/>
        <line num="37" count="219" type="stmt"/>
        <line num="38" count="219" type="stmt"/>
        <line num="39" count="188" type="cond" truecount="1" falsecount="0"/>
        <line num="40" count="188" type="stmt"/>
        <line num="41" count="219" type="stmt"/>
        <line num="42" count="8" type="stmt"/>
        <line num="43" count="8" type="stmt"/>
        <line num="44" count="27" type="stmt"/>
        <line num="45" count="27" type="cond" truecount="1" falsecount="0"/>
        <line num="46" count="648" type="stmt"/>
        <line num="47" count="648" type="stmt"/>
        <line num="48" count="648" type="stmt"/>
        <line num="49" count="648" type="stmt"/>
        <line num="50" count="27" type="stmt"/>
        <line num="51" count="27" type="stmt"/>
        <line num="52" count="27" type="stmt"/>
        <line num="53" count="27" type="stmt"/>
        <line num="54" count="27" type="cond" truecount="1" falsecount="0"/>
        <line num="55" count="11" type="stmt"/>
        <line num="56" count="11" type="stmt"/>
        <line num="57" count="27" type="stmt"/>
        <line num="58" count="27" type="cond" truecount="1" falsecount="0"/>
        <line num="59" count="10" type="stmt"/>
        <line num="60" count="10" type="stmt"/>
        <line num="61" count="10" type="stmt"/>
        <line num="62" count="7734" type="cond" truecount="1" falsecount="0"/>
        <line num="63" count="7734" type="stmt"/>
        <line num="64" count="7734" type="stmt"/>
        <line num="65" count="10" type="stmt"/>
        <line num="66" count="27" type="stmt"/>
        <line num="67" count="27" type="cond" truecount="1" falsecount="0"/>
        <line num="68" count="7740" type="stmt"/>
        <line num="69" count="7740" type="stmt"/>
        <line num="70" count="69660" type="cond" truecount="1" falsecount="0"/>
        <line num="71" count="626940" type="cond" truecount="1" falsecount="0"/>
        <line num="72" count="626940" type="stmt"/>
        <line num="73" count="69660" type="stmt"/>
        <line num="74" count="7740" type="stmt"/>
        <line num="75" count="7740" type="stmt"/>
        <line num="76" count="27" type="stmt"/>
        <line num="77" count="27" type="cond" truecount="1" falsecount="0"/>
        <line num="78" count="7735" type="stmt"/>
        <line num="79" count="7735" type="stmt"/>
        <line num="80" count="7735" type="stmt"/>
        <line num="81" count="7735" type="stmt"/>
        <line num="82" count="7735" type="stmt"/>
        <line num="83" count="7735" type="cond" truecount="1" falsecount="0"/>
        <line num="84" count="229622" type="cond" truecount="1" falsecount="0"/>
        <line num="85" count="229622" type="stmt"/>
        <line num="86" count="229622" type="stmt"/>
        <line num="87" count="229622" type="stmt"/>
        <line num="88" count="229622" type="stmt"/>
        <line num="89" count="229622" type="stmt"/>
        <line num="90" count="229622" type="stmt"/>
        <line num="91" count="229622" type="stmt"/>
        <line num="92" count="7725" type="cond" truecount="1" falsecount="0"/>
        <line num="93" count="7725" type="stmt"/>
        <line num="94" count="229622" type="stmt"/>
        <line num="95" count="221897" type="cond" truecount="1" falsecount="0"/>
        <line num="96" count="221897" type="stmt"/>
        <line num="97" count="221897" type="stmt"/>
        <line num="98" count="221897" type="stmt"/>
        <line num="99" count="221897" type="stmt"/>
        <line num="100" count="221897" type="stmt"/>
        <line num="101" count="221897" type="stmt"/>
        <line num="102" count="7735" type="stmt"/>
        <line num="103" count="7735" type="stmt"/>
        <line num="104" count="7735" type="stmt"/>
        <line num="105" count="7735" type="stmt"/>
        <line num="106" count="27" type="stmt"/>
        <line num="107" count="27" type="cond" truecount="1" falsecount="0"/>
        <line num="108" count="221900" type="stmt"/>
        <line num="109" count="221900" type="stmt"/>
        <line num="110" count="221900" type="stmt"/>
        <line num="111" count="221900" type="cond" truecount="1" falsecount="0"/>
        <line num="112" count="221981" type="cond" truecount="1" falsecount="0"/>
        <line num="113" count="221981" type="stmt"/>
        <line num="114" count="221981" type="stmt"/>
        <line num="115" count="221981" type="stmt"/>
        <line num="116" count="221981" type="cond" truecount="2" falsecount="0"/>
        <line num="117" count="221970" type="stmt"/>
        <line num="118" count="221970" type="stmt"/>
        <line num="119" count="221970" type="stmt"/>
        <line num="120" count="221970" type="stmt"/>
        <line num="121" count="221981" type="cond" truecount="1" falsecount="0"/>
        <line num="122" count="81" type="cond" truecount="1" falsecount="0"/>
        <line num="123" count="221981" type="stmt"/>
        <line num="124" count="221900" type="stmt"/>
        <line num="125" count="11" type="cond" truecount="1" falsecount="0"/>
        <line num="126" count="221900" type="stmt"/>
        <line num="127" count="27" type="stmt"/>
        <line num="128" count="27" type="cond" truecount="1" falsecount="0"/>
        <line num="129" count="229626" type="stmt"/>
        <line num="130" count="229626" type="stmt"/>
        <line num="131" count="229626" type="stmt"/>
        <line num="132" count="229626" type="stmt"/>
        <line num="133" count="229626" type="stmt"/>
        <line num="134" count="229626" type="cond" truecount="1" falsecount="0"/>
        <line num="135" count="229625" type="stmt"/>
        <line num="136" count="229625" type="stmt"/>
        <line num="137" count="229626" type="stmt"/>
        <line num="138" count="229626" type="stmt"/>
        <line num="139" count="229626" type="stmt"/>
        <line num="140" count="229626" type="cond" truecount="1" falsecount="0"/>
        <line num="141" count="1023562" type="cond" truecount="1" falsecount="0"/>
        <line num="142" count="1023562" type="stmt"/>
        <line num="143" count="1023562" type="stmt"/>
        <line num="144" count="1023562" type="stmt"/>
        <line num="145" count="1023562" type="stmt"/>
        <line num="146" count="1023562" type="stmt"/>
        <line num="147" count="1023562" type="stmt"/>
        <line num="148" count="1023562" type="stmt"/>
        <line num="149" count="1023562" type="stmt"/>
        <line num="150" count="1023562" type="stmt"/>
        <line num="151" count="1023562" type="stmt"/>
        <line num="152" count="1023562" type="stmt"/>
        <line num="153" count="221900" type="cond" truecount="1" falsecount="0"/>
        <line num="154" count="1023562" type="cond" truecount="1" falsecount="0"/>
        <line num="155" count="801662" type="stmt"/>
        <line num="156" count="801662" type="stmt"/>
        <line num="157" count="1023562" type="stmt"/>
        <line num="158" count="229626" type="stmt"/>
        <line num="159" count="229626" type="stmt"/>
        <line num="160" count="229626" type="stmt"/>
        <line num="161" count="229626" type="stmt"/>
        <line num="162" count="27" type="stmt"/>
        <line num="163" count="27" type="cond" truecount="1" falsecount="0"/>
        <line num="164" count="8" type="stmt"/>
        <line num="165" count="8" type="stmt"/>
        <line num="166" count="8" type="stmt"/>
        <line num="167" count="8" type="stmt"/>
        <line num="168" count="8" type="stmt"/>
        <line num="169" count="8" type="stmt"/>
        <line num="170" count="8" type="stmt"/>
        <line num="171" count="8" type="stmt"/>
        <line num="172" count="8" type="stmt"/>
        <line num="173" count="8" type="cond" truecount="1" falsecount="0"/>
        <line num="174" count="188" type="stmt"/>
        <line num="175" count="188" type="stmt"/>
        <line num="176" count="8" type="stmt"/>
        <line num="177" count="8" type="cond" truecount="1" falsecount="0"/>
        <line num="178" count="648" type="stmt"/>
        <line num="179" count="648" type="stmt"/>
        <line num="180" count="648" type="cond" truecount="1" falsecount="0"/>
        <line num="181" count="460" type="cond" truecount="1" falsecount="0"/>
        <line num="182" count="648" type="stmt"/>
        <line num="183" count="8" type="stmt"/>
        <line num="184" count="8" type="stmt"/>
        <line num="185" count="8" type="stmt"/>
        <line num="186" count="27" type="stmt"/>
        <line num="187" count="27" type="stmt"/>
        <line num="188" count="1" type="stmt"/>
        <line num="189" count="1" type="stmt"/>
      </file>
      <file name="gameManager.js" path="C:\Users\Maxime\Desktop\Portfolio\Sudoku\factories\gameManager.js">
        <metrics statements="163" coveredstatements="149" conditionals="24" coveredconditionals="24" methods="10" coveredmethods="9"/>
        <line num="1" count="1" type="stmt"/>
        <line num="2" count="1" type="stmt"/>
        <line num="3" count="1" type="stmt"/>
        <line num="4" count="1" type="stmt"/>
        <line num="5" count="1" type="stmt"/>
        <line num="6" count="1" type="stmt"/>
        <line num="7" count="1" type="cond" truecount="1" falsecount="0"/>
        <line num="8" count="42" type="stmt"/>
        <line num="9" count="42" type="stmt"/>
        <line num="10" count="42" type="stmt"/>
        <line num="11" count="42" type="cond" truecount="1" falsecount="0"/>
        <line num="12" count="2" type="stmt"/>
        <line num="13" count="2" type="stmt"/>
        <line num="14" count="2" type="stmt"/>
        <line num="15" count="2" type="cond" truecount="1" falsecount="0"/>
        <line num="16" count="201" type="cond" truecount="1" falsecount="0"/>
        <line num="17" count="201" type="stmt"/>
        <line num="18" count="201" type="stmt"/>
        <line num="19" count="201" type="stmt"/>
        <line num="20" count="201" type="stmt"/>
        <line num="21" count="201" type="stmt"/>
        <line num="22" count="201" type="stmt"/>
        <line num="23" count="201" type="stmt"/>
        <line num="24" count="201" type="cond" truecount="1" falsecount="0"/>
        <line num="25" count="201" type="stmt"/>
        <line num="26" count="2" type="stmt"/>
        <line num="27" count="2" type="stmt"/>
        <line num="28" count="2" type="stmt"/>
        <line num="29" count="42" type="stmt"/>
        <line num="30" count="42" type="stmt"/>
        <line num="31" count="42" type="stmt"/>
        <line num="32" count="42" type="stmt"/>
        <line num="33" count="42" type="stmt"/>
        <line num="34" count="42" type="stmt"/>
        <line num="35" count="42" type="stmt"/>
        <line num="36" count="42" type="cond" truecount="1" falsecount="0"/>
        <line num="37" count="5" type="stmt"/>
        <line num="38" count="5" type="stmt"/>
        <line num="39" count="5" type="stmt"/>
        <line num="40" count="5" type="stmt"/>
        <line num="41" count="5" type="stmt"/>
        <line num="42" count="5" type="stmt"/>
        <line num="43" count="5" type="stmt"/>
        <line num="44" count="5" type="stmt"/>
        <line num="45" count="5" type="stmt"/>
        <line num="46" count="5" type="stmt"/>
        <line num="47" count="5" type="stmt"/>
        <line num="48" count="5" type="stmt"/>
        <line num="49" count="42" type="stmt"/>
        <line num="50" count="42" type="cond" truecount="1" falsecount="0"/>
        <line num="51" count="4" type="stmt"/>
        <line num="52" count="4" type="cond" truecount="1" falsecount="0"/>
        <line num="53" count="2" type="stmt"/>
        <line num="54" count="2" type="stmt"/>
        <line num="55" count="2" type="stmt"/>
        <line num="56" count="2" type="stmt"/>
        <line num="57" count="2" type="stmt"/>
        <line num="58" count="4" type="stmt"/>
        <line num="59" count="42" type="stmt"/>
        <line num="60" count="42" type="cond" truecount="1" falsecount="0"/>
        <line num="61" count="10" type="stmt"/>
        <line num="62" count="10" type="stmt"/>
        <line num="63" count="10" type="stmt"/>
        <line num="64" count="10" type="stmt"/>
        <line num="65" count="10" type="stmt"/>
        <line num="66" count="42" type="stmt"/>
        <line num="67" count="42" type="cond" truecount="1" falsecount="0"/>
        <line num="68" count="8" type="stmt"/>
        <line num="69" count="8" type="cond" truecount="1" falsecount="0"/>
        <line num="70" count="5" type="stmt"/>
        <line num="71" count="5" type="stmt"/>
        <line num="72" count="5" type="stmt"/>
        <line num="73" count="5" type="stmt"/>
        <line num="74" count="8" type="stmt"/>
        <line num="75" count="8" type="cond" truecount="1" falsecount="0"/>
        <line num="76" count="8" type="stmt"/>
        <line num="77" count="8" type="stmt"/>
        <line num="78" count="8" type="stmt"/>
        <line num="79" count="42" type="stmt"/>
        <line num="80" count="42" type="cond" truecount="1" falsecount="0"/>
        <line num="81" count="4" type="stmt"/>
        <line num="82" count="4" type="stmt"/>
        <line num="83" count="4" type="stmt"/>
        <line num="84" count="4" type="stmt"/>
        <line num="85" count="4" type="cond" truecount="1" falsecount="0"/>
        <line num="86" count="243" type="stmt"/>
        <line num="87" count="243" type="cond" truecount="1" falsecount="0"/>
        <line num="88" count="243" type="cond" truecount="1" falsecount="0"/>
        <line num="89" count="3" type="stmt"/>
        <line num="90" count="243" type="stmt"/>
        <line num="91" count="243" type="cond" truecount="1" falsecount="0"/>
        <line num="92" count="243" type="stmt"/>
        <line num="93" count="3" type="cond" truecount="1" falsecount="0"/>
        <line num="94" count="3" type="stmt"/>
        <line num="95" count="3" type="stmt"/>
        <line num="96" count="3" type="stmt"/>
        <line num="97" count="3" type="stmt"/>
        <line num="98" count="3" type="stmt"/>
        <line num="99" count="3" type="stmt"/>
        <line num="100" count="3" type="stmt"/>
        <line num="101" count="3" type="stmt"/>
        <line num="102" count="243" type="stmt"/>
        <line num="103" count="4" type="stmt"/>
        <line num="104" count="4" type="stmt"/>
        <line num="105" count="4" type="stmt"/>
        <line num="106" count="4" type="stmt"/>
        <line num="107" count="4" type="stmt"/>
        <line num="108" count="4" type="stmt"/>
        <line num="109" count="4" type="stmt"/>
        <line num="110" count="4" type="stmt"/>
        <line num="111" count="4" type="stmt"/>
        <line num="112" count="42" type="stmt"/>
        <line num="113" count="42" type="cond" truecount="1" falsecount="0"/>
        <line num="114" count="2" type="stmt"/>
        <line num="115" count="2" type="cond" truecount="1" falsecount="0"/>
        <line num="116" count="1" type="stmt"/>
        <line num="117" count="1" type="stmt"/>
        <line num="118" count="1" type="stmt"/>
        <line num="119" count="1" type="stmt"/>
        <line num="120" count="1" type="stmt"/>
        <line num="121" count="1" type="stmt"/>
        <line num="122" count="1" type="stmt"/>
        <line num="123" count="2" type="stmt"/>
        <line num="124" count="42" type="stmt"/>
        <line num="125" count="42" type="cond" truecount="1" falsecount="0"/>
        <line num="126" count="2" type="stmt"/>
        <line num="127" count="2" type="stmt"/>
        <line num="128" count="2" type="cond" truecount="1" falsecount="0"/>
        <line num="129" count="1" type="stmt"/>
        <line num="130" count="1" type="cond" truecount="1" falsecount="0"/>
        <line num="131" count="58" type="stmt"/>
        <line num="132" count="58" type="cond" truecount="1" falsecount="0"/>
        <line num="133" count="4" type="stmt"/>
        <line num="134" count="58" type="stmt"/>
        <line num="135" count="58" type="stmt"/>
        <line num="136" count="1" type="stmt"/>
        <line num="137" count="1" type="stmt"/>
        <line num="138" count="1" type="stmt"/>
        <line num="139" count="1" type="stmt"/>
        <line num="140" count="1" type="stmt"/>
        <line num="141" count="1" type="stmt"/>
        <line num="142" count="1" type="stmt"/>
        <line num="143" count="2" type="stmt"/>
        <line num="144" count="42" type="stmt"/>
        <line num="145" count="42" type="stmt"/>
        <line num="146" count="0" type="stmt"/>
        <line num="147" count="0" type="stmt"/>
        <line num="148" count="0" type="stmt"/>
        <line num="149" count="0" type="stmt"/>
        <line num="150" count="0" type="stmt"/>
        <line num="151" count="0" type="stmt"/>
        <line num="152" count="0" type="stmt"/>
        <line num="153" count="0" type="stmt"/>
        <line num="154" count="0" type="stmt"/>
        <line num="155" count="0" type="stmt"/>
        <line num="156" count="0" type="stmt"/>
        <line num="157" count="0" type="stmt"/>
        <line num="158" count="0" type="stmt"/>
        <line num="159" count="0" type="stmt"/>
        <line num="160" count="42" type="stmt"/>
        <line num="161" count="42" type="stmt"/>
        <line num="162" count="1" type="stmt"/>
        <line num="163" count="1" type="stmt"/>
      </file>
    </package>
    <package name="factoriesDOM">
      <metrics statements="532" coveredstatements="461" conditionals="69" coveredconditionals="65" methods="48" coveredmethods="37"/>
      <file name="UI.factory.js" path="C:\Users\Maxime\Desktop\Portfolio\Sudoku\factoriesDOM\UI.factory.js">
        <metrics statements="108" coveredstatements="108" conditionals="20" coveredconditionals="20" methods="9" coveredmethods="9"/>
        <line num="1" count="1" type="stmt"/>
        <line num="2" count="1" type="stmt"/>
        <line num="3" count="1" type="stmt"/>
        <line num="4" count="1" type="stmt"/>
        <line num="5" count="1" type="stmt"/>
        <line num="6" count="1" type="cond" truecount="1" falsecount="0"/>
        <line num="7" count="16" type="stmt"/>
        <line num="8" count="16" type="stmt"/>
        <line num="9" count="16" type="cond" truecount="1" falsecount="0"/>
        <line num="10" count="10" type="stmt"/>
        <line num="11" count="10" type="stmt"/>
        <line num="12" count="10" type="stmt"/>
        <line num="13" count="10" type="stmt"/>
        <line num="14" count="10" type="stmt"/>
        <line num="15" count="10" type="stmt"/>
        <line num="16" count="10" type="stmt"/>
        <line num="17" count="10" type="stmt"/>
        <line num="18" count="10" type="cond" truecount="1" falsecount="0"/>
        <line num="19" count="10" type="stmt"/>
        <line num="20" count="10" type="stmt"/>
        <line num="21" count="10" type="stmt"/>
        <line num="22" count="16" type="stmt"/>
        <line num="23" count="16" type="cond" truecount="1" falsecount="0"/>
        <line num="24" count="9" type="stmt"/>
        <line num="25" count="9" type="stmt"/>
        <line num="26" count="9" type="stmt"/>
        <line num="27" count="9" type="stmt"/>
        <line num="28" count="9" type="stmt"/>
        <line num="29" count="9" type="stmt"/>
        <line num="30" count="9" type="stmt"/>
        <line num="31" count="9" type="stmt"/>
        <line num="32" count="9" type="stmt"/>
        <line num="33" count="9" type="stmt"/>
        <line num="34" count="16" type="stmt"/>
        <line num="35" count="16" type="cond" truecount="1" falsecount="0"/>
        <line num="36" count="1" type="stmt"/>
        <line num="37" count="1" type="stmt"/>
        <line num="38" count="1" type="stmt"/>
        <line num="39" count="1" type="stmt"/>
        <line num="40" count="1" type="stmt"/>
        <line num="41" count="1" type="stmt"/>
        <line num="42" count="1" type="stmt"/>
        <line num="43" count="16" type="stmt"/>
        <line num="44" count="16" type="cond" truecount="1" falsecount="0"/>
        <line num="45" count="9" type="stmt"/>
        <line num="46" count="9" type="stmt"/>
        <line num="47" count="9" type="stmt"/>
        <line num="48" count="9" type="stmt"/>
        <line num="49" count="9" type="stmt"/>
        <line num="50" count="9" type="stmt"/>
        <line num="51" count="9" type="stmt"/>
        <line num="52" count="9" type="stmt"/>
        <line num="53" count="9" type="stmt"/>
        <line num="54" count="9" type="stmt"/>
        <line num="55" count="16" type="stmt"/>
        <line num="56" count="16" type="cond" truecount="1" falsecount="0"/>
        <line num="57" count="9" type="stmt"/>
        <line num="58" count="9" type="stmt"/>
        <line num="59" count="9" type="stmt"/>
        <line num="60" count="16" type="stmt"/>
        <line num="61" count="16" type="cond" truecount="1" falsecount="0"/>
        <line num="62" count="9" type="stmt"/>
        <line num="63" count="9" type="stmt"/>
        <line num="64" count="9" type="stmt"/>
        <line num="65" count="9" type="stmt"/>
        <line num="66" count="9" type="stmt"/>
        <line num="67" count="16" type="stmt"/>
        <line num="68" count="16" type="cond" truecount="1" falsecount="0"/>
        <line num="69" count="7" type="stmt"/>
        <line num="70" count="7" type="stmt"/>
        <line num="71" count="7" type="stmt"/>
        <line num="72" count="7" type="cond" truecount="1" falsecount="0"/>
        <line num="73" count="243" type="stmt"/>
        <line num="74" count="243" type="stmt"/>
        <line num="75" count="243" type="stmt"/>
        <line num="76" count="243" type="cond" truecount="1" falsecount="0"/>
        <line num="77" count="3" type="cond" truecount="1" falsecount="0"/>
        <line num="78" count="1" type="cond" truecount="1" falsecount="0"/>
        <line num="79" count="1" type="stmt"/>
        <line num="80" count="3" type="cond" truecount="2" falsecount="0"/>
        <line num="81" count="3" type="stmt"/>
        <line num="82" count="3" type="stmt"/>
        <line num="83" count="243" type="stmt"/>
        <line num="84" count="243" type="stmt"/>
        <line num="85" count="7" type="stmt"/>
        <line num="86" count="16" type="stmt"/>
        <line num="87" count="16" type="cond" truecount="1" falsecount="0"/>
        <line num="88" count="1" type="stmt"/>
        <line num="89" count="1" type="stmt"/>
        <line num="90" count="1" type="stmt"/>
        <line num="91" count="1" type="cond" truecount="1" falsecount="0"/>
        <line num="92" count="81" type="stmt"/>
        <line num="93" count="81" type="stmt"/>
        <line num="94" count="81" type="stmt"/>
        <line num="95" count="81" type="cond" truecount="1" falsecount="0"/>
        <line num="96" count="81" type="stmt"/>
        <line num="97" count="81" type="cond" truecount="1" falsecount="0"/>
        <line num="98" count="9" type="stmt"/>
        <line num="99" count="81" type="stmt"/>
        <line num="100" count="1" type="cond" truecount="1" falsecount="0"/>
        <line num="101" count="1" type="stmt"/>
        <line num="102" count="81" type="stmt"/>
        <line num="103" count="81" type="stmt"/>
        <line num="104" count="1" type="stmt"/>
        <line num="105" count="16" type="stmt"/>
        <line num="106" count="16" type="stmt"/>
        <line num="107" count="1" type="stmt"/>
        <line num="108" count="1" type="stmt"/>
      </file>
      <file name="cellDOM.factory.js" path="C:\Users\Maxime\Desktop\Portfolio\Sudoku\factoriesDOM\cellDOM.factory.js">
        <metrics statements="104" coveredstatements="102" conditionals="18" coveredconditionals="14" methods="8" coveredmethods="8"/>
        <line num="1" count="1" type="stmt"/>
        <line num="2" count="1" type="stmt"/>
        <line num="3" count="1" type="cond" truecount="1" falsecount="0"/>
        <line num="4" count="1033" type="stmt"/>
        <line num="5" count="1033" type="stmt"/>
        <line num="6" count="1033" type="cond" truecount="1" falsecount="0"/>
        <line num="7" count="4" type="stmt"/>
        <line num="8" count="4" type="stmt"/>
        <line num="9" count="4" type="stmt"/>
        <line num="10" count="4" type="cond" truecount="1" falsecount="0"/>
        <line num="11" count="4" type="stmt"/>
        <line num="12" count="4" type="stmt"/>
        <line num="13" count="4" type="stmt"/>
        <line num="14" count="4" type="cond" truecount="0" falsecount="1"/>
        <line num="15" count="4" type="stmt"/>
        <line num="16" count="4" type="stmt"/>
        <line num="17" count="4" type="stmt"/>
        <line num="18" count="1033" type="stmt"/>
        <line num="19" count="1033" type="cond" truecount="1" falsecount="0"/>
        <line num="20" count="4" type="stmt"/>
        <line num="21" count="4" type="stmt"/>
        <line num="22" count="4" type="stmt"/>
        <line num="23" count="4" type="stmt"/>
        <line num="24" count="4" type="stmt"/>
        <line num="25" count="4" type="stmt"/>
        <line num="26" count="4" type="cond" truecount="0" falsecount="1"/>
        <line num="27" count="4" type="stmt"/>
        <line num="28" count="4" type="stmt"/>
        <line num="29" count="4" type="stmt"/>
        <line num="30" count="1033" type="stmt"/>
        <line num="31" count="1033" type="cond" truecount="1" falsecount="0"/>
        <line num="32" count="1" type="stmt"/>
        <line num="33" count="1" type="stmt"/>
        <line num="34" count="1" type="stmt"/>
        <line num="35" count="1" type="cond" truecount="1" falsecount="0"/>
        <line num="36" count="1" type="stmt"/>
        <line num="37" count="1" type="stmt"/>
        <line num="38" count="1" type="stmt"/>
        <line num="39" count="1" type="stmt"/>
        <line num="40" count="1" type="stmt"/>
        <line num="41" count="1" type="stmt"/>
        <line num="42" count="1" type="stmt"/>
        <line num="43" count="1" type="stmt"/>
        <line num="44" count="1" type="stmt"/>
        <line num="45" count="1" type="stmt"/>
        <line num="46" count="1033" type="stmt"/>
        <line num="47" count="1033" type="cond" truecount="1" falsecount="0"/>
        <line num="48" count="3" type="stmt"/>
        <line num="49" count="3" type="stmt"/>
        <line num="50" count="3" type="stmt"/>
        <line num="51" count="3" type="stmt"/>
        <line num="52" count="3" type="stmt"/>
        <line num="53" count="3" type="cond" truecount="1" falsecount="0"/>
        <line num="54" count="3" type="stmt"/>
        <line num="55" count="1" type="cond" truecount="1" falsecount="0"/>
        <line num="56" count="1" type="stmt"/>
        <line num="57" count="1" type="stmt"/>
        <line num="58" count="1" type="cond" truecount="1" falsecount="0"/>
        <line num="59" count="1" type="stmt"/>
        <line num="60" count="1" type="stmt"/>
        <line num="61" count="1" type="stmt"/>
        <line num="62" count="1" type="stmt"/>
        <line num="63" count="1" type="stmt"/>
        <line num="64" count="1" type="cond" truecount="0" falsecount="1"/>
        <line num="65" count="1" type="stmt"/>
        <line num="66" count="1" type="stmt"/>
        <line num="67" count="1" type="cond" truecount="0" falsecount="1"/>
        <line num="68" count="0" type="stmt"/>
        <line num="69" count="0" type="stmt"/>
        <line num="70" count="1" type="stmt"/>
        <line num="71" count="1" type="stmt"/>
        <line num="72" count="1033" type="stmt"/>
        <line num="73" count="1033" type="stmt"/>
        <line num="74" count="1033" type="cond" truecount="1" falsecount="0"/>
        <line num="75" count="1018" type="stmt"/>
        <line num="76" count="1018" type="stmt"/>
        <line num="77" count="1018" type="stmt"/>
        <line num="78" count="1018" type="stmt"/>
        <line num="79" count="1018" type="stmt"/>
        <line num="80" count="1018" type="stmt"/>
        <line num="81" count="1018" type="stmt"/>
        <line num="82" count="1018" type="stmt"/>
        <line num="83" count="1018" type="stmt"/>
        <line num="84" count="1018" type="stmt"/>
        <line num="85" count="1033" type="stmt"/>
        <line num="86" count="1033" type="cond" truecount="1" falsecount="0"/>
        <line num="87" count="1018" type="stmt"/>
        <line num="88" count="1018" type="stmt"/>
        <line num="89" count="28" type="cond" truecount="1" falsecount="0"/>
        <line num="90" count="28" type="stmt"/>
        <line num="91" count="1018" type="stmt"/>
        <line num="92" count="1018" type="stmt"/>
        <line num="93" count="1018" type="stmt"/>
        <line num="94" count="1033" type="stmt"/>
        <line num="95" count="1033" type="cond" truecount="1" falsecount="0"/>
        <line num="96" count="1018" type="stmt"/>
        <line num="97" count="1018" type="stmt"/>
        <line num="98" count="1018" type="stmt"/>
        <line num="99" count="1018" type="stmt"/>
        <line num="100" count="1018" type="stmt"/>
        <line num="101" count="1033" type="stmt"/>
        <line num="102" count="1033" type="stmt"/>
        <line num="103" count="1" type="stmt"/>
        <line num="104" count="1" type="stmt"/>
      </file>
      <file name="gridDOM.factory.js" path="C:\Users\Maxime\Desktop\Portfolio\Sudoku\factoriesDOM\gridDOM.factory.js">
        <metrics statements="25" coveredstatements="23" conditionals="3" coveredconditionals="3" methods="3" coveredmethods="2"/>
        <line num="1" count="1" type="stmt"/>
        <line num="2" count="1" type="stmt"/>
        <line num="3" count="1" type="cond" truecount="1" falsecount="0"/>
        <line num="4" count="13" type="stmt"/>
        <line num="5" count="13" type="stmt"/>
        <line num="6" count="13" type="stmt"/>
        <line num="7" count="0" type="stmt"/>
        <line num="8" count="0" type="stmt"/>
        <line num="9" count="13" type="cond" truecount="1" falsecount="0"/>
        <line num="10" count="12" type="stmt"/>
        <line num="11" count="12" type="stmt"/>
        <line num="12" count="12" type="stmt"/>
        <line num="13" count="12" type="stmt"/>
        <line num="14" count="12" type="stmt"/>
        <line num="15" count="12" type="stmt"/>
        <line num="16" count="12" type="stmt"/>
        <line num="17" count="108" type="cond" truecount="1" falsecount="0"/>
        <line num="18" count="108" type="stmt"/>
        <line num="19" count="108" type="stmt"/>
        <line num="20" count="12" type="stmt"/>
        <line num="21" count="12" type="stmt"/>
        <line num="22" count="13" type="stmt"/>
        <line num="23" count="13" type="stmt"/>
        <line num="24" count="1" type="stmt"/>
        <line num="25" count="1" type="stmt"/>
      </file>
      <file name="keyboardDOM.factory.js" path="C:\Users\Maxime\Desktop\Portfolio\Sudoku\factoriesDOM\keyboardDOM.factory.js">
        <metrics statements="125" coveredstatements="106" conditionals="13" coveredconditionals="13" methods="12" coveredmethods="8"/>
        <line num="1" count="1" type="stmt"/>
        <line num="2" count="1" type="stmt"/>
        <line num="3" count="1" type="stmt"/>
        <line num="4" count="1" type="stmt"/>
        <line num="5" count="1" type="stmt"/>
        <line num="6" count="1" type="cond" truecount="1" falsecount="0"/>
        <line num="7" count="9" type="stmt"/>
        <line num="8" count="9" type="stmt"/>
        <line num="9" count="9" type="cond" truecount="1" falsecount="0"/>
        <line num="10" count="27" type="stmt"/>
        <line num="11" count="27" type="stmt"/>
        <line num="12" count="27" type="stmt"/>
        <line num="13" count="27" type="stmt"/>
        <line num="14" count="27" type="stmt"/>
        <line num="15" count="27" type="stmt"/>
        <line num="16" count="9" type="cond" truecount="1" falsecount="0"/>
        <line num="17" count="9" type="stmt"/>
        <line num="18" count="9" type="stmt"/>
        <line num="19" count="9" type="stmt"/>
        <line num="20" count="9" type="stmt"/>
        <line num="21" count="9" type="stmt"/>
        <line num="22" count="9" type="stmt"/>
        <line num="23" count="9" type="stmt"/>
        <line num="24" count="9" type="stmt"/>
        <line num="25" count="9" type="stmt"/>
        <line num="26" count="9" type="stmt"/>
        <line num="27" count="9" type="stmt"/>
        <line num="28" count="9" type="stmt"/>
        <line num="29" count="9" type="stmt"/>
        <line num="30" count="9" type="stmt"/>
        <line num="31" count="9" type="stmt"/>
        <line num="32" count="9" type="stmt"/>
        <line num="33" count="9" type="stmt"/>
        <line num="34" count="0" type="stmt"/>
        <line num="35" count="0" type="stmt"/>
        <line num="36" count="9" type="stmt"/>
        <line num="37" count="9" type="cond" truecount="1" falsecount="0"/>
        <line num="38" count="9" type="stmt"/>
        <line num="39" count="9" type="stmt"/>
        <line num="40" count="9" type="stmt"/>
        <line num="41" count="9" type="stmt"/>
        <line num="42" count="9" type="stmt"/>
        <line num="43" count="9" type="stmt"/>
        <line num="44" count="9" type="stmt"/>
        <line num="45" count="9" type="stmt"/>
        <line num="46" count="9" type="stmt"/>
        <line num="47" count="9" type="stmt"/>
        <line num="48" count="9" type="stmt"/>
        <line num="49" count="9" type="stmt"/>
        <line num="50" count="0" type="stmt"/>
        <line num="51" count="0" type="stmt"/>
        <line num="52" count="9" type="cond" truecount="1" falsecount="0"/>
        <line num="53" count="9" type="stmt"/>
        <line num="54" count="9" type="stmt"/>
        <line num="55" count="9" type="stmt"/>
        <line num="56" count="9" type="stmt"/>
        <line num="57" count="9" type="stmt"/>
        <line num="58" count="9" type="stmt"/>
        <line num="59" count="9" type="stmt"/>
        <line num="60" count="9" type="stmt"/>
        <line num="61" count="9" type="stmt"/>
        <line num="62" count="9" type="stmt"/>
        <line num="63" count="9" type="stmt"/>
        <line num="64" count="9" type="stmt"/>
        <line num="65" count="9" type="stmt"/>
        <line num="66" count="0" type="stmt"/>
        <line num="67" count="0" type="stmt"/>
        <line num="68" count="9" type="stmt"/>
        <line num="69" count="9" type="cond" truecount="1" falsecount="0"/>
        <line num="70" count="9" type="stmt"/>
        <line num="71" count="9" type="stmt"/>
        <line num="72" count="9" type="stmt"/>
        <line num="73" count="9" type="stmt"/>
        <line num="74" count="9" type="stmt"/>
        <line num="75" count="9" type="stmt"/>
        <line num="76" count="9" type="stmt"/>
        <line num="77" count="9" type="stmt"/>
        <line num="78" count="9" type="stmt"/>
        <line num="79" count="9" type="cond" truecount="1" falsecount="0"/>
        <line num="80" count="9" type="stmt"/>
        <line num="81" count="9" type="stmt"/>
        <line num="82" count="9" type="stmt"/>
        <line num="83" count="9" type="stmt"/>
        <line num="84" count="90" type="cond" truecount="1" falsecount="0"/>
        <line num="85" count="90" type="stmt"/>
        <line num="86" count="90" type="cond" truecount="2" falsecount="0"/>
        <line num="87" count="90" type="cond" truecount="2" falsecount="0"/>
        <line num="88" count="90" type="stmt"/>
        <line num="89" count="90" type="stmt"/>
        <line num="90" count="90" type="stmt"/>
        <line num="91" count="90" type="stmt"/>
        <line num="92" count="9" type="stmt"/>
        <line num="93" count="9" type="stmt"/>
        <line num="94" count="9" type="stmt"/>
        <line num="95" count="9" type="stmt"/>
        <line num="96" count="9" type="cond" truecount="1" falsecount="0"/>
        <line num="97" count="9" type="stmt"/>
        <line num="98" count="9" type="stmt"/>
        <line num="99" count="9" type="stmt"/>
        <line num="100" count="9" type="stmt"/>
        <line num="101" count="9" type="stmt"/>
        <line num="102" count="9" type="stmt"/>
        <line num="103" count="9" type="stmt"/>
        <line num="104" count="9" type="stmt"/>
        <line num="105" count="9" type="stmt"/>
        <line num="106" count="9" type="stmt"/>
        <line num="107" count="9" type="stmt"/>
        <line num="108" count="0" type="stmt"/>
        <line num="109" count="0" type="stmt"/>
        <line num="110" count="0" type="stmt"/>
        <line num="111" count="0" type="stmt"/>
        <line num="112" count="0" type="stmt"/>
        <line num="113" count="0" type="stmt"/>
        <line num="114" count="0" type="stmt"/>
        <line num="115" count="0" type="stmt"/>
        <line num="116" count="0" type="stmt"/>
        <line num="117" count="0" type="stmt"/>
        <line num="118" count="0" type="stmt"/>
        <line num="119" count="0" type="stmt"/>
        <line num="120" count="0" type="stmt"/>
        <line num="121" count="9" type="stmt"/>
        <line num="122" count="9" type="stmt"/>
        <line num="123" count="9" type="stmt"/>
        <line num="124" count="1" type="stmt"/>
        <line num="125" count="1" type="stmt"/>
      </file>
      <file name="rowDOM.factory.js" path="C:\Users\Maxime\Desktop\Portfolio\Sudoku\factoriesDOM\rowDOM.factory.js">
        <metrics statements="31" coveredstatements="31" conditionals="6" coveredconditionals="6" methods="3" coveredmethods="3"/>
        <line num="1" count="1" type="stmt"/>
        <line num="2" count="1" type="stmt"/>
        <line num="3" count="1" type="cond" truecount="1" falsecount="0"/>
        <line num="4" count="17" type="cond" truecount="1" falsecount="0"/>
        <line num="5" count="112" type="stmt"/>
        <line num="6" count="112" type="stmt"/>
        <line num="7" count="112" type="stmt"/>
        <line num="8" count="112" type="stmt"/>
        <line num="9" count="1008" type="cond" truecount="1" falsecount="0"/>
        <line num="10" count="1008" type="stmt"/>
        <line num="11" count="1008" type="stmt"/>
        <line num="12" count="1008" type="stmt"/>
        <line num="13" count="1008" type="stmt"/>
        <line num="14" count="1008" type="stmt"/>
        <line num="15" count="1008" type="stmt"/>
        <line num="16" count="1008" type="stmt"/>
        <line num="17" count="112" type="stmt"/>
        <line num="18" count="112" type="stmt"/>
        <line num="19" count="112" type="stmt"/>
        <line num="20" count="17" type="stmt"/>
        <line num="21" count="17" type="cond" truecount="1" falsecount="0"/>
        <line num="22" count="1008" type="cond" truecount="1" falsecount="0"/>
        <line num="23" count="41187" type="cond" truecount="1" falsecount="0"/>
        <line num="24" count="41187" type="stmt"/>
        <line num="25" count="1008" type="stmt"/>
        <line num="26" count="1008" type="stmt"/>
        <line num="27" count="17" type="stmt"/>
        <line num="28" count="17" type="stmt"/>
        <line num="29" count="17" type="stmt"/>
        <line num="30" count="1" type="stmt"/>
        <line num="31" count="1" type="stmt"/>
      </file>
      <file name="selectDOM.factory.js" path="C:\Users\Maxime\Desktop\Portfolio\Sudoku\factoriesDOM\selectDOM.factory.js">
        <metrics statements="139" coveredstatements="91" conditionals="9" coveredconditionals="9" methods="13" coveredmethods="7"/>
        <line num="1" count="1" type="stmt"/>
        <line num="2" count="1" type="stmt"/>
        <line num="3" count="1" type="cond" truecount="1" falsecount="0"/>
        <line num="4" count="9" type="stmt"/>
        <line num="5" count="9" type="stmt"/>
        <line num="6" count="9" type="cond" truecount="1" falsecount="0"/>
        <line num="7" count="9" type="stmt"/>
        <line num="8" count="9" type="stmt"/>
        <line num="9" count="9" type="stmt"/>
        <line num="10" count="9" type="stmt"/>
        <line num="11" count="9" type="stmt"/>
        <line num="12" count="9" type="stmt"/>
        <line num="13" count="9" type="stmt"/>
        <line num="14" count="0" type="stmt"/>
        <line num="15" count="0" type="stmt"/>
        <line num="16" count="9" type="stmt"/>
        <line num="17" count="9" type="stmt"/>
        <line num="18" count="9" type="stmt"/>
        <line num="19" count="9" type="stmt"/>
        <line num="20" count="9" type="cond" truecount="1" falsecount="0"/>
        <line num="21" count="9" type="stmt"/>
        <line num="22" count="9" type="stmt"/>
        <line num="23" count="9" type="stmt"/>
        <line num="24" count="9" type="stmt"/>
        <line num="25" count="9" type="stmt"/>
        <line num="26" count="9" type="stmt"/>
        <line num="27" count="9" type="stmt"/>
        <line num="28" count="9" type="cond" truecount="1" falsecount="0"/>
        <line num="29" count="27" type="stmt"/>
        <line num="30" count="27" type="stmt"/>
        <line num="31" count="27" type="stmt"/>
        <line num="32" count="27" type="stmt"/>
        <line num="33" count="27" type="stmt"/>
        <line num="34" count="27" type="stmt"/>
        <line num="35" count="27" type="stmt"/>
        <line num="36" count="27" type="cond" truecount="1" falsecount="0"/>
        <line num="37" count="27" type="stmt"/>
        <line num="38" count="27" type="stmt"/>
        <line num="39" count="27" type="stmt"/>
        <line num="40" count="9" type="stmt"/>
        <line num="41" count="9" type="stmt"/>
        <line num="42" count="0" type="stmt"/>
        <line num="43" count="0" type="stmt"/>
        <line num="44" count="0" type="stmt"/>
        <line num="45" count="0" type="stmt"/>
        <line num="46" count="0" type="stmt"/>
        <line num="47" count="0" type="stmt"/>
        <line num="48" count="0" type="stmt"/>
        <line num="49" count="9" type="stmt"/>
        <line num="50" count="9" type="stmt"/>
        <line num="51" count="0" type="stmt"/>
        <line num="52" count="0" type="stmt"/>
        <line num="53" count="0" type="stmt"/>
        <line num="54" count="0" type="stmt"/>
        <line num="55" count="0" type="stmt"/>
        <line num="56" count="0" type="stmt"/>
        <line num="57" count="0" type="stmt"/>
        <line num="58" count="0" type="stmt"/>
        <line num="59" count="0" type="stmt"/>
        <line num="60" count="9" type="stmt"/>
        <line num="61" count="9" type="stmt"/>
        <line num="62" count="0" type="stmt"/>
        <line num="63" count="0" type="stmt"/>
        <line num="64" count="0" type="stmt"/>
        <line num="65" count="9" type="stmt"/>
        <line num="66" count="9" type="cond" truecount="1" falsecount="0"/>
        <line num="67" count="9" type="stmt"/>
        <line num="68" count="9" type="stmt"/>
        <line num="69" count="9" type="stmt"/>
        <line num="70" count="9" type="stmt"/>
        <line num="71" count="0" type="stmt"/>
        <line num="72" count="0" type="stmt"/>
        <line num="73" count="9" type="stmt"/>
        <line num="74" count="9" type="stmt"/>
        <line num="75" count="0" type="stmt"/>
        <line num="76" count="0" type="stmt"/>
        <line num="77" count="0" type="stmt"/>
        <line num="78" count="0" type="stmt"/>
        <line num="79" count="0" type="stmt"/>
        <line num="80" count="0" type="stmt"/>
        <line num="81" count="0" type="stmt"/>
        <line num="82" count="0" type="stmt"/>
        <line num="83" count="0" type="stmt"/>
        <line num="84" count="0" type="stmt"/>
        <line num="85" count="0" type="stmt"/>
        <line num="86" count="0" type="stmt"/>
        <line num="87" count="9" type="stmt"/>
        <line num="88" count="9" type="stmt"/>
        <line num="89" count="0" type="stmt"/>
        <line num="90" count="0" type="stmt"/>
        <line num="91" count="0" type="stmt"/>
        <line num="92" count="0" type="stmt"/>
        <line num="93" count="0" type="stmt"/>
        <line num="94" count="0" type="stmt"/>
        <line num="95" count="0" type="stmt"/>
        <line num="96" count="0" type="stmt"/>
        <line num="97" count="9" type="stmt"/>
        <line num="98" count="9" type="stmt"/>
        <line num="99" count="9" type="stmt"/>
        <line num="100" count="9" type="cond" truecount="1" falsecount="0"/>
        <line num="101" count="9" type="stmt"/>
        <line num="102" count="9" type="stmt"/>
        <line num="103" count="9" type="stmt"/>
        <line num="104" count="9" type="stmt"/>
        <line num="105" count="9" type="stmt"/>
        <line num="106" count="9" type="stmt"/>
        <line num="107" count="9" type="stmt"/>
        <line num="108" count="9" type="stmt"/>
        <line num="109" count="9" type="stmt"/>
        <line num="110" count="9" type="stmt"/>
        <line num="111" count="9" type="stmt"/>
        <line num="112" count="9" type="stmt"/>
        <line num="113" count="9" type="stmt"/>
        <line num="114" count="9" type="stmt"/>
        <line num="115" count="9" type="stmt"/>
        <line num="116" count="9" type="stmt"/>
        <line num="117" count="9" type="cond" truecount="1" falsecount="0"/>
        <line num="118" count="9" type="stmt"/>
        <line num="119" count="9" type="stmt"/>
        <line num="120" count="9" type="stmt"/>
        <line num="121" count="9" type="stmt"/>
        <line num="122" count="27" type="cond" truecount="1" falsecount="0"/>
        <line num="123" count="27" type="stmt"/>
        <line num="124" count="27" type="stmt"/>
        <line num="125" count="27" type="stmt"/>
        <line num="126" count="27" type="stmt"/>
        <line num="127" count="27" type="stmt"/>
        <line num="128" count="0" type="stmt"/>
        <line num="129" count="0" type="stmt"/>
        <line num="130" count="0" type="stmt"/>
        <line num="131" count="0" type="stmt"/>
        <line num="132" count="0" type="stmt"/>
        <line num="133" count="27" type="stmt"/>
        <line num="134" count="9" type="stmt"/>
        <line num="135" count="9" type="stmt"/>
        <line num="136" count="9" type="stmt"/>
        <line num="137" count="9" type="stmt"/>
        <line num="138" count="1" type="stmt"/>
        <line num="139" count="1" type="stmt"/>
      </file>
    </package>
    <package name="store">
      <metrics statements="63" coveredstatements="59" conditionals="12" coveredconditionals="8" methods="9" coveredmethods="7"/>
      <file name="game.store.js" path="C:\Users\Maxime\Desktop\Portfolio\Sudoku\store\game.store.js">
        <metrics statements="36" coveredstatements="34" conditionals="7" coveredconditionals="5" methods="5" coveredmethods="4"/>
        <line num="1" count="1" type="stmt"/>
        <line num="2" count="42" type="cond" truecount="2" falsecount="0"/>
        <line num="3" count="2" type="stmt"/>
        <line num="4" count="2" type="stmt"/>
        <line num="5" count="2" type="cond" truecount="0" falsecount="1"/>
        <line num="6" count="2" type="stmt"/>
        <line num="7" count="2" type="stmt"/>
        <line num="8" count="2" type="stmt"/>
        <line num="9" count="2" type="stmt"/>
        <line num="10" count="2" type="cond" truecount="0" falsecount="1"/>
        <line num="11" count="2" type="stmt"/>
        <line num="12" count="2" type="stmt"/>
        <line num="13" count="2" type="stmt"/>
        <line num="14" count="42" type="stmt"/>
        <line num="15" count="42" type="cond" truecount="1" falsecount="0"/>
        <line num="16" count="4" type="stmt"/>
        <line num="17" count="4" type="stmt"/>
        <line num="18" count="4" type="cond" truecount="1" falsecount="0"/>
        <line num="19" count="2" type="stmt"/>
        <line num="20" count="2" type="stmt"/>
        <line num="21" count="2" type="stmt"/>
        <line num="22" count="2" type="stmt"/>
        <line num="23" count="42" type="stmt"/>
        <line num="24" count="42" type="cond" truecount="1" falsecount="0"/>
        <line num="25" count="10" type="stmt"/>
        <line num="26" count="10" type="stmt"/>
        <line num="27" count="10" type="stmt"/>
        <line num="28" count="42" type="stmt"/>
        <line num="29" count="42" type="stmt"/>
        <line num="30" count="0" type="stmt"/>
        <line num="31" count="0" type="stmt"/>
        <line num="32" count="42" type="stmt"/>
        <line num="33" count="42" type="stmt"/>
        <line num="34" count="42" type="stmt"/>
        <line num="35" count="1" type="stmt"/>
        <line num="36" count="1" type="stmt"/>
      </file>
      <file name="solution.store.js" path="C:\Users\Maxime\Desktop\Portfolio\Sudoku\store\solution.store.js">
        <metrics statements="27" coveredstatements="25" conditionals="5" coveredconditionals="3" methods="4" coveredmethods="3"/>
        <line num="1" count="1" type="stmt"/>
        <line num="2" count="42" type="cond" truecount="2" falsecount="0"/>
        <line num="3" count="2" type="stmt"/>
        <line num="4" count="2" type="stmt"/>
        <line num="5" count="2" type="cond" truecount="0" falsecount="1"/>
        <line num="6" count="2" type="stmt"/>
        <line num="7" count="2" type="stmt"/>
        <line num="8" count="2" type="stmt"/>
        <line num="9" count="2" type="stmt"/>
        <line num="10" count="2" type="cond" truecount="0" falsecount="1"/>
        <line num="11" count="2" type="stmt"/>
        <line num="12" count="2" type="stmt"/>
        <line num="13" count="2" type="stmt"/>
        <line num="14" count="42" type="stmt"/>
        <line num="15" count="42" type="cond" truecount="1" falsecount="0"/>
        <line num="16" count="10" type="stmt"/>
        <line num="17" count="10" type="stmt"/>
        <line num="18" count="10" type="stmt"/>
        <line num="19" count="42" type="stmt"/>
        <line num="20" count="42" type="stmt"/>
        <line num="21" count="0" type="stmt"/>
        <line num="22" count="0" type="stmt"/>
        <line num="23" count="42" type="stmt"/>
        <line num="24" count="42" type="stmt"/>
        <line num="25" count="42" type="stmt"/>
        <line num="26" count="1" type="stmt"/>
        <line num="27" count="1" type="stmt"/>
      </file>
    </package>
    <package name="utility">
      <metrics statements="51" coveredstatements="48" conditionals="10" coveredconditionals="10" methods="13" coveredmethods="8"/>
      <file name="helpers.js" path="C:\Users\Maxime\Desktop\Portfolio\Sudoku\utility\helpers.js">
        <metrics statements="11" coveredstatements="11" conditionals="4" coveredconditionals="4" methods="2" coveredmethods="2"/>
        <line num="1" count="1" type="stmt"/>
        <line num="2" count="444068" type="cond" truecount="2" falsecount="0"/>
        <line num="3" count="17424703" type="cond" truecount="1" falsecount="0"/>
        <line num="4" count="17424703" type="stmt"/>
        <line num="5" count="444068" type="stmt"/>
        <line num="6" count="1" type="stmt"/>
        <line num="7" count="1" type="cond" truecount="1" falsecount="0"/>
        <line num="8" count="1024402" type="stmt"/>
        <line num="9" count="1024402" type="stmt"/>
        <line num="10" count="1" type="stmt"/>
        <line num="11" count="1" type="stmt"/>
      </file>
      <file name="nodeSelectors.js" path="C:\Users\Maxime\Desktop\Portfolio\Sudoku\utility\nodeSelectors.js">
        <metrics statements="40" coveredstatements="37" conditionals="6" coveredconditionals="6" methods="11" coveredmethods="6"/>
        <line num="1" count="1" type="stmt"/>
        <line num="2" count="1067" type="cond" truecount="1" falsecount="0"/>
        <line num="3" count="1067" type="stmt"/>
        <line num="4" count="1067" type="cond" truecount="1" falsecount="0"/>
        <line num="5" count="1067" type="stmt"/>
        <line num="6" count="1067" type="cond" truecount="1" falsecount="0"/>
        <line num="7" count="1067" type="stmt"/>
        <line num="8" count="1067" type="cond" truecount="1" falsecount="0"/>
        <line num="9" count="28" type="stmt"/>
        <line num="10" count="1067" type="stmt"/>
        <line num="11" count="1067" type="cond" truecount="1" falsecount="0"/>
        <line num="12" count="1067" type="stmt"/>
        <line num="13" count="1067" type="stmt"/>
        <line num="14" count="0" type="stmt"/>
        <line num="15" count="1067" type="stmt"/>
        <line num="16" count="1067" type="stmt"/>
        <line num="17" count="0" type="stmt"/>
        <line num="18" count="1067" type="stmt"/>
        <line num="19" count="1067" type="stmt"/>
        <line num="20" count="1067" type="stmt"/>
        <line num="21" count="1067" type="cond" truecount="1" falsecount="0"/>
        <line num="22" count="1067" type="stmt"/>
        <line num="23" count="1067" type="stmt"/>
        <line num="24" count="0" type="stmt"/>
        <line num="25" count="1067" type="stmt"/>
        <line num="26" count="1067" type="stmt"/>
        <line num="27" count="1067" type="stmt"/>
        <line num="28" count="1067" type="stmt"/>
        <line num="29" count="1067" type="stmt"/>
        <line num="30" count="1067" type="stmt"/>
        <line num="31" count="1067" type="stmt"/>
        <line num="32" count="1067" type="stmt"/>
        <line num="33" count="1067" type="stmt"/>
        <line num="34" count="1067" type="stmt"/>
        <line num="35" count="1067" type="stmt"/>
        <line num="36" count="1067" type="stmt"/>
        <line num="37" count="1067" type="stmt"/>
        <line num="38" count="1067" type="stmt"/>
        <line num="39" count="1" type="stmt"/>
        <line num="40" count="1" type="stmt"/>
      </file>
    </package>
  </project>
</coverage>
