{"C:\\Users\\Maxime\\Desktop\\Portfolio\\Sudoku\\factories\\check.factory.js": {"path":"C:\\Users\\Maxime\\Desktop\\Portfolio\\Sudoku\\factories\\check.factory.js","all":false,"statementMap":{"0":{"start":{"line":1,"column":0},"end":{"line":1,"column":34}},"1":{"start":{"line":2,"column":0},"end":{"line":2,"column":30}},"2":{"start":{"line":3,"column":0},"end":{"line":3,"column":64}},"3":{"start":{"line":4,"column":0},"end":{"line":4,"column":0}},"4":{"start":{"line":5,"column":0},"end":{"line":5,"column":42}},"5":{"start":{"line":6,"column":0},"end":{"line":6,"column":0}},"6":{"start":{"line":7,"column":0},"end":{"line":7,"column":57}},"7":{"start":{"line":8,"column":0},"end":{"line":8,"column":0}},"8":{"start":{"line":9,"column":0},"end":{"line":9,"column":21}},"9":{"start":{"line":10,"column":0},"end":{"line":10,"column":3}},"10":{"start":{"line":11,"column":0},"end":{"line":11,"column":0}},"11":{"start":{"line":12,"column":0},"end":{"line":12,"column":33}},"12":{"start":{"line":13,"column":0},"end":{"line":13,"column":67}},"13":{"start":{"line":14,"column":0},"end":{"line":14,"column":48}},"14":{"start":{"line":15,"column":0},"end":{"line":15,"column":0}},"15":{"start":{"line":16,"column":0},"end":{"line":16,"column":63}},"16":{"start":{"line":17,"column":0},"end":{"line":17,"column":0}},"17":{"start":{"line":18,"column":0},"end":{"line":18,"column":24}},"18":{"start":{"line":19,"column":0},"end":{"line":19,"column":3}},"19":{"start":{"line":20,"column":0},"end":{"line":20,"column":0}},"20":{"start":{"line":21,"column":0},"end":{"line":21,"column":39}},"21":{"start":{"line":22,"column":0},"end":{"line":22,"column":61}},"22":{"start":{"line":23,"column":0},"end":{"line":23,"column":0}},"23":{"start":{"line":24,"column":0},"end":{"line":24,"column":45}},"24":{"start":{"line":25,"column":0},"end":{"line":25,"column":60}},"25":{"start":{"line":26,"column":0},"end":{"line":26,"column":79}},"26":{"start":{"line":27,"column":0},"end":{"line":27,"column":8}},"27":{"start":{"line":28,"column":0},"end":{"line":28,"column":16}},"28":{"start":{"line":29,"column":0},"end":{"line":29,"column":6}},"29":{"start":{"line":30,"column":0},"end":{"line":30,"column":0}},"30":{"start":{"line":31,"column":0},"end":{"line":31,"column":48}},"31":{"start":{"line":32,"column":0},"end":{"line":32,"column":0}},"32":{"start":{"line":33,"column":0},"end":{"line":33,"column":63}},"33":{"start":{"line":34,"column":0},"end":{"line":34,"column":0}},"34":{"start":{"line":35,"column":0},"end":{"line":35,"column":24}},"35":{"start":{"line":36,"column":0},"end":{"line":36,"column":3}},"36":{"start":{"line":37,"column":0},"end":{"line":37,"column":0}},"37":{"start":{"line":38,"column":0},"end":{"line":38,"column":35}},"38":{"start":{"line":39,"column":0},"end":{"line":39,"column":30}},"39":{"start":{"line":40,"column":0},"end":{"line":40,"column":21}},"40":{"start":{"line":41,"column":0},"end":{"line":41,"column":6}},"41":{"start":{"line":42,"column":0},"end":{"line":42,"column":3}},"42":{"start":{"line":43,"column":0},"end":{"line":43,"column":0}},"43":{"start":{"line":44,"column":0},"end":{"line":44,"column":47}},"44":{"start":{"line":45,"column":0},"end":{"line":45,"column":18}},"45":{"start":{"line":46,"column":0},"end":{"line":46,"column":35}},"46":{"start":{"line":47,"column":0},"end":{"line":47,"column":53}},"47":{"start":{"line":48,"column":0},"end":{"line":48,"column":24}},"48":{"start":{"line":49,"column":0},"end":{"line":49,"column":8}},"49":{"start":{"line":50,"column":0},"end":{"line":50,"column":0}},"50":{"start":{"line":51,"column":0},"end":{"line":51,"column":35}},"51":{"start":{"line":52,"column":0},"end":{"line":52,"column":19}},"52":{"start":{"line":53,"column":0},"end":{"line":53,"column":13}},"53":{"start":{"line":54,"column":0},"end":{"line":54,"column":7}},"54":{"start":{"line":55,"column":0},"end":{"line":55,"column":5}},"55":{"start":{"line":56,"column":0},"end":{"line":56,"column":14}},"56":{"start":{"line":57,"column":0},"end":{"line":57,"column":3}},"57":{"start":{"line":58,"column":0},"end":{"line":58,"column":0}},"58":{"start":{"line":59,"column":0},"end":{"line":59,"column":45}},"59":{"start":{"line":60,"column":0},"end":{"line":60,"column":64}},"60":{"start":{"line":61,"column":0},"end":{"line":61,"column":46}},"61":{"start":{"line":62,"column":0},"end":{"line":62,"column":46}},"62":{"start":{"line":63,"column":0},"end":{"line":63,"column":0}},"63":{"start":{"line":64,"column":0},"end":{"line":64,"column":22}},"64":{"start":{"line":65,"column":0},"end":{"line":65,"column":33}},"65":{"start":{"line":66,"column":0},"end":{"line":66,"column":35}},"66":{"start":{"line":67,"column":0},"end":{"line":67,"column":58}},"67":{"start":{"line":68,"column":0},"end":{"line":68,"column":7}},"68":{"start":{"line":69,"column":0},"end":{"line":69,"column":5}},"69":{"start":{"line":70,"column":0},"end":{"line":70,"column":0}},"70":{"start":{"line":71,"column":0},"end":{"line":71,"column":20}},"71":{"start":{"line":72,"column":0},"end":{"line":72,"column":3}},"72":{"start":{"line":73,"column":0},"end":{"line":73,"column":0}},"73":{"start":{"line":74,"column":0},"end":{"line":74,"column":74}},"74":{"start":{"line":75,"column":0},"end":{"line":75,"column":50}},"75":{"start":{"line":76,"column":0},"end":{"line":76,"column":41}},"76":{"start":{"line":77,"column":0},"end":{"line":77,"column":62}},"77":{"start":{"line":78,"column":0},"end":{"line":78,"column":68}},"78":{"start":{"line":79,"column":0},"end":{"line":79,"column":0}},"79":{"start":{"line":80,"column":0},"end":{"line":80,"column":22}},"80":{"start":{"line":81,"column":0},"end":{"line":81,"column":3}},"81":{"start":{"line":82,"column":0},"end":{"line":82,"column":0}},"82":{"start":{"line":83,"column":0},"end":{"line":83,"column":10}},"83":{"start":{"line":84,"column":0},"end":{"line":84,"column":13}},"84":{"start":{"line":85,"column":0},"end":{"line":85,"column":16}},"85":{"start":{"line":86,"column":0},"end":{"line":86,"column":22}},"86":{"start":{"line":87,"column":0},"end":{"line":87,"column":16}},"87":{"start":{"line":88,"column":0},"end":{"line":88,"column":21}},"88":{"start":{"line":89,"column":0},"end":{"line":89,"column":3}},"89":{"start":{"line":90,"column":0},"end":{"line":90,"column":1}},"90":{"start":{"line":91,"column":0},"end":{"line":91,"column":0}},"91":{"start":{"line":92,"column":0},"end":{"line":92,"column":27}}},"s":{"0":1,"1":1124508,"2":1124496,"3":1124496,"4":1124496,"5":1124496,"6":1124496,"7":1124496,"8":1124496,"9":1124496,"10":1124508,"11":1124508,"12":448451,"13":448451,"14":448451,"15":448451,"16":448451,"17":448451,"18":448451,"19":1124508,"20":1124508,"21":336953,"22":336953,"23":336953,"24":27293193,"25":233508429,"26":233508429,"27":27293193,"28":27293193,"29":336953,"30":336953,"31":336953,"32":336953,"33":336953,"34":336953,"35":336953,"36":1124508,"37":1124508,"38":1909900,"39":17189100,"40":17189100,"41":1909900,"42":1124508,"43":1124508,"44":1909900,"45":1909900,"46":14699305,"47":132293745,"48":132293745,"49":14699305,"50":14699305,"51":880666,"52":880666,"53":880666,"54":14699305,"55":14699305,"56":14699305,"57":1124508,"58":1124508,"59":336955,"60":336955,"61":336955,"62":336955,"63":336955,"64":336955,"65":1010865,"66":3032595,"67":3032595,"68":1010865,"69":336955,"70":336955,"71":336955,"72":1124508,"73":1124508,"74":1124508,"75":1124494,"76":1124494,"77":1124494,"78":1124494,"79":1124494,"80":1124494,"81":1124508,"82":1124508,"83":1124508,"84":1124508,"85":1124508,"86":1124508,"87":1124508,"88":1124508,"89":1124508,"90":1,"91":1},"branchMap":{"0":{"type":"branch","line":2,"loc":{"start":{"line":2,"column":-2},"end":{"line":90,"column":1}},"locations":[{"start":{"line":2,"column":-2},"end":{"line":90,"column":1}}]},"1":{"type":"branch","line":2,"loc":{"start":{"line":2,"column":20},"end":{"line":10,"column":3}},"locations":[{"start":{"line":2,"column":20},"end":{"line":10,"column":3}}]},"2":{"type":"branch","line":3,"loc":{"start":{"line":3,"column":34},"end":{"line":3,"column":64}},"locations":[{"start":{"line":3,"column":34},"end":{"line":3,"column":64}}]},"3":{"type":"branch","line":12,"loc":{"start":{"line":12,"column":23},"end":{"line":19,"column":3}},"locations":[{"start":{"line":12,"column":23},"end":{"line":19,"column":3}}]},"4":{"type":"branch","line":13,"loc":{"start":{"line":13,"column":37},"end":{"line":13,"column":67}},"locations":[{"start":{"line":13,"column":37},"end":{"line":13,"column":67}}]},"5":{"type":"branch","line":21,"loc":{"start":{"line":21,"column":23},"end":{"line":36,"column":3}},"locations":[{"start":{"line":21,"column":23},"end":{"line":36,"column":3}}]},"6":{"type":"branch","line":24,"loc":{"start":{"line":24,"column":37},"end":{"line":29,"column":6}},"locations":[{"start":{"line":24,"column":37},"end":{"line":29,"column":6}}]},"7":{"type":"branch","line":25,"loc":{"start":{"line":25,"column":44},"end":{"line":27,"column":8}},"locations":[{"start":{"line":25,"column":44},"end":{"line":27,"column":8}}]},"8":{"type":"branch","line":26,"loc":{"start":{"line":26,"column":47},"end":{"line":26,"column":79}},"locations":[{"start":{"line":26,"column":47},"end":{"line":26,"column":79}}]},"9":{"type":"branch","line":38,"loc":{"start":{"line":38,"column":24},"end":{"line":42,"column":3}},"locations":[{"start":{"line":38,"column":24},"end":{"line":42,"column":3}}]},"10":{"type":"branch","line":39,"loc":{"start":{"line":39,"column":22},"end":{"line":41,"column":6}},"locations":[{"start":{"line":39,"column":22},"end":{"line":41,"column":6}}]},"11":{"type":"branch","line":44,"loc":{"start":{"line":44,"column":32},"end":{"line":57,"column":3}},"locations":[{"start":{"line":44,"column":32},"end":{"line":57,"column":3}}]},"12":{"type":"branch","line":47,"loc":{"start":{"line":47,"column":-2},"end":{"line":57,"column":3}},"locations":[{"start":{"line":47,"column":-2},"end":{"line":57,"column":3}}]},"13":{"type":"branch","line":52,"loc":{"start":{"line":52,"column":-2},"end":{"line":54,"column":7}},"locations":[{"start":{"line":52,"column":-2},"end":{"line":54,"column":7}}]},"14":{"type":"branch","line":47,"loc":{"start":{"line":47,"column":44},"end":{"line":49,"column":8}},"locations":[{"start":{"line":47,"column":44},"end":{"line":49,"column":8}}]},"15":{"type":"branch","line":59,"loc":{"start":{"line":59,"column":29},"end":{"line":72,"column":3}},"locations":[{"start":{"line":59,"column":29},"end":{"line":72,"column":3}}]},"16":{"type":"branch","line":66,"loc":{"start":{"line":66,"column":-2},"end":{"line":69,"column":5}},"locations":[{"start":{"line":66,"column":-2},"end":{"line":69,"column":5}}]},"17":{"type":"branch","line":67,"loc":{"start":{"line":67,"column":-2},"end":{"line":68,"column":7}},"locations":[{"start":{"line":67,"column":-2},"end":{"line":68,"column":7}}]},"18":{"type":"branch","line":75,"loc":{"start":{"line":75,"column":28},"end":{"line":81,"column":3}},"locations":[{"start":{"line":75,"column":28},"end":{"line":81,"column":3}}]},"19":{"type":"branch","line":77,"loc":{"start":{"line":77,"column":31},"end":{"line":77,"column":55}},"locations":[{"start":{"line":77,"column":31},"end":{"line":77,"column":55}}]},"20":{"type":"branch","line":77,"loc":{"start":{"line":77,"column":56},"end":{"line":77,"column":62}},"locations":[{"start":{"line":77,"column":56},"end":{"line":77,"column":62}}]},"21":{"type":"branch","line":78,"loc":{"start":{"line":78,"column":31},"end":{"line":78,"column":61}},"locations":[{"start":{"line":78,"column":31},"end":{"line":78,"column":61}}]},"22":{"type":"branch","line":78,"loc":{"start":{"line":78,"column":62},"end":{"line":78,"column":68}},"locations":[{"start":{"line":78,"column":62},"end":{"line":78,"column":68}}]}},"b":{"0":[1124508],"1":[1124496],"2":[91084176],"3":[448451],"4":[36324531],"5":[336953],"6":[27293193],"7":[233508429],"8":[24260616],"9":[1909900],"10":[17189100],"11":[1909900],"12":[14699305],"13":[880666],"14":[132293745],"15":[336955],"16":[1010865],"17":[3032595],"18":[1124494],"19":[448449],"20":[676045],"21":[336951],"22":[787543]},"fnMap":{"0":{"name":"checkFactory","decl":{"start":{"line":2,"column":-2},"end":{"line":90,"column":1}},"loc":{"start":{"line":2,"column":-2},"end":{"line":90,"column":1}},"line":2},"1":{"name":"checkRow","decl":{"start":{"line":2,"column":20},"end":{"line":10,"column":3}},"loc":{"start":{"line":2,"column":20},"end":{"line":10,"column":3}},"line":2},"2":{"name":"checkColumn","decl":{"start":{"line":12,"column":23},"end":{"line":19,"column":3}},"loc":{"start":{"line":12,"column":23},"end":{"line":19,"column":3}},"line":12},"3":{"name":"checkSquare","decl":{"start":{"line":21,"column":23},"end":{"line":36,"column":3}},"loc":{"start":{"line":21,"column":23},"end":{"line":36,"column":3}},"line":21},"4":{"name":"getArrValues","decl":{"start":{"line":38,"column":24},"end":{"line":42,"column":3}},"loc":{"start":{"line":38,"column":24},"end":{"line":42,"column":3}},"line":38},"5":{"name":"haveOnlyUniqueValues","decl":{"start":{"line":44,"column":32},"end":{"line":57,"column":3}},"loc":{"start":{"line":44,"column":32},"end":{"line":57,"column":3}},"line":44},"6":{"name":"getSquarePosition","decl":{"start":{"line":59,"column":29},"end":{"line":72,"column":3}},"loc":{"start":{"line":59,"column":29},"end":{"line":72,"column":3}},"line":59},"7":{"name":"gridIsValidAtPos","decl":{"start":{"line":75,"column":28},"end":{"line":81,"column":3}},"loc":{"start":{"line":75,"column":28},"end":{"line":81,"column":3}},"line":75}},"f":{"0":1124508,"1":1124496,"2":448451,"3":336953,"4":1909900,"5":1909900,"6":336955,"7":1124494}}
,"C:\\Users\\Maxime\\Desktop\\Portfolio\\Sudoku\\factories\\datas.factory.js": {"path":"C:\\Users\\Maxime\\Desktop\\Portfolio\\Sudoku\\factories\\datas.factory.js","all":false,"statementMap":{"0":{"start":{"line":1,"column":0},"end":{"line":1,"column":45}},"1":{"start":{"line":2,"column":0},"end":{"line":2,"column":66}},"2":{"start":{"line":3,"column":0},"end":{"line":3,"column":0}},"3":{"start":{"line":4,"column":0},"end":{"line":4,"column":25}},"4":{"start":{"line":5,"column":0},"end":{"line":5,"column":43}},"5":{"start":{"line":6,"column":0},"end":{"line":6,"column":75}},"6":{"start":{"line":7,"column":0},"end":{"line":7,"column":3}},"7":{"start":{"line":8,"column":0},"end":{"line":8,"column":0}},"8":{"start":{"line":9,"column":0},"end":{"line":9,"column":40}},"9":{"start":{"line":10,"column":0},"end":{"line":10,"column":44}},"10":{"start":{"line":11,"column":0},"end":{"line":11,"column":3}},"11":{"start":{"line":12,"column":0},"end":{"line":12,"column":0}},"12":{"start":{"line":13,"column":0},"end":{"line":13,"column":48}},"13":{"start":{"line":14,"column":0},"end":{"line":14,"column":23}},"14":{"start":{"line":15,"column":0},"end":{"line":15,"column":23}},"15":{"start":{"line":16,"column":0},"end":{"line":16,"column":0}},"16":{"start":{"line":17,"column":0},"end":{"line":17,"column":14}},"17":{"start":{"line":18,"column":0},"end":{"line":18,"column":0}},"18":{"start":{"line":19,"column":0},"end":{"line":19,"column":25}},"19":{"start":{"line":20,"column":0},"end":{"line":20,"column":18}},"20":{"start":{"line":21,"column":0},"end":{"line":21,"column":16}},"21":{"start":{"line":22,"column":0},"end":{"line":22,"column":5}},"22":{"start":{"line":23,"column":0},"end":{"line":23,"column":33}},"23":{"start":{"line":24,"column":0},"end":{"line":24,"column":3}},"24":{"start":{"line":25,"column":0},"end":{"line":25,"column":0}},"25":{"start":{"line":26,"column":0},"end":{"line":26,"column":45}},"26":{"start":{"line":27,"column":0},"end":{"line":27,"column":33}},"27":{"start":{"line":28,"column":0},"end":{"line":28,"column":0}},"28":{"start":{"line":29,"column":0},"end":{"line":29,"column":21}},"29":{"start":{"line":30,"column":0},"end":{"line":30,"column":33}},"30":{"start":{"line":31,"column":0},"end":{"line":31,"column":44}},"31":{"start":{"line":32,"column":0},"end":{"line":32,"column":44}},"32":{"start":{"line":33,"column":0},"end":{"line":33,"column":0}},"33":{"start":{"line":34,"column":0},"end":{"line":34,"column":56}},"34":{"start":{"line":35,"column":0},"end":{"line":35,"column":51}},"35":{"start":{"line":36,"column":0},"end":{"line":36,"column":8}},"36":{"start":{"line":37,"column":0},"end":{"line":37,"column":0}},"37":{"start":{"line":38,"column":0},"end":{"line":38,"column":34}},"38":{"start":{"line":39,"column":0},"end":{"line":39,"column":47}},"39":{"start":{"line":40,"column":0},"end":{"line":40,"column":7}},"40":{"start":{"line":41,"column":0},"end":{"line":41,"column":5}},"41":{"start":{"line":42,"column":0},"end":{"line":42,"column":17}},"42":{"start":{"line":43,"column":0},"end":{"line":43,"column":3}},"43":{"start":{"line":44,"column":0},"end":{"line":44,"column":0}},"44":{"start":{"line":45,"column":0},"end":{"line":45,"column":50}},"45":{"start":{"line":46,"column":0},"end":{"line":46,"column":65}},"46":{"start":{"line":47,"column":0},"end":{"line":47,"column":0}},"47":{"start":{"line":48,"column":0},"end":{"line":48,"column":50}},"48":{"start":{"line":49,"column":0},"end":{"line":49,"column":3}},"49":{"start":{"line":50,"column":0},"end":{"line":50,"column":0}},"50":{"start":{"line":51,"column":0},"end":{"line":51,"column":10}},"51":{"start":{"line":52,"column":0},"end":{"line":52,"column":13}},"52":{"start":{"line":53,"column":0},"end":{"line":53,"column":0}},"53":{"start":{"line":54,"column":0},"end":{"line":54,"column":26}},"54":{"start":{"line":55,"column":0},"end":{"line":55,"column":50}},"55":{"start":{"line":56,"column":0},"end":{"line":56,"column":6}},"56":{"start":{"line":57,"column":0},"end":{"line":57,"column":0}},"57":{"start":{"line":58,"column":0},"end":{"line":58,"column":41}},"58":{"start":{"line":59,"column":0},"end":{"line":59,"column":32}},"59":{"start":{"line":60,"column":0},"end":{"line":60,"column":0}},"60":{"start":{"line":61,"column":0},"end":{"line":61,"column":31}},"61":{"start":{"line":62,"column":0},"end":{"line":62,"column":34}},"62":{"start":{"line":63,"column":0},"end":{"line":63,"column":55}},"63":{"start":{"line":64,"column":0},"end":{"line":64,"column":7}},"64":{"start":{"line":65,"column":0},"end":{"line":65,"column":6}},"65":{"start":{"line":66,"column":0},"end":{"line":66,"column":0}},"66":{"start":{"line":67,"column":0},"end":{"line":67,"column":38}},"67":{"start":{"line":68,"column":0},"end":{"line":68,"column":26}},"68":{"start":{"line":69,"column":0},"end":{"line":69,"column":35}},"69":{"start":{"line":70,"column":0},"end":{"line":70,"column":37}},"70":{"start":{"line":71,"column":0},"end":{"line":71,"column":47}},"71":{"start":{"line":72,"column":0},"end":{"line":72,"column":9}},"72":{"start":{"line":73,"column":0},"end":{"line":73,"column":7}},"73":{"start":{"line":74,"column":0},"end":{"line":74,"column":27}},"74":{"start":{"line":75,"column":0},"end":{"line":75,"column":6}},"75":{"start":{"line":76,"column":0},"end":{"line":76,"column":0}},"76":{"start":{"line":77,"column":0},"end":{"line":77,"column":42}},"77":{"start":{"line":78,"column":0},"end":{"line":78,"column":22}},"78":{"start":{"line":79,"column":0},"end":{"line":79,"column":22}},"79":{"start":{"line":80,"column":0},"end":{"line":80,"column":27}},"80":{"start":{"line":81,"column":0},"end":{"line":81,"column":32}},"81":{"start":{"line":82,"column":0},"end":{"line":82,"column":0}},"82":{"start":{"line":83,"column":0},"end":{"line":83,"column":54}},"83":{"start":{"line":84,"column":0},"end":{"line":84,"column":54}},"84":{"start":{"line":85,"column":0},"end":{"line":85,"column":24}},"85":{"start":{"line":86,"column":0},"end":{"line":86,"column":19}},"86":{"start":{"line":87,"column":0},"end":{"line":87,"column":18}},"87":{"start":{"line":88,"column":0},"end":{"line":88,"column":9}},"88":{"start":{"line":89,"column":0},"end":{"line":89,"column":0}},"89":{"start":{"line":90,"column":0},"end":{"line":90,"column":68}},"90":{"start":{"line":91,"column":0},"end":{"line":91,"column":31}},"91":{"start":{"line":92,"column":0},"end":{"line":92,"column":15}},"92":{"start":{"line":93,"column":0},"end":{"line":93,"column":9}},"93":{"start":{"line":94,"column":0},"end":{"line":94,"column":0}},"94":{"start":{"line":95,"column":0},"end":{"line":95,"column":35}},"95":{"start":{"line":96,"column":0},"end":{"line":96,"column":77}},"96":{"start":{"line":97,"column":0},"end":{"line":97,"column":37}},"97":{"start":{"line":98,"column":0},"end":{"line":98,"column":37}},"98":{"start":{"line":99,"column":0},"end":{"line":99,"column":0}},"99":{"start":{"line":100,"column":0},"end":{"line":100,"column":67}},"100":{"start":{"line":101,"column":0},"end":{"line":101,"column":7}},"101":{"start":{"line":102,"column":0},"end":{"line":102,"column":0}},"102":{"start":{"line":103,"column":0},"end":{"line":103,"column":88}},"103":{"start":{"line":104,"column":0},"end":{"line":104,"column":28}},"104":{"start":{"line":105,"column":0},"end":{"line":105,"column":6}},"105":{"start":{"line":106,"column":0},"end":{"line":106,"column":0}},"106":{"start":{"line":107,"column":0},"end":{"line":107,"column":56}},"107":{"start":{"line":108,"column":0},"end":{"line":108,"column":29}},"108":{"start":{"line":109,"column":0},"end":{"line":109,"column":29}},"109":{"start":{"line":110,"column":0},"end":{"line":110,"column":0}},"110":{"start":{"line":111,"column":0},"end":{"line":111,"column":44}},"111":{"start":{"line":112,"column":0},"end":{"line":112,"column":67}},"112":{"start":{"line":113,"column":0},"end":{"line":113,"column":40}},"113":{"start":{"line":114,"column":0},"end":{"line":114,"column":40}},"114":{"start":{"line":115,"column":0},"end":{"line":115,"column":0}},"115":{"start":{"line":116,"column":0},"end":{"line":116,"column":58}},"116":{"start":{"line":117,"column":0},"end":{"line":117,"column":0}},"117":{"start":{"line":118,"column":0},"end":{"line":118,"column":73}},"118":{"start":{"line":119,"column":0},"end":{"line":119,"column":49}},"119":{"start":{"line":120,"column":0},"end":{"line":120,"column":0}},"120":{"start":{"line":121,"column":0},"end":{"line":121,"column":73}},"121":{"start":{"line":122,"column":0},"end":{"line":122,"column":21}},"122":{"start":{"line":123,"column":0},"end":{"line":123,"column":7}},"123":{"start":{"line":124,"column":0},"end":{"line":124,"column":0}},"124":{"start":{"line":125,"column":0},"end":{"line":125,"column":33}},"125":{"start":{"line":126,"column":0},"end":{"line":126,"column":6}},"126":{"start":{"line":127,"column":0},"end":{"line":127,"column":0}},"127":{"start":{"line":128,"column":0},"end":{"line":128,"column":38}},"128":{"start":{"line":129,"column":0},"end":{"line":129,"column":20}},"129":{"start":{"line":130,"column":0},"end":{"line":130,"column":15}},"130":{"start":{"line":131,"column":0},"end":{"line":131,"column":15}},"131":{"start":{"line":132,"column":0},"end":{"line":132,"column":29}},"132":{"start":{"line":133,"column":0},"end":{"line":133,"column":7}},"133":{"start":{"line":134,"column":0},"end":{"line":134,"column":57}},"134":{"start":{"line":135,"column":0},"end":{"line":135,"column":34}},"135":{"start":{"line":136,"column":0},"end":{"line":136,"column":7}},"136":{"start":{"line":137,"column":0},"end":{"line":137,"column":33}},"137":{"start":{"line":138,"column":0},"end":{"line":138,"column":25}},"138":{"start":{"line":139,"column":0},"end":{"line":139,"column":0}},"139":{"start":{"line":140,"column":0},"end":{"line":140,"column":52}},"140":{"start":{"line":141,"column":0},"end":{"line":141,"column":21}},"141":{"start":{"line":142,"column":0},"end":{"line":142,"column":34}},"142":{"start":{"line":143,"column":0},"end":{"line":143,"column":60}},"143":{"start":{"line":144,"column":0},"end":{"line":144,"column":0}},"144":{"start":{"line":145,"column":0},"end":{"line":145,"column":49}},"145":{"start":{"line":146,"column":0},"end":{"line":146,"column":0}},"146":{"start":{"line":147,"column":0},"end":{"line":147,"column":55}},"147":{"start":{"line":148,"column":0},"end":{"line":148,"column":47}},"148":{"start":{"line":149,"column":0},"end":{"line":149,"column":70}},"149":{"start":{"line":150,"column":0},"end":{"line":150,"column":0}},"150":{"start":{"line":151,"column":0},"end":{"line":151,"column":70}},"151":{"start":{"line":152,"column":0},"end":{"line":152,"column":26}},"152":{"start":{"line":153,"column":0},"end":{"line":153,"column":32}},"153":{"start":{"line":154,"column":0},"end":{"line":154,"column":16}},"154":{"start":{"line":155,"column":0},"end":{"line":155,"column":47}},"155":{"start":{"line":156,"column":0},"end":{"line":156,"column":9}},"156":{"start":{"line":157,"column":0},"end":{"line":157,"column":7}},"157":{"start":{"line":158,"column":0},"end":{"line":158,"column":0}},"158":{"start":{"line":159,"column":0},"end":{"line":159,"column":145}},"159":{"start":{"line":160,"column":0},"end":{"line":160,"column":28}},"160":{"start":{"line":161,"column":0},"end":{"line":161,"column":6}},"161":{"start":{"line":162,"column":0},"end":{"line":162,"column":0}},"162":{"start":{"line":163,"column":0},"end":{"line":163,"column":54}},"163":{"start":{"line":164,"column":0},"end":{"line":164,"column":61}},"164":{"start":{"line":165,"column":0},"end":{"line":165,"column":70}},"165":{"start":{"line":166,"column":0},"end":{"line":166,"column":0}},"166":{"start":{"line":167,"column":0},"end":{"line":167,"column":73}},"167":{"start":{"line":168,"column":0},"end":{"line":168,"column":0}},"168":{"start":{"line":169,"column":0},"end":{"line":169,"column":56}},"169":{"start":{"line":170,"column":0},"end":{"line":170,"column":33}},"170":{"start":{"line":171,"column":0},"end":{"line":171,"column":7}},"171":{"start":{"line":172,"column":0},"end":{"line":172,"column":0}},"172":{"start":{"line":173,"column":0},"end":{"line":173,"column":72}},"173":{"start":{"line":174,"column":0},"end":{"line":174,"column":31}},"174":{"start":{"line":175,"column":0},"end":{"line":175,"column":8}},"175":{"start":{"line":176,"column":0},"end":{"line":176,"column":0}},"176":{"start":{"line":177,"column":0},"end":{"line":177,"column":51}},"177":{"start":{"line":178,"column":0},"end":{"line":178,"column":77}},"178":{"start":{"line":179,"column":0},"end":{"line":179,"column":0}},"179":{"start":{"line":180,"column":0},"end":{"line":180,"column":63}},"180":{"start":{"line":181,"column":0},"end":{"line":181,"column":44}},"181":{"start":{"line":182,"column":0},"end":{"line":182,"column":8}},"182":{"start":{"line":183,"column":0},"end":{"line":183,"column":0}},"183":{"start":{"line":184,"column":0},"end":{"line":184,"column":29}},"184":{"start":{"line":185,"column":0},"end":{"line":185,"column":6}},"185":{"start":{"line":186,"column":0},"end":{"line":186,"column":3}},"186":{"start":{"line":187,"column":0},"end":{"line":187,"column":1}},"187":{"start":{"line":188,"column":0},"end":{"line":188,"column":0}},"188":{"start":{"line":189,"column":0},"end":{"line":189,"column":27}}},"s":{"0":1,"1":1,"2":1,"3":1,"4":22,"5":678780,"6":678780,"7":22,"8":22,"9":1124494,"10":1124494,"11":22,"12":22,"13":243912,"14":243912,"15":243912,"16":243912,"17":243912,"18":243912,"19":20359,"20":20359,"21":20359,"22":243912,"23":243912,"24":22,"25":22,"26":3,"27":3,"28":3,"29":3,"30":67,"31":67,"32":67,"33":67,"34":679,"35":679,"36":67,"37":67,"38":63,"39":63,"40":67,"41":3,"42":3,"43":22,"44":22,"45":243,"46":243,"47":243,"48":243,"49":22,"50":22,"51":22,"52":22,"53":22,"54":1,"55":1,"56":22,"57":22,"58":5,"59":5,"60":5,"61":8374,"62":8374,"63":8374,"64":5,"65":22,"66":22,"67":8380,"68":8380,"69":75420,"70":678780,"71":678780,"72":75420,"73":8380,"74":8380,"75":22,"76":22,"77":8375,"78":8375,"79":8375,"80":8375,"81":8375,"82":8375,"83":252198,"84":252198,"85":252198,"86":252198,"87":252198,"88":252198,"89":252198,"90":252198,"91":8370,"92":8370,"93":252198,"94":243828,"95":243828,"96":243828,"97":243828,"98":243828,"99":243828,"100":243828,"101":8375,"102":8375,"103":8375,"104":8375,"105":22,"106":22,"107":243831,"108":243831,"109":243831,"110":243831,"111":243912,"112":243912,"113":243912,"114":243912,"115":243912,"116":243906,"117":243906,"118":243906,"119":243906,"120":243912,"121":81,"122":243912,"123":243831,"124":6,"125":243831,"126":22,"127":22,"128":252202,"129":252202,"130":252202,"131":252202,"132":252202,"133":252202,"134":252201,"135":252201,"136":252202,"137":252202,"138":252202,"139":252202,"140":1124494,"141":1124494,"142":1124494,"143":1124494,"144":1124494,"145":1124494,"146":1124494,"147":1124494,"148":1124494,"149":1124494,"150":1124494,"151":1124494,"152":243831,"153":1124494,"154":880663,"155":880663,"156":1124494,"157":252202,"158":252202,"159":252202,"160":252202,"161":22,"162":22,"163":3,"164":3,"165":3,"166":3,"167":3,"168":3,"169":3,"170":3,"171":3,"172":3,"173":63,"174":63,"175":3,"176":3,"177":243,"178":243,"179":243,"180":180,"181":243,"182":3,"183":3,"184":3,"185":22,"186":22,"187":1,"188":1},"branchMap":{"0":{"type":"branch","line":4,"loc":{"start":{"line":4,"column":1},"end":{"line":187,"column":1}},"locations":[{"start":{"line":4,"column":1},"end":{"line":187,"column":1}}]},"1":{"type":"branch","line":5,"loc":{"start":{"line":5,"column":27},"end":{"line":7,"column":3}},"locations":[{"start":{"line":5,"column":27},"end":{"line":7,"column":3}}]},"2":{"type":"branch","line":9,"loc":{"start":{"line":9,"column":31},"end":{"line":11,"column":3}},"locations":[{"start":{"line":9,"column":31},"end":{"line":11,"column":3}}]},"3":{"type":"branch","line":13,"loc":{"start":{"line":13,"column":32},"end":{"line":24,"column":3}},"locations":[{"start":{"line":13,"column":32},"end":{"line":24,"column":3}}]},"4":{"type":"branch","line":20,"loc":{"start":{"line":20,"column":-2},"end":{"line":22,"column":5}},"locations":[{"start":{"line":20,"column":-2},"end":{"line":22,"column":5}}]},"5":{"type":"branch","line":26,"loc":{"start":{"line":26,"column":36},"end":{"line":43,"column":3}},"locations":[{"start":{"line":26,"column":36},"end":{"line":43,"column":3}}]},"6":{"type":"branch","line":31,"loc":{"start":{"line":31,"column":-2},"end":{"line":41,"column":5}},"locations":[{"start":{"line":31,"column":-2},"end":{"line":41,"column":5}}]},"7":{"type":"branch","line":39,"loc":{"start":{"line":39,"column":-2},"end":{"line":40,"column":7}},"locations":[{"start":{"line":39,"column":-2},"end":{"line":40,"column":7}}]},"8":{"type":"branch","line":34,"loc":{"start":{"line":34,"column":48},"end":{"line":36,"column":8}},"locations":[{"start":{"line":34,"column":48},"end":{"line":36,"column":8}}]},"9":{"type":"branch","line":35,"loc":{"start":{"line":35,"column":33},"end":{"line":35,"column":51}},"locations":[{"start":{"line":35,"column":33},"end":{"line":35,"column":51}}]},"10":{"type":"branch","line":45,"loc":{"start":{"line":45,"column":24},"end":{"line":49,"column":3}},"locations":[{"start":{"line":45,"column":24},"end":{"line":49,"column":3}}]},"11":{"type":"branch","line":54,"loc":{"start":{"line":54,"column":14},"end":{"line":56,"column":6}},"locations":[{"start":{"line":54,"column":14},"end":{"line":56,"column":6}}]},"12":{"type":"branch","line":58,"loc":{"start":{"line":58,"column":29},"end":{"line":65,"column":6}},"locations":[{"start":{"line":58,"column":29},"end":{"line":65,"column":6}}]},"13":{"type":"branch","line":62,"loc":{"start":{"line":62,"column":-2},"end":{"line":64,"column":7}},"locations":[{"start":{"line":62,"column":-2},"end":{"line":64,"column":7}}]},"14":{"type":"branch","line":67,"loc":{"start":{"line":67,"column":26},"end":{"line":75,"column":6}},"locations":[{"start":{"line":67,"column":26},"end":{"line":75,"column":6}}]},"15":{"type":"branch","line":70,"loc":{"start":{"line":70,"column":-2},"end":{"line":73,"column":7}},"locations":[{"start":{"line":70,"column":-2},"end":{"line":73,"column":7}}]},"16":{"type":"branch","line":71,"loc":{"start":{"line":71,"column":-2},"end":{"line":72,"column":9}},"locations":[{"start":{"line":71,"column":-2},"end":{"line":72,"column":9}}]},"17":{"type":"branch","line":77,"loc":{"start":{"line":77,"column":30},"end":{"line":105,"column":6}},"locations":[{"start":{"line":77,"column":30},"end":{"line":105,"column":6}}]},"18":{"type":"branch","line":83,"loc":{"start":{"line":83,"column":32},"end":{"line":83,"column":52}},"locations":[{"start":{"line":83,"column":32},"end":{"line":83,"column":52}}]},"19":{"type":"branch","line":84,"loc":{"start":{"line":84,"column":-2},"end":{"line":101,"column":7}},"locations":[{"start":{"line":84,"column":-2},"end":{"line":101,"column":7}}]},"20":{"type":"branch","line":92,"loc":{"start":{"line":92,"column":-2},"end":{"line":93,"column":9}},"locations":[{"start":{"line":92,"column":-2},"end":{"line":93,"column":9}}]},"21":{"type":"branch","line":95,"loc":{"start":{"line":95,"column":-2},"end":{"line":101,"column":7}},"locations":[{"start":{"line":95,"column":-2},"end":{"line":101,"column":7}}]},"22":{"type":"branch","line":107,"loc":{"start":{"line":107,"column":26},"end":{"line":126,"column":6}},"locations":[{"start":{"line":107,"column":26},"end":{"line":126,"column":6}}]},"23":{"type":"branch","line":111,"loc":{"start":{"line":111,"column":27},"end":{"line":111,"column":42}},"locations":[{"start":{"line":111,"column":27},"end":{"line":111,"column":42}}]},"24":{"type":"branch","line":112,"loc":{"start":{"line":112,"column":-2},"end":{"line":123,"column":7}},"locations":[{"start":{"line":112,"column":-2},"end":{"line":123,"column":7}}]},"25":{"type":"branch","line":116,"loc":{"start":{"line":116,"column":29},"end":{"line":116,"column":34}},"locations":[{"start":{"line":116,"column":29},"end":{"line":116,"column":34}}]},"26":{"type":"branch","line":116,"loc":{"start":{"line":116,"column":34},"end":{"line":121,"column":28}},"locations":[{"start":{"line":116,"column":34},"end":{"line":121,"column":28}}]},"27":{"type":"branch","line":121,"loc":{"start":{"line":121,"column":39},"end":{"line":121,"column":73}},"locations":[{"start":{"line":121,"column":39},"end":{"line":121,"column":73}}]},"28":{"type":"branch","line":122,"loc":{"start":{"line":122,"column":0},"end":{"line":122,"column":21}},"locations":[{"start":{"line":122,"column":0},"end":{"line":122,"column":21}}]},"29":{"type":"branch","line":125,"loc":{"start":{"line":125,"column":-2},"end":{"line":126,"column":5}},"locations":[{"start":{"line":125,"column":-2},"end":{"line":126,"column":5}}]},"30":{"type":"branch","line":128,"loc":{"start":{"line":128,"column":29},"end":{"line":161,"column":6}},"locations":[{"start":{"line":128,"column":29},"end":{"line":161,"column":6}}]},"31":{"type":"branch","line":134,"loc":{"start":{"line":134,"column":54},"end":{"line":136,"column":7}},"locations":[{"start":{"line":134,"column":54},"end":{"line":136,"column":7}}]},"32":{"type":"branch","line":140,"loc":{"start":{"line":140,"column":31},"end":{"line":140,"column":50}},"locations":[{"start":{"line":140,"column":31},"end":{"line":140,"column":50}}]},"33":{"type":"branch","line":141,"loc":{"start":{"line":141,"column":-2},"end":{"line":157,"column":7}},"locations":[{"start":{"line":141,"column":-2},"end":{"line":157,"column":7}}]},"34":{"type":"branch","line":153,"loc":{"start":{"line":153,"column":-2},"end":{"line":154,"column":10}},"locations":[{"start":{"line":153,"column":-2},"end":{"line":154,"column":10}}]},"35":{"type":"branch","line":154,"loc":{"start":{"line":154,"column":10},"end":{"line":156,"column":9}},"locations":[{"start":{"line":154,"column":10},"end":{"line":156,"column":9}}]},"36":{"type":"branch","line":163,"loc":{"start":{"line":163,"column":23},"end":{"line":185,"column":6}},"locations":[{"start":{"line":163,"column":23},"end":{"line":185,"column":6}}]},"37":{"type":"branch","line":173,"loc":{"start":{"line":173,"column":64},"end":{"line":175,"column":8}},"locations":[{"start":{"line":173,"column":64},"end":{"line":175,"column":8}}]},"38":{"type":"branch","line":177,"loc":{"start":{"line":177,"column":41},"end":{"line":182,"column":8}},"locations":[{"start":{"line":177,"column":41},"end":{"line":182,"column":8}}]},"39":{"type":"branch","line":180,"loc":{"start":{"line":180,"column":28},"end":{"line":180,"column":63}},"locations":[{"start":{"line":180,"column":28},"end":{"line":180,"column":63}}]},"40":{"type":"branch","line":181,"loc":{"start":{"line":181,"column":0},"end":{"line":181,"column":44}},"locations":[{"start":{"line":181,"column":0},"end":{"line":181,"column":44}}]}},"b":{"0":[22],"1":[678780],"2":[1124494],"3":[243912],"4":[20359],"5":[3],"6":[67],"7":[63],"8":[679],"9":[73],"10":[243],"11":[1],"12":[5],"13":[8374],"14":[8380],"15":[75420],"16":[678780],"17":[8375],"18":[252198],"19":[252198],"20":[8370],"21":[243828],"22":[243831],"23":[243912],"24":[243912],"25":[6],"26":[243906],"27":[243825],"28":[81],"29":[6],"30":[252202],"31":[252201],"32":[1132865],"33":[1124494],"34":[243831],"35":[880663],"36":[3],"37":[63],"38":[243],"39":[63],"40":[180]},"fnMap":{"0":{"name":"datasFactory","decl":{"start":{"line":4,"column":1},"end":{"line":187,"column":1}},"loc":{"start":{"line":4,"column":1},"end":{"line":187,"column":1}},"line":4},"1":{"name":"createEmptyCell","decl":{"start":{"line":5,"column":27},"end":{"line":7,"column":3}},"loc":{"start":{"line":5,"column":27},"end":{"line":7,"column":3}},"line":5},"2":{"name":"getRandomValueInArr","decl":{"start":{"line":9,"column":31},"end":{"line":11,"column":3}},"loc":{"start":{"line":9,"column":31},"end":{"line":11,"column":3}},"line":9},"3":{"name":"getNextCellPositions","decl":{"start":{"line":13,"column":32},"end":{"line":24,"column":3}},"loc":{"start":{"line":13,"column":32},"end":{"line":24,"column":3}},"line":13},"4":{"name":"getUniqueRandomPositions","decl":{"start":{"line":26,"column":36},"end":{"line":43,"column":3}},"loc":{"start":{"line":26,"column":36},"end":{"line":43,"column":3}},"line":26},"5":{"name":"evalKeepCell","decl":{"start":{"line":45,"column":24},"end":{"line":49,"column":3}},"loc":{"start":{"line":45,"column":24},"end":{"line":49,"column":3}},"line":45},"6":{"name":"getGrid","decl":{"start":{"line":54,"column":14},"end":{"line":56,"column":6}},"loc":{"start":{"line":54,"column":14},"end":{"line":56,"column":6}},"line":54},"7":{"name":"getRandomFullValidGrid","decl":{"start":{"line":58,"column":29},"end":{"line":65,"column":6}},"loc":{"start":{"line":58,"column":29},"end":{"line":65,"column":6}},"line":58},"8":{"name":"createEmptyFullGrid","decl":{"start":{"line":67,"column":26},"end":{"line":75,"column":6}},"loc":{"start":{"line":67,"column":26},"end":{"line":75,"column":6}},"line":67},"9":{"name":"fillGridWithValidValues","decl":{"start":{"line":77,"column":30},"end":{"line":105,"column":6}},"loc":{"start":{"line":77,"column":30},"end":{"line":105,"column":6}},"line":77},"10":{"name":"getNextEmptyCellPos","decl":{"start":{"line":107,"column":26},"end":{"line":126,"column":6}},"loc":{"start":{"line":107,"column":26},"end":{"line":126,"column":6}},"line":107},"11":{"name":"fillCellWithValidValue","decl":{"start":{"line":128,"column":29},"end":{"line":161,"column":6}},"loc":{"start":{"line":128,"column":29},"end":{"line":161,"column":6}},"line":128},"12":{"name":"makeGridPlayable","decl":{"start":{"line":163,"column":23},"end":{"line":185,"column":6}},"loc":{"start":{"line":163,"column":23},"end":{"line":185,"column":6}},"line":163}},"f":{"0":22,"1":678780,"2":1124494,"3":243912,"4":3,"5":243,"6":1,"7":5,"8":8380,"9":8375,"10":243831,"11":252202,"12":3}}
,"C:\\Users\\Maxime\\Desktop\\Portfolio\\Sudoku\\factoriesDOM\\cellDOM.factory.js": {"path":"C:\\Users\\Maxime\\Desktop\\Portfolio\\Sudoku\\factoriesDOM\\cellDOM.factory.js","all":false,"statementMap":{"0":{"start":{"line":1,"column":0},"end":{"line":1,"column":55}},"1":{"start":{"line":2,"column":0},"end":{"line":2,"column":0}},"2":{"start":{"line":3,"column":0},"end":{"line":3,"column":47}},"3":{"start":{"line":4,"column":0},"end":{"line":4,"column":31}},"4":{"start":{"line":5,"column":0},"end":{"line":5,"column":0}},"5":{"start":{"line":6,"column":0},"end":{"line":6,"column":58}},"6":{"start":{"line":7,"column":0},"end":{"line":7,"column":40}},"7":{"start":{"line":8,"column":0},"end":{"line":8,"column":0}},"8":{"start":{"line":9,"column":0},"end":{"line":9,"column":34}},"9":{"start":{"line":10,"column":0},"end":{"line":10,"column":32}},"10":{"start":{"line":11,"column":0},"end":{"line":11,"column":58}},"11":{"start":{"line":12,"column":0},"end":{"line":12,"column":58}},"12":{"start":{"line":13,"column":0},"end":{"line":13,"column":0}},"13":{"start":{"line":14,"column":0},"end":{"line":14,"column":57}},"14":{"start":{"line":15,"column":0},"end":{"line":15,"column":50}},"15":{"start":{"line":16,"column":0},"end":{"line":16,"column":6}},"16":{"start":{"line":17,"column":0},"end":{"line":17,"column":3}},"17":{"start":{"line":18,"column":0},"end":{"line":18,"column":0}},"18":{"start":{"line":19,"column":0},"end":{"line":19,"column":37}},"19":{"start":{"line":20,"column":0},"end":{"line":20,"column":60}},"20":{"start":{"line":21,"column":0},"end":{"line":21,"column":0}},"21":{"start":{"line":22,"column":0},"end":{"line":22,"column":52}},"22":{"start":{"line":23,"column":0},"end":{"line":23,"column":52}},"23":{"start":{"line":24,"column":0},"end":{"line":24,"column":0}},"24":{"start":{"line":25,"column":0},"end":{"line":25,"column":38}},"25":{"start":{"line":26,"column":0},"end":{"line":26,"column":30}},"26":{"start":{"line":27,"column":0},"end":{"line":27,"column":0}},"27":{"start":{"line":28,"column":0},"end":{"line":28,"column":46}},"28":{"start":{"line":29,"column":0},"end":{"line":29,"column":3}},"29":{"start":{"line":30,"column":0},"end":{"line":30,"column":0}},"30":{"start":{"line":31,"column":0},"end":{"line":31,"column":33}},"31":{"start":{"line":32,"column":0},"end":{"line":32,"column":40}},"32":{"start":{"line":33,"column":0},"end":{"line":33,"column":34}},"33":{"start":{"line":34,"column":0},"end":{"line":34,"column":0}},"34":{"start":{"line":35,"column":0},"end":{"line":35,"column":32}},"35":{"start":{"line":36,"column":0},"end":{"line":36,"column":58}},"36":{"start":{"line":37,"column":0},"end":{"line":37,"column":58}},"37":{"start":{"line":38,"column":0},"end":{"line":38,"column":0}},"38":{"start":{"line":39,"column":0},"end":{"line":39,"column":57}},"39":{"start":{"line":40,"column":0},"end":{"line":40,"column":60}},"40":{"start":{"line":41,"column":0},"end":{"line":41,"column":6}},"41":{"start":{"line":42,"column":0},"end":{"line":42,"column":3}},"42":{"start":{"line":43,"column":0},"end":{"line":43,"column":0}},"43":{"start":{"line":44,"column":0},"end":{"line":44,"column":40}},"44":{"start":{"line":45,"column":0},"end":{"line":45,"column":52}},"45":{"start":{"line":46,"column":0},"end":{"line":46,"column":52}},"46":{"start":{"line":47,"column":0},"end":{"line":47,"column":61}},"47":{"start":{"line":48,"column":0},"end":{"line":48,"column":0}},"48":{"start":{"line":49,"column":0},"end":{"line":49,"column":66}},"49":{"start":{"line":50,"column":0},"end":{"line":50,"column":34}},"50":{"start":{"line":51,"column":0},"end":{"line":51,"column":0}},"51":{"start":{"line":52,"column":0},"end":{"line":52,"column":40}},"52":{"start":{"line":53,"column":0},"end":{"line":53,"column":34}},"53":{"start":{"line":54,"column":0},"end":{"line":54,"column":0}},"54":{"start":{"line":55,"column":0},"end":{"line":55,"column":32}},"55":{"start":{"line":56,"column":0},"end":{"line":56,"column":58}},"56":{"start":{"line":57,"column":0},"end":{"line":57,"column":58}},"57":{"start":{"line":58,"column":0},"end":{"line":58,"column":0}},"58":{"start":{"line":59,"column":0},"end":{"line":59,"column":59}},"59":{"start":{"line":60,"column":0},"end":{"line":60,"column":25}},"60":{"start":{"line":61,"column":0},"end":{"line":61,"column":69}},"61":{"start":{"line":62,"column":0},"end":{"line":62,"column":0}},"62":{"start":{"line":63,"column":0},"end":{"line":63,"column":53}},"63":{"start":{"line":64,"column":0},"end":{"line":64,"column":14}},"64":{"start":{"line":65,"column":0},"end":{"line":65,"column":48}},"65":{"start":{"line":66,"column":0},"end":{"line":66,"column":7}},"66":{"start":{"line":67,"column":0},"end":{"line":67,"column":6}},"67":{"start":{"line":68,"column":0},"end":{"line":68,"column":3}},"68":{"start":{"line":69,"column":0},"end":{"line":69,"column":10}},"69":{"start":{"line":70,"column":0},"end":{"line":70,"column":18}},"70":{"start":{"line":71,"column":0},"end":{"line":71,"column":32}},"71":{"start":{"line":72,"column":0},"end":{"line":72,"column":50}},"72":{"start":{"line":73,"column":0},"end":{"line":73,"column":47}},"73":{"start":{"line":74,"column":0},"end":{"line":74,"column":0}},"74":{"start":{"line":75,"column":0},"end":{"line":75,"column":45}},"75":{"start":{"line":76,"column":0},"end":{"line":76,"column":27}},"76":{"start":{"line":77,"column":0},"end":{"line":77,"column":25}},"77":{"start":{"line":78,"column":0},"end":{"line":78,"column":0}},"78":{"start":{"line":79,"column":0},"end":{"line":79,"column":69}},"79":{"start":{"line":80,"column":0},"end":{"line":80,"column":61}},"80":{"start":{"line":81,"column":0},"end":{"line":81,"column":6}},"81":{"start":{"line":82,"column":0},"end":{"line":82,"column":0}},"82":{"start":{"line":83,"column":0},"end":{"line":83,"column":33}},"83":{"start":{"line":84,"column":0},"end":{"line":84,"column":42}},"84":{"start":{"line":85,"column":0},"end":{"line":85,"column":32}},"85":{"start":{"line":86,"column":0},"end":{"line":86,"column":53}},"86":{"start":{"line":87,"column":0},"end":{"line":87,"column":7}},"87":{"start":{"line":88,"column":0},"end":{"line":88,"column":0}},"88":{"start":{"line":89,"column":0},"end":{"line":89,"column":51}},"89":{"start":{"line":90,"column":0},"end":{"line":90,"column":6}},"90":{"start":{"line":91,"column":0},"end":{"line":91,"column":0}},"91":{"start":{"line":92,"column":0},"end":{"line":92,"column":31}},"92":{"start":{"line":93,"column":0},"end":{"line":93,"column":51}},"93":{"start":{"line":94,"column":0},"end":{"line":94,"column":51}},"94":{"start":{"line":95,"column":0},"end":{"line":95,"column":69}},"95":{"start":{"line":96,"column":0},"end":{"line":96,"column":54}},"96":{"start":{"line":97,"column":0},"end":{"line":97,"column":6}},"97":{"start":{"line":98,"column":0},"end":{"line":98,"column":3}},"98":{"start":{"line":99,"column":0},"end":{"line":99,"column":1}},"99":{"start":{"line":100,"column":0},"end":{"line":100,"column":0}},"100":{"start":{"line":101,"column":0},"end":{"line":101,"column":29}}},"s":{"0":1,"1":1,"2":1,"3":198,"4":198,"5":198,"6":0,"7":0,"8":0,"9":0,"10":0,"11":0,"12":0,"13":0,"14":0,"15":0,"16":0,"17":198,"18":198,"19":0,"20":0,"21":0,"22":0,"23":0,"24":0,"25":0,"26":0,"27":0,"28":0,"29":198,"30":198,"31":0,"32":0,"33":0,"34":0,"35":0,"36":0,"37":0,"38":0,"39":0,"40":0,"41":0,"42":198,"43":198,"44":0,"45":0,"46":0,"47":0,"48":0,"49":0,"50":0,"51":0,"52":0,"53":0,"54":0,"55":0,"56":0,"57":0,"58":0,"59":0,"60":0,"61":0,"62":0,"63":0,"64":0,"65":0,"66":0,"67":0,"68":198,"69":198,"70":198,"71":198,"72":198,"73":198,"74":198,"75":198,"76":198,"77":198,"78":198,"79":198,"80":198,"81":198,"82":198,"83":198,"84":198,"85":0,"86":0,"87":198,"88":198,"89":198,"90":198,"91":198,"92":198,"93":198,"94":198,"95":198,"96":198,"97":198,"98":198,"99":1,"100":1},"branchMap":{"0":{"type":"branch","line":3,"loc":{"start":{"line":3,"column":1},"end":{"line":99,"column":1}},"locations":[{"start":{"line":3,"column":1},"end":{"line":99,"column":1}}]},"1":{"type":"branch","line":71,"loc":{"start":{"line":71,"column":20},"end":{"line":81,"column":6}},"locations":[{"start":{"line":71,"column":20},"end":{"line":81,"column":6}}]},"2":{"type":"branch","line":83,"loc":{"start":{"line":83,"column":21},"end":{"line":90,"column":6}},"locations":[{"start":{"line":83,"column":21},"end":{"line":90,"column":6}}]},"3":{"type":"branch","line":86,"loc":{"start":{"line":86,"column":-2},"end":{"line":87,"column":7}},"locations":[{"start":{"line":86,"column":-2},"end":{"line":87,"column":7}}]},"4":{"type":"branch","line":92,"loc":{"start":{"line":92,"column":19},"end":{"line":97,"column":6}},"locations":[{"start":{"line":92,"column":19},"end":{"line":97,"column":6}}]}},"b":{"0":[198],"1":[198],"2":[198],"3":[0],"4":[198]},"fnMap":{"0":{"name":"cellDOMFactory","decl":{"start":{"line":3,"column":1},"end":{"line":99,"column":1}},"loc":{"start":{"line":3,"column":1},"end":{"line":99,"column":1}},"line":3},"1":{"name":"addClassToCellsOnSameRowColumn","decl":{"start":{"line":6,"column":42},"end":{"line":17,"column":3}},"loc":{"start":{"line":6,"column":42},"end":{"line":17,"column":3}},"line":6},"2":{"name":"handleCellHovering","decl":{"start":{"line":19,"column":30},"end":{"line":29,"column":3}},"loc":{"start":{"line":19,"column":30},"end":{"line":29,"column":3}},"line":19},"3":{"name":"handleCellLeave","decl":{"start":{"line":31,"column":27},"end":{"line":42,"column":3}},"loc":{"start":{"line":31,"column":27},"end":{"line":42,"column":3}},"line":31},"4":{"name":"handleClickCell","decl":{"start":{"line":44,"column":27},"end":{"line":68,"column":3}},"loc":{"start":{"line":44,"column":27},"end":{"line":68,"column":3}},"line":44},"5":{"name":"createCellDOM","decl":{"start":{"line":71,"column":20},"end":{"line":81,"column":6}},"loc":{"start":{"line":71,"column":20},"end":{"line":81,"column":6}},"line":71},"6":{"name":"addCellClasses","decl":{"start":{"line":83,"column":21},"end":{"line":90,"column":6}},"loc":{"start":{"line":83,"column":21},"end":{"line":90,"column":6}},"line":83},"7":{"name":"addAttribute","decl":{"start":{"line":92,"column":19},"end":{"line":97,"column":6}},"loc":{"start":{"line":92,"column":19},"end":{"line":97,"column":6}},"line":92}},"f":{"0":198,"1":0,"2":0,"3":0,"4":0,"5":198,"6":198,"7":198}}
,"C:\\Users\\Maxime\\Desktop\\Portfolio\\Sudoku\\factoriesDOM\\gridDOM.factory.js": {"path":"C:\\Users\\Maxime\\Desktop\\Portfolio\\Sudoku\\factoriesDOM\\gridDOM.factory.js","all":false,"statementMap":{"0":{"start":{"line":1,"column":0},"end":{"line":1,"column":44}},"1":{"start":{"line":2,"column":0},"end":{"line":2,"column":0}},"2":{"start":{"line":3,"column":0},"end":{"line":3,"column":36}},"3":{"start":{"line":4,"column":0},"end":{"line":4,"column":10}},"4":{"start":{"line":5,"column":0},"end":{"line":5,"column":14}},"5":{"start":{"line":6,"column":0},"end":{"line":6,"column":30}},"6":{"start":{"line":7,"column":0},"end":{"line":7,"column":48}},"7":{"start":{"line":8,"column":0},"end":{"line":8,"column":0}},"8":{"start":{"line":9,"column":0},"end":{"line":9,"column":51}},"9":{"start":{"line":10,"column":0},"end":{"line":10,"column":34}},"10":{"start":{"line":11,"column":0},"end":{"line":11,"column":0}},"11":{"start":{"line":12,"column":0},"end":{"line":12,"column":35}},"12":{"start":{"line":13,"column":0},"end":{"line":13,"column":48}},"13":{"start":{"line":14,"column":0},"end":{"line":14,"column":33}},"14":{"start":{"line":15,"column":0},"end":{"line":15,"column":7}},"15":{"start":{"line":16,"column":0},"end":{"line":16,"column":24}},"16":{"start":{"line":17,"column":0},"end":{"line":17,"column":6}},"17":{"start":{"line":18,"column":0},"end":{"line":18,"column":3}},"18":{"start":{"line":19,"column":0},"end":{"line":19,"column":1}},"19":{"start":{"line":20,"column":0},"end":{"line":20,"column":0}},"20":{"start":{"line":21,"column":0},"end":{"line":21,"column":29}}},"s":{"0":1,"1":1,"2":1,"3":3,"4":3,"5":3,"6":2,"7":2,"8":2,"9":2,"10":2,"11":2,"12":18,"13":18,"14":18,"15":2,"16":2,"17":3,"18":3,"19":1,"20":1},"branchMap":{"0":{"type":"branch","line":3,"loc":{"start":{"line":3,"column":1},"end":{"line":19,"column":1}},"locations":[{"start":{"line":3,"column":1},"end":{"line":19,"column":1}}]},"1":{"type":"branch","line":6,"loc":{"start":{"line":6,"column":18},"end":{"line":17,"column":6}},"locations":[{"start":{"line":6,"column":18},"end":{"line":17,"column":6}}]},"2":{"type":"branch","line":13,"loc":{"start":{"line":13,"column":-2},"end":{"line":15,"column":7}},"locations":[{"start":{"line":13,"column":-2},"end":{"line":15,"column":7}}]}},"b":{"0":[3],"1":[2],"2":[18]},"fnMap":{"0":{"name":"gridDOMFactory","decl":{"start":{"line":3,"column":1},"end":{"line":19,"column":1}},"loc":{"start":{"line":3,"column":1},"end":{"line":19,"column":1}},"line":3},"1":{"name":"createBoard","decl":{"start":{"line":6,"column":18},"end":{"line":17,"column":6}},"loc":{"start":{"line":6,"column":18},"end":{"line":17,"column":6}},"line":6}},"f":{"0":3,"1":2}}
,"C:\\Users\\Maxime\\Desktop\\Portfolio\\Sudoku\\factoriesDOM\\rowDOM.factory.js": {"path":"C:\\Users\\Maxime\\Desktop\\Portfolio\\Sudoku\\factoriesDOM\\rowDOM.factory.js","all":false,"statementMap":{"0":{"start":{"line":1,"column":0},"end":{"line":1,"column":49}},"1":{"start":{"line":2,"column":0},"end":{"line":2,"column":0}},"2":{"start":{"line":3,"column":0},"end":{"line":3,"column":35}},"3":{"start":{"line":4,"column":0},"end":{"line":4,"column":31}},"4":{"start":{"line":5,"column":0},"end":{"line":5,"column":44}},"5":{"start":{"line":6,"column":0},"end":{"line":6,"column":35}},"6":{"start":{"line":7,"column":0},"end":{"line":7,"column":0}},"7":{"start":{"line":8,"column":0},"end":{"line":8,"column":33}},"8":{"start":{"line":9,"column":0},"end":{"line":9,"column":44}},"9":{"start":{"line":10,"column":0},"end":{"line":10,"column":0}},"10":{"start":{"line":11,"column":0},"end":{"line":11,"column":52}},"11":{"start":{"line":12,"column":0},"end":{"line":12,"column":26}},"12":{"start":{"line":13,"column":0},"end":{"line":13,"column":34}},"13":{"start":{"line":14,"column":0},"end":{"line":14,"column":0}},"14":{"start":{"line":15,"column":0},"end":{"line":15,"column":30}},"15":{"start":{"line":16,"column":0},"end":{"line":16,"column":5}},"16":{"start":{"line":17,"column":0},"end":{"line":17,"column":0}},"17":{"start":{"line":18,"column":0},"end":{"line":18,"column":14}},"18":{"start":{"line":19,"column":0},"end":{"line":19,"column":3}},"19":{"start":{"line":20,"column":0},"end":{"line":20,"column":0}},"20":{"start":{"line":21,"column":0},"end":{"line":21,"column":40}},"21":{"start":{"line":22,"column":0},"end":{"line":22,"column":47}},"22":{"start":{"line":23,"column":0},"end":{"line":23,"column":65}},"23":{"start":{"line":24,"column":0},"end":{"line":24,"column":6}},"24":{"start":{"line":25,"column":0},"end":{"line":25,"column":19}},"25":{"start":{"line":26,"column":0},"end":{"line":26,"column":3}},"26":{"start":{"line":27,"column":0},"end":{"line":27,"column":0}},"27":{"start":{"line":28,"column":0},"end":{"line":28,"column":22}},"28":{"start":{"line":29,"column":0},"end":{"line":29,"column":1}},"29":{"start":{"line":30,"column":0},"end":{"line":30,"column":0}},"30":{"start":{"line":31,"column":0},"end":{"line":31,"column":28}}},"s":{"0":1,"1":1,"2":1,"3":7,"4":22,"5":22,"6":22,"7":22,"8":198,"9":198,"10":198,"11":198,"12":198,"13":198,"14":198,"15":198,"16":22,"17":22,"18":22,"19":7,"20":7,"21":198,"22":7977,"23":7977,"24":198,"25":198,"26":7,"27":7,"28":7,"29":1,"30":1},"branchMap":{"0":{"type":"branch","line":3,"loc":{"start":{"line":3,"column":1},"end":{"line":29,"column":1}},"locations":[{"start":{"line":3,"column":1},"end":{"line":29,"column":1}}]},"1":{"type":"branch","line":4,"loc":{"start":{"line":4,"column":21},"end":{"line":19,"column":3}},"locations":[{"start":{"line":4,"column":21},"end":{"line":19,"column":3}}]},"2":{"type":"branch","line":9,"loc":{"start":{"line":9,"column":-2},"end":{"line":16,"column":5}},"locations":[{"start":{"line":9,"column":-2},"end":{"line":16,"column":5}}]},"3":{"type":"branch","line":21,"loc":{"start":{"line":21,"column":24},"end":{"line":26,"column":3}},"locations":[{"start":{"line":21,"column":24},"end":{"line":26,"column":3}}]},"4":{"type":"branch","line":22,"loc":{"start":{"line":22,"column":37},"end":{"line":24,"column":6}},"locations":[{"start":{"line":22,"column":37},"end":{"line":24,"column":6}}]},"5":{"type":"branch","line":23,"loc":{"start":{"line":23,"column":39},"end":{"line":23,"column":65}},"locations":[{"start":{"line":23,"column":39},"end":{"line":23,"column":65}}]}},"b":{"0":[7],"1":[22],"2":[198],"3":[198],"4":[7977],"5":[918]},"fnMap":{"0":{"name":"rowDOMFactory","decl":{"start":{"line":3,"column":1},"end":{"line":29,"column":1}},"loc":{"start":{"line":3,"column":1},"end":{"line":29,"column":1}},"line":3},"1":{"name":"createRow","decl":{"start":{"line":4,"column":21},"end":{"line":19,"column":3}},"loc":{"start":{"line":4,"column":21},"end":{"line":19,"column":3}},"line":4},"2":{"name":"getCellDatas","decl":{"start":{"line":21,"column":24},"end":{"line":26,"column":3}},"loc":{"start":{"line":21,"column":24},"end":{"line":26,"column":3}},"line":21}},"f":{"0":7,"1":22,"2":198}}
,"C:\\Users\\Maxime\\Desktop\\Portfolio\\Sudoku\\utility\\helpers.js": {"path":"C:\\Users\\Maxime\\Desktop\\Portfolio\\Sudoku\\utility\\helpers.js","all":false,"statementMap":{"0":{"start":{"line":1,"column":0},"end":{"line":1,"column":44}},"1":{"start":{"line":2,"column":0},"end":{"line":2,"column":35}},"2":{"start":{"line":3,"column":0},"end":{"line":3,"column":63}},"3":{"start":{"line":4,"column":0},"end":{"line":4,"column":4}},"4":{"start":{"line":5,"column":0},"end":{"line":5,"column":1}},"5":{"start":{"line":6,"column":0},"end":{"line":6,"column":0}},"6":{"start":{"line":7,"column":0},"end":{"line":7,"column":31}},"7":{"start":{"line":8,"column":0},"end":{"line":8,"column":46}},"8":{"start":{"line":9,"column":0},"end":{"line":9,"column":1}},"9":{"start":{"line":10,"column":0},"end":{"line":10,"column":0}},"10":{"start":{"line":11,"column":0},"end":{"line":11,"column":37}}},"s":{"0":1,"1":487734,"2":19144759,"3":19144759,"4":487734,"5":1,"6":1,"7":1124628,"8":1124628,"9":1,"10":1},"branchMap":{"0":{"type":"branch","line":2,"loc":{"start":{"line":2,"column":-2},"end":{"line":5,"column":1}},"locations":[{"start":{"line":2,"column":-2},"end":{"line":5,"column":1}}]},"1":{"type":"branch","line":2,"loc":{"start":{"line":2,"column":25},"end":{"line":4,"column":4}},"locations":[{"start":{"line":2,"column":25},"end":{"line":4,"column":4}}]},"2":{"type":"branch","line":3,"loc":{"start":{"line":3,"column":37},"end":{"line":3,"column":63}},"locations":[{"start":{"line":3,"column":37},"end":{"line":3,"column":63}}]},"3":{"type":"branch","line":7,"loc":{"start":{"line":7,"column":22},"end":{"line":9,"column":1}},"locations":[{"start":{"line":7,"column":22},"end":{"line":9,"column":1}}]}},"b":{"0":[487734],"1":[19144759],"2":[1279999],"3":[1124628]},"fnMap":{"0":{"name":"getCellIndex","decl":{"start":{"line":2,"column":-2},"end":{"line":5,"column":1}},"loc":{"start":{"line":2,"column":-2},"end":{"line":5,"column":1}},"line":2},"1":{"name":"getRandomNbr","decl":{"start":{"line":7,"column":22},"end":{"line":9,"column":1}},"loc":{"start":{"line":7,"column":22},"end":{"line":9,"column":1}},"line":7}},"f":{"0":487734,"1":1124628}}
,"C:\\Users\\Maxime\\Desktop\\Portfolio\\Sudoku\\utility\\nodeSelectors.js": {"path":"C:\\Users\\Maxime\\Desktop\\Portfolio\\Sudoku\\utility\\nodeSelectors.js","all":false,"statementMap":{"0":{"start":{"line":1,"column":0},"end":{"line":1,"column":29}},"1":{"start":{"line":2,"column":0},"end":{"line":2,"column":64}},"2":{"start":{"line":3,"column":0},"end":{"line":3,"column":0}},"3":{"start":{"line":4,"column":0},"end":{"line":4,"column":64}},"4":{"start":{"line":5,"column":0},"end":{"line":5,"column":0}},"5":{"start":{"line":6,"column":0},"end":{"line":6,"column":68}},"6":{"start":{"line":7,"column":0},"end":{"line":7,"column":0}},"7":{"start":{"line":8,"column":0},"end":{"line":8,"column":35}},"8":{"start":{"line":9,"column":0},"end":{"line":9,"column":64}},"9":{"start":{"line":10,"column":0},"end":{"line":10,"column":0}},"10":{"start":{"line":11,"column":0},"end":{"line":11,"column":80}},"11":{"start":{"line":12,"column":0},"end":{"line":12,"column":0}},"12":{"start":{"line":13,"column":0},"end":{"line":13,"column":36}},"13":{"start":{"line":14,"column":0},"end":{"line":14,"column":49}},"14":{"start":{"line":15,"column":0},"end":{"line":15,"column":0}},"15":{"start":{"line":16,"column":0},"end":{"line":16,"column":41}},"16":{"start":{"line":17,"column":0},"end":{"line":17,"column":52}},"17":{"start":{"line":18,"column":0},"end":{"line":18,"column":0}},"18":{"start":{"line":19,"column":0},"end":{"line":19,"column":59}},"19":{"start":{"line":20,"column":0},"end":{"line":20,"column":0}},"20":{"start":{"line":21,"column":0},"end":{"line":21,"column":74}},"21":{"start":{"line":22,"column":0},"end":{"line":22,"column":0}},"22":{"start":{"line":23,"column":0},"end":{"line":23,"column":30}},"23":{"start":{"line":24,"column":0},"end":{"line":24,"column":63}},"24":{"start":{"line":25,"column":0},"end":{"line":25,"column":0}},"25":{"start":{"line":26,"column":0},"end":{"line":26,"column":10}},"26":{"start":{"line":27,"column":0},"end":{"line":27,"column":12}},"27":{"start":{"line":28,"column":0},"end":{"line":28,"column":12}},"28":{"start":{"line":29,"column":0},"end":{"line":29,"column":13}},"29":{"start":{"line":30,"column":0},"end":{"line":30,"column":24}},"30":{"start":{"line":31,"column":0},"end":{"line":31,"column":24}},"31":{"start":{"line":32,"column":0},"end":{"line":32,"column":25}},"32":{"start":{"line":33,"column":0},"end":{"line":33,"column":14}},"33":{"start":{"line":34,"column":0},"end":{"line":34,"column":30}},"34":{"start":{"line":35,"column":0},"end":{"line":35,"column":16}},"35":{"start":{"line":36,"column":0},"end":{"line":36,"column":19}},"36":{"start":{"line":37,"column":0},"end":{"line":37,"column":3}},"37":{"start":{"line":38,"column":0},"end":{"line":38,"column":1}},"38":{"start":{"line":39,"column":0},"end":{"line":39,"column":0}},"39":{"start":{"line":40,"column":0},"end":{"line":40,"column":28}}},"s":{"0":1,"1":198,"2":198,"3":198,"4":198,"5":198,"6":198,"7":198,"8":0,"9":198,"10":198,"11":198,"12":198,"13":0,"14":198,"15":198,"16":0,"17":198,"18":198,"19":198,"20":198,"21":198,"22":198,"23":0,"24":198,"25":198,"26":198,"27":198,"28":198,"29":198,"30":198,"31":198,"32":198,"33":198,"34":198,"35":198,"36":198,"37":198,"38":1,"39":1},"branchMap":{"0":{"type":"branch","line":2,"loc":{"start":{"line":2,"column":-2},"end":{"line":38,"column":1}},"locations":[{"start":{"line":2,"column":-2},"end":{"line":38,"column":1}}]}},"b":{"0":[198]},"fnMap":{"0":{"name":"nodeSelectors","decl":{"start":{"line":2,"column":-2},"end":{"line":38,"column":1}},"loc":{"start":{"line":2,"column":-2},"end":{"line":38,"column":1}},"line":2},"1":{"name":"getBody","decl":{"start":{"line":2,"column":19},"end":{"line":2,"column":64}},"loc":{"start":{"line":2,"column":19},"end":{"line":2,"column":64}},"line":2},"2":{"name":"getMain","decl":{"start":{"line":4,"column":19},"end":{"line":4,"column":64}},"loc":{"start":{"line":4,"column":19},"end":{"line":4,"column":64}},"line":4},"3":{"name":"getBoard","decl":{"start":{"line":6,"column":20},"end":{"line":6,"column":68}},"loc":{"start":{"line":6,"column":20},"end":{"line":6,"column":68}},"line":6},"4":{"name":"getOptionsContainer","decl":{"start":{"line":8,"column":31},"end":{"line":9,"column":64}},"loc":{"start":{"line":8,"column":31},"end":{"line":9,"column":64}},"line":8},"5":{"name":"getSelectDifficulty","decl":{"start":{"line":11,"column":31},"end":{"line":11,"column":80}},"loc":{"start":{"line":11,"column":31},"end":{"line":11,"column":80}},"line":11},"6":{"name":"getDifficultyOptions","decl":{"start":{"line":13,"column":32},"end":{"line":14,"column":49}},"loc":{"start":{"line":13,"column":32},"end":{"line":14,"column":49}},"line":13},"7":{"name":"getDifficultyOptionSelect","decl":{"start":{"line":16,"column":37},"end":{"line":17,"column":52}},"loc":{"start":{"line":16,"column":37},"end":{"line":17,"column":52}},"line":16},"8":{"name":"getSelect","decl":{"start":{"line":19,"column":21},"end":{"line":19,"column":59}},"loc":{"start":{"line":19,"column":21},"end":{"line":19,"column":59}},"line":19},"9":{"name":"getAllCells","decl":{"start":{"line":21,"column":23},"end":{"line":21,"column":74}},"loc":{"start":{"line":21,"column":23},"end":{"line":21,"column":74}},"line":21},"10":{"name":"getClickedCell","decl":{"start":{"line":23,"column":26},"end":{"line":24,"column":63}},"loc":{"start":{"line":23,"column":26},"end":{"line":24,"column":63}},"line":23}},"f":{"0":198,"1":0,"2":0,"3":0,"4":0,"5":0,"6":0,"7":0,"8":0,"9":0,"10":0}}
}
