{"C:\\Users\\Maxime\\Desktop\\Portfolio\\Sudoku\\factories\\check.factory.js": {"path":"C:\\Users\\Maxime\\Desktop\\Portfolio\\Sudoku\\factories\\check.factory.js","all":false,"statementMap":{"0":{"start":{"line":1,"column":0},"end":{"line":1,"column":34}},"1":{"start":{"line":2,"column":0},"end":{"line":2,"column":30}},"2":{"start":{"line":3,"column":0},"end":{"line":3,"column":64}},"3":{"start":{"line":4,"column":0},"end":{"line":4,"column":0}},"4":{"start":{"line":5,"column":0},"end":{"line":5,"column":42}},"5":{"start":{"line":6,"column":0},"end":{"line":6,"column":0}},"6":{"start":{"line":7,"column":0},"end":{"line":7,"column":57}},"7":{"start":{"line":8,"column":0},"end":{"line":8,"column":0}},"8":{"start":{"line":9,"column":0},"end":{"line":9,"column":21}},"9":{"start":{"line":10,"column":0},"end":{"line":10,"column":3}},"10":{"start":{"line":11,"column":0},"end":{"line":11,"column":0}},"11":{"start":{"line":12,"column":0},"end":{"line":12,"column":33}},"12":{"start":{"line":13,"column":0},"end":{"line":13,"column":67}},"13":{"start":{"line":14,"column":0},"end":{"line":14,"column":48}},"14":{"start":{"line":15,"column":0},"end":{"line":15,"column":0}},"15":{"start":{"line":16,"column":0},"end":{"line":16,"column":63}},"16":{"start":{"line":17,"column":0},"end":{"line":17,"column":0}},"17":{"start":{"line":18,"column":0},"end":{"line":18,"column":24}},"18":{"start":{"line":19,"column":0},"end":{"line":19,"column":3}},"19":{"start":{"line":20,"column":0},"end":{"line":20,"column":0}},"20":{"start":{"line":21,"column":0},"end":{"line":21,"column":39}},"21":{"start":{"line":22,"column":0},"end":{"line":22,"column":61}},"22":{"start":{"line":23,"column":0},"end":{"line":23,"column":0}},"23":{"start":{"line":24,"column":0},"end":{"line":24,"column":45}},"24":{"start":{"line":25,"column":0},"end":{"line":25,"column":60}},"25":{"start":{"line":26,"column":0},"end":{"line":26,"column":79}},"26":{"start":{"line":27,"column":0},"end":{"line":27,"column":8}},"27":{"start":{"line":28,"column":0},"end":{"line":28,"column":16}},"28":{"start":{"line":29,"column":0},"end":{"line":29,"column":6}},"29":{"start":{"line":30,"column":0},"end":{"line":30,"column":0}},"30":{"start":{"line":31,"column":0},"end":{"line":31,"column":48}},"31":{"start":{"line":32,"column":0},"end":{"line":32,"column":0}},"32":{"start":{"line":33,"column":0},"end":{"line":33,"column":63}},"33":{"start":{"line":34,"column":0},"end":{"line":34,"column":0}},"34":{"start":{"line":35,"column":0},"end":{"line":35,"column":24}},"35":{"start":{"line":36,"column":0},"end":{"line":36,"column":3}},"36":{"start":{"line":37,"column":0},"end":{"line":37,"column":0}},"37":{"start":{"line":38,"column":0},"end":{"line":38,"column":35}},"38":{"start":{"line":39,"column":0},"end":{"line":39,"column":30}},"39":{"start":{"line":40,"column":0},"end":{"line":40,"column":21}},"40":{"start":{"line":41,"column":0},"end":{"line":41,"column":6}},"41":{"start":{"line":42,"column":0},"end":{"line":42,"column":3}},"42":{"start":{"line":43,"column":0},"end":{"line":43,"column":0}},"43":{"start":{"line":44,"column":0},"end":{"line":44,"column":47}},"44":{"start":{"line":45,"column":0},"end":{"line":45,"column":18}},"45":{"start":{"line":46,"column":0},"end":{"line":46,"column":35}},"46":{"start":{"line":47,"column":0},"end":{"line":47,"column":53}},"47":{"start":{"line":48,"column":0},"end":{"line":48,"column":24}},"48":{"start":{"line":49,"column":0},"end":{"line":49,"column":8}},"49":{"start":{"line":50,"column":0},"end":{"line":50,"column":0}},"50":{"start":{"line":51,"column":0},"end":{"line":51,"column":35}},"51":{"start":{"line":52,"column":0},"end":{"line":52,"column":19}},"52":{"start":{"line":53,"column":0},"end":{"line":53,"column":13}},"53":{"start":{"line":54,"column":0},"end":{"line":54,"column":7}},"54":{"start":{"line":55,"column":0},"end":{"line":55,"column":5}},"55":{"start":{"line":56,"column":0},"end":{"line":56,"column":14}},"56":{"start":{"line":57,"column":0},"end":{"line":57,"column":3}},"57":{"start":{"line":58,"column":0},"end":{"line":58,"column":0}},"58":{"start":{"line":59,"column":0},"end":{"line":59,"column":45}},"59":{"start":{"line":60,"column":0},"end":{"line":60,"column":64}},"60":{"start":{"line":61,"column":0},"end":{"line":61,"column":46}},"61":{"start":{"line":62,"column":0},"end":{"line":62,"column":46}},"62":{"start":{"line":63,"column":0},"end":{"line":63,"column":0}},"63":{"start":{"line":64,"column":0},"end":{"line":64,"column":22}},"64":{"start":{"line":65,"column":0},"end":{"line":65,"column":33}},"65":{"start":{"line":66,"column":0},"end":{"line":66,"column":35}},"66":{"start":{"line":67,"column":0},"end":{"line":67,"column":58}},"67":{"start":{"line":68,"column":0},"end":{"line":68,"column":7}},"68":{"start":{"line":69,"column":0},"end":{"line":69,"column":5}},"69":{"start":{"line":70,"column":0},"end":{"line":70,"column":0}},"70":{"start":{"line":71,"column":0},"end":{"line":71,"column":20}},"71":{"start":{"line":72,"column":0},"end":{"line":72,"column":3}},"72":{"start":{"line":73,"column":0},"end":{"line":73,"column":0}},"73":{"start":{"line":74,"column":0},"end":{"line":74,"column":74}},"74":{"start":{"line":75,"column":0},"end":{"line":75,"column":50}},"75":{"start":{"line":76,"column":0},"end":{"line":76,"column":41}},"76":{"start":{"line":77,"column":0},"end":{"line":77,"column":62}},"77":{"start":{"line":78,"column":0},"end":{"line":78,"column":68}},"78":{"start":{"line":79,"column":0},"end":{"line":79,"column":0}},"79":{"start":{"line":80,"column":0},"end":{"line":80,"column":22}},"80":{"start":{"line":81,"column":0},"end":{"line":81,"column":3}},"81":{"start":{"line":82,"column":0},"end":{"line":82,"column":0}},"82":{"start":{"line":83,"column":0},"end":{"line":83,"column":10}},"83":{"start":{"line":84,"column":0},"end":{"line":84,"column":13}},"84":{"start":{"line":85,"column":0},"end":{"line":85,"column":16}},"85":{"start":{"line":86,"column":0},"end":{"line":86,"column":22}},"86":{"start":{"line":87,"column":0},"end":{"line":87,"column":16}},"87":{"start":{"line":88,"column":0},"end":{"line":88,"column":21}},"88":{"start":{"line":89,"column":0},"end":{"line":89,"column":3}},"89":{"start":{"line":90,"column":0},"end":{"line":90,"column":1}},"90":{"start":{"line":91,"column":0},"end":{"line":91,"column":0}},"91":{"start":{"line":92,"column":0},"end":{"line":92,"column":27}}},"s":{"0":1,"1":1102926,"2":1102910,"3":1102910,"4":1102910,"5":1102910,"6":1102910,"7":1102910,"8":1102910,"9":1102910,"10":1102926,"11":1102926,"12":437970,"13":437970,"14":437970,"15":437970,"16":437970,"17":437970,"18":437970,"19":1102926,"20":1102926,"21":331157,"22":331157,"23":331157,"24":26823717,"25":229491801,"26":229491801,"27":26823717,"28":26823717,"29":331157,"30":331157,"31":331157,"32":331157,"33":331157,"34":331157,"35":331157,"36":1102926,"37":1102926,"38":1872037,"39":16848333,"40":16848333,"41":1872037,"42":1102926,"43":1102926,"44":1872037,"45":1872037,"46":14405206,"47":129646854,"48":129646854,"49":14405206,"50":14405206,"51":863555,"52":863555,"53":863555,"54":14405206,"55":14405206,"56":14405206,"57":1102926,"58":1102926,"59":331159,"60":331159,"61":331159,"62":331159,"63":331159,"64":331159,"65":993477,"66":2980431,"67":2980431,"68":993477,"69":331159,"70":331159,"71":331159,"72":1102926,"73":1102926,"74":1102926,"75":1102908,"76":1102908,"77":1102908,"78":1102908,"79":1102908,"80":1102908,"81":1102926,"82":1102926,"83":1102926,"84":1102926,"85":1102926,"86":1102926,"87":1102926,"88":1102926,"89":1102926,"90":1,"91":1},"branchMap":{"0":{"type":"branch","line":2,"loc":{"start":{"line":2,"column":-2},"end":{"line":90,"column":1}},"locations":[{"start":{"line":2,"column":-2},"end":{"line":90,"column":1}}]},"1":{"type":"branch","line":2,"loc":{"start":{"line":2,"column":20},"end":{"line":10,"column":3}},"locations":[{"start":{"line":2,"column":20},"end":{"line":10,"column":3}}]},"2":{"type":"branch","line":3,"loc":{"start":{"line":3,"column":34},"end":{"line":3,"column":64}},"locations":[{"start":{"line":3,"column":34},"end":{"line":3,"column":64}}]},"3":{"type":"branch","line":12,"loc":{"start":{"line":12,"column":23},"end":{"line":19,"column":3}},"locations":[{"start":{"line":12,"column":23},"end":{"line":19,"column":3}}]},"4":{"type":"branch","line":13,"loc":{"start":{"line":13,"column":37},"end":{"line":13,"column":67}},"locations":[{"start":{"line":13,"column":37},"end":{"line":13,"column":67}}]},"5":{"type":"branch","line":21,"loc":{"start":{"line":21,"column":23},"end":{"line":36,"column":3}},"locations":[{"start":{"line":21,"column":23},"end":{"line":36,"column":3}}]},"6":{"type":"branch","line":24,"loc":{"start":{"line":24,"column":37},"end":{"line":29,"column":6}},"locations":[{"start":{"line":24,"column":37},"end":{"line":29,"column":6}}]},"7":{"type":"branch","line":25,"loc":{"start":{"line":25,"column":44},"end":{"line":27,"column":8}},"locations":[{"start":{"line":25,"column":44},"end":{"line":27,"column":8}}]},"8":{"type":"branch","line":26,"loc":{"start":{"line":26,"column":47},"end":{"line":26,"column":79}},"locations":[{"start":{"line":26,"column":47},"end":{"line":26,"column":79}}]},"9":{"type":"branch","line":38,"loc":{"start":{"line":38,"column":24},"end":{"line":42,"column":3}},"locations":[{"start":{"line":38,"column":24},"end":{"line":42,"column":3}}]},"10":{"type":"branch","line":39,"loc":{"start":{"line":39,"column":22},"end":{"line":41,"column":6}},"locations":[{"start":{"line":39,"column":22},"end":{"line":41,"column":6}}]},"11":{"type":"branch","line":44,"loc":{"start":{"line":44,"column":32},"end":{"line":57,"column":3}},"locations":[{"start":{"line":44,"column":32},"end":{"line":57,"column":3}}]},"12":{"type":"branch","line":47,"loc":{"start":{"line":47,"column":-2},"end":{"line":57,"column":3}},"locations":[{"start":{"line":47,"column":-2},"end":{"line":57,"column":3}}]},"13":{"type":"branch","line":52,"loc":{"start":{"line":52,"column":-2},"end":{"line":54,"column":7}},"locations":[{"start":{"line":52,"column":-2},"end":{"line":54,"column":7}}]},"14":{"type":"branch","line":47,"loc":{"start":{"line":47,"column":44},"end":{"line":49,"column":8}},"locations":[{"start":{"line":47,"column":44},"end":{"line":49,"column":8}}]},"15":{"type":"branch","line":59,"loc":{"start":{"line":59,"column":29},"end":{"line":72,"column":3}},"locations":[{"start":{"line":59,"column":29},"end":{"line":72,"column":3}}]},"16":{"type":"branch","line":66,"loc":{"start":{"line":66,"column":-2},"end":{"line":69,"column":5}},"locations":[{"start":{"line":66,"column":-2},"end":{"line":69,"column":5}}]},"17":{"type":"branch","line":67,"loc":{"start":{"line":67,"column":-2},"end":{"line":68,"column":7}},"locations":[{"start":{"line":67,"column":-2},"end":{"line":68,"column":7}}]},"18":{"type":"branch","line":75,"loc":{"start":{"line":75,"column":28},"end":{"line":81,"column":3}},"locations":[{"start":{"line":75,"column":28},"end":{"line":81,"column":3}}]},"19":{"type":"branch","line":77,"loc":{"start":{"line":77,"column":31},"end":{"line":77,"column":55}},"locations":[{"start":{"line":77,"column":31},"end":{"line":77,"column":55}}]},"20":{"type":"branch","line":77,"loc":{"start":{"line":77,"column":56},"end":{"line":77,"column":62}},"locations":[{"start":{"line":77,"column":56},"end":{"line":77,"column":62}}]},"21":{"type":"branch","line":78,"loc":{"start":{"line":78,"column":31},"end":{"line":78,"column":61}},"locations":[{"start":{"line":78,"column":31},"end":{"line":78,"column":61}}]},"22":{"type":"branch","line":78,"loc":{"start":{"line":78,"column":62},"end":{"line":78,"column":68}},"locations":[{"start":{"line":78,"column":62},"end":{"line":78,"column":68}}]}},"b":{"0":[1102926],"1":[1102910],"2":[89335710],"3":[437970],"4":[35475570],"5":[331157],"6":[26823717],"7":[229491801],"8":[23843304],"9":[1872037],"10":[16848333],"11":[1872037],"12":[14405206],"13":[863555],"14":[129646854],"15":[331159],"16":[993477],"17":[2980431],"18":[1102908],"19":[437968],"20":[664940],"21":[331155],"22":[771753]},"fnMap":{"0":{"name":"checkFactory","decl":{"start":{"line":2,"column":-2},"end":{"line":90,"column":1}},"loc":{"start":{"line":2,"column":-2},"end":{"line":90,"column":1}},"line":2},"1":{"name":"checkRow","decl":{"start":{"line":2,"column":20},"end":{"line":10,"column":3}},"loc":{"start":{"line":2,"column":20},"end":{"line":10,"column":3}},"line":2},"2":{"name":"checkColumn","decl":{"start":{"line":12,"column":23},"end":{"line":19,"column":3}},"loc":{"start":{"line":12,"column":23},"end":{"line":19,"column":3}},"line":12},"3":{"name":"checkSquare","decl":{"start":{"line":21,"column":23},"end":{"line":36,"column":3}},"loc":{"start":{"line":21,"column":23},"end":{"line":36,"column":3}},"line":21},"4":{"name":"getArrValues","decl":{"start":{"line":38,"column":24},"end":{"line":42,"column":3}},"loc":{"start":{"line":38,"column":24},"end":{"line":42,"column":3}},"line":38},"5":{"name":"haveOnlyUniqueValues","decl":{"start":{"line":44,"column":32},"end":{"line":57,"column":3}},"loc":{"start":{"line":44,"column":32},"end":{"line":57,"column":3}},"line":44},"6":{"name":"getSquarePosition","decl":{"start":{"line":59,"column":29},"end":{"line":72,"column":3}},"loc":{"start":{"line":59,"column":29},"end":{"line":72,"column":3}},"line":59},"7":{"name":"gridIsValidAtPos","decl":{"start":{"line":75,"column":28},"end":{"line":81,"column":3}},"loc":{"start":{"line":75,"column":28},"end":{"line":81,"column":3}},"line":75}},"f":{"0":1102926,"1":1102910,"2":437970,"3":331157,"4":1872037,"5":1872037,"6":331159,"7":1102908}}
,"C:\\Users\\Maxime\\Desktop\\Portfolio\\Sudoku\\factories\\datas.factory.js": {"path":"C:\\Users\\Maxime\\Desktop\\Portfolio\\Sudoku\\factories\\datas.factory.js","all":false,"statementMap":{"0":{"start":{"line":1,"column":0},"end":{"line":1,"column":45}},"1":{"start":{"line":2,"column":0},"end":{"line":2,"column":66}},"2":{"start":{"line":3,"column":0},"end":{"line":3,"column":0}},"3":{"start":{"line":4,"column":0},"end":{"line":4,"column":25}},"4":{"start":{"line":5,"column":0},"end":{"line":5,"column":43}},"5":{"start":{"line":6,"column":0},"end":{"line":6,"column":75}},"6":{"start":{"line":7,"column":0},"end":{"line":7,"column":3}},"7":{"start":{"line":8,"column":0},"end":{"line":8,"column":0}},"8":{"start":{"line":9,"column":0},"end":{"line":9,"column":40}},"9":{"start":{"line":10,"column":0},"end":{"line":10,"column":44}},"10":{"start":{"line":11,"column":0},"end":{"line":11,"column":3}},"11":{"start":{"line":12,"column":0},"end":{"line":12,"column":0}},"12":{"start":{"line":13,"column":0},"end":{"line":13,"column":48}},"13":{"start":{"line":14,"column":0},"end":{"line":14,"column":23}},"14":{"start":{"line":15,"column":0},"end":{"line":15,"column":23}},"15":{"start":{"line":16,"column":0},"end":{"line":16,"column":0}},"16":{"start":{"line":17,"column":0},"end":{"line":17,"column":14}},"17":{"start":{"line":18,"column":0},"end":{"line":18,"column":0}},"18":{"start":{"line":19,"column":0},"end":{"line":19,"column":25}},"19":{"start":{"line":20,"column":0},"end":{"line":20,"column":18}},"20":{"start":{"line":21,"column":0},"end":{"line":21,"column":16}},"21":{"start":{"line":22,"column":0},"end":{"line":22,"column":5}},"22":{"start":{"line":23,"column":0},"end":{"line":23,"column":33}},"23":{"start":{"line":24,"column":0},"end":{"line":24,"column":3}},"24":{"start":{"line":25,"column":0},"end":{"line":25,"column":0}},"25":{"start":{"line":26,"column":0},"end":{"line":26,"column":45}},"26":{"start":{"line":27,"column":0},"end":{"line":27,"column":33}},"27":{"start":{"line":28,"column":0},"end":{"line":28,"column":0}},"28":{"start":{"line":29,"column":0},"end":{"line":29,"column":21}},"29":{"start":{"line":30,"column":0},"end":{"line":30,"column":33}},"30":{"start":{"line":31,"column":0},"end":{"line":31,"column":44}},"31":{"start":{"line":32,"column":0},"end":{"line":32,"column":44}},"32":{"start":{"line":33,"column":0},"end":{"line":33,"column":0}},"33":{"start":{"line":34,"column":0},"end":{"line":34,"column":56}},"34":{"start":{"line":35,"column":0},"end":{"line":35,"column":51}},"35":{"start":{"line":36,"column":0},"end":{"line":36,"column":8}},"36":{"start":{"line":37,"column":0},"end":{"line":37,"column":0}},"37":{"start":{"line":38,"column":0},"end":{"line":38,"column":34}},"38":{"start":{"line":39,"column":0},"end":{"line":39,"column":47}},"39":{"start":{"line":40,"column":0},"end":{"line":40,"column":7}},"40":{"start":{"line":41,"column":0},"end":{"line":41,"column":5}},"41":{"start":{"line":42,"column":0},"end":{"line":42,"column":17}},"42":{"start":{"line":43,"column":0},"end":{"line":43,"column":3}},"43":{"start":{"line":44,"column":0},"end":{"line":44,"column":0}},"44":{"start":{"line":45,"column":0},"end":{"line":45,"column":50}},"45":{"start":{"line":46,"column":0},"end":{"line":46,"column":65}},"46":{"start":{"line":47,"column":0},"end":{"line":47,"column":0}},"47":{"start":{"line":48,"column":0},"end":{"line":48,"column":50}},"48":{"start":{"line":49,"column":0},"end":{"line":49,"column":3}},"49":{"start":{"line":50,"column":0},"end":{"line":50,"column":0}},"50":{"start":{"line":51,"column":0},"end":{"line":51,"column":10}},"51":{"start":{"line":52,"column":0},"end":{"line":52,"column":13}},"52":{"start":{"line":53,"column":0},"end":{"line":53,"column":0}},"53":{"start":{"line":54,"column":0},"end":{"line":54,"column":26}},"54":{"start":{"line":55,"column":0},"end":{"line":55,"column":50}},"55":{"start":{"line":56,"column":0},"end":{"line":56,"column":6}},"56":{"start":{"line":57,"column":0},"end":{"line":57,"column":0}},"57":{"start":{"line":58,"column":0},"end":{"line":58,"column":41}},"58":{"start":{"line":59,"column":0},"end":{"line":59,"column":32}},"59":{"start":{"line":60,"column":0},"end":{"line":60,"column":0}},"60":{"start":{"line":61,"column":0},"end":{"line":61,"column":31}},"61":{"start":{"line":62,"column":0},"end":{"line":62,"column":34}},"62":{"start":{"line":63,"column":0},"end":{"line":63,"column":55}},"63":{"start":{"line":64,"column":0},"end":{"line":64,"column":7}},"64":{"start":{"line":65,"column":0},"end":{"line":65,"column":6}},"65":{"start":{"line":66,"column":0},"end":{"line":66,"column":0}},"66":{"start":{"line":67,"column":0},"end":{"line":67,"column":38}},"67":{"start":{"line":68,"column":0},"end":{"line":68,"column":26}},"68":{"start":{"line":69,"column":0},"end":{"line":69,"column":35}},"69":{"start":{"line":70,"column":0},"end":{"line":70,"column":37}},"70":{"start":{"line":71,"column":0},"end":{"line":71,"column":47}},"71":{"start":{"line":72,"column":0},"end":{"line":72,"column":9}},"72":{"start":{"line":73,"column":0},"end":{"line":73,"column":7}},"73":{"start":{"line":74,"column":0},"end":{"line":74,"column":27}},"74":{"start":{"line":75,"column":0},"end":{"line":75,"column":6}},"75":{"start":{"line":76,"column":0},"end":{"line":76,"column":0}},"76":{"start":{"line":77,"column":0},"end":{"line":77,"column":42}},"77":{"start":{"line":78,"column":0},"end":{"line":78,"column":22}},"78":{"start":{"line":79,"column":0},"end":{"line":79,"column":22}},"79":{"start":{"line":80,"column":0},"end":{"line":80,"column":27}},"80":{"start":{"line":81,"column":0},"end":{"line":81,"column":32}},"81":{"start":{"line":82,"column":0},"end":{"line":82,"column":0}},"82":{"start":{"line":83,"column":0},"end":{"line":83,"column":54}},"83":{"start":{"line":84,"column":0},"end":{"line":84,"column":54}},"84":{"start":{"line":85,"column":0},"end":{"line":85,"column":24}},"85":{"start":{"line":86,"column":0},"end":{"line":86,"column":19}},"86":{"start":{"line":87,"column":0},"end":{"line":87,"column":18}},"87":{"start":{"line":88,"column":0},"end":{"line":88,"column":9}},"88":{"start":{"line":89,"column":0},"end":{"line":89,"column":0}},"89":{"start":{"line":90,"column":0},"end":{"line":90,"column":68}},"90":{"start":{"line":91,"column":0},"end":{"line":91,"column":31}},"91":{"start":{"line":92,"column":0},"end":{"line":92,"column":15}},"92":{"start":{"line":93,"column":0},"end":{"line":93,"column":9}},"93":{"start":{"line":94,"column":0},"end":{"line":94,"column":0}},"94":{"start":{"line":95,"column":0},"end":{"line":95,"column":35}},"95":{"start":{"line":96,"column":0},"end":{"line":96,"column":77}},"96":{"start":{"line":97,"column":0},"end":{"line":97,"column":37}},"97":{"start":{"line":98,"column":0},"end":{"line":98,"column":37}},"98":{"start":{"line":99,"column":0},"end":{"line":99,"column":0}},"99":{"start":{"line":100,"column":0},"end":{"line":100,"column":67}},"100":{"start":{"line":101,"column":0},"end":{"line":101,"column":7}},"101":{"start":{"line":102,"column":0},"end":{"line":102,"column":0}},"102":{"start":{"line":103,"column":0},"end":{"line":103,"column":88}},"103":{"start":{"line":104,"column":0},"end":{"line":104,"column":28}},"104":{"start":{"line":105,"column":0},"end":{"line":105,"column":6}},"105":{"start":{"line":106,"column":0},"end":{"line":106,"column":0}},"106":{"start":{"line":107,"column":0},"end":{"line":107,"column":56}},"107":{"start":{"line":108,"column":0},"end":{"line":108,"column":29}},"108":{"start":{"line":109,"column":0},"end":{"line":109,"column":29}},"109":{"start":{"line":110,"column":0},"end":{"line":110,"column":0}},"110":{"start":{"line":111,"column":0},"end":{"line":111,"column":44}},"111":{"start":{"line":112,"column":0},"end":{"line":112,"column":67}},"112":{"start":{"line":113,"column":0},"end":{"line":113,"column":40}},"113":{"start":{"line":114,"column":0},"end":{"line":114,"column":40}},"114":{"start":{"line":115,"column":0},"end":{"line":115,"column":0}},"115":{"start":{"line":116,"column":0},"end":{"line":116,"column":58}},"116":{"start":{"line":117,"column":0},"end":{"line":117,"column":0}},"117":{"start":{"line":118,"column":0},"end":{"line":118,"column":73}},"118":{"start":{"line":119,"column":0},"end":{"line":119,"column":49}},"119":{"start":{"line":120,"column":0},"end":{"line":120,"column":0}},"120":{"start":{"line":121,"column":0},"end":{"line":121,"column":73}},"121":{"start":{"line":122,"column":0},"end":{"line":122,"column":21}},"122":{"start":{"line":123,"column":0},"end":{"line":123,"column":7}},"123":{"start":{"line":124,"column":0},"end":{"line":124,"column":0}},"124":{"start":{"line":125,"column":0},"end":{"line":125,"column":33}},"125":{"start":{"line":126,"column":0},"end":{"line":126,"column":6}},"126":{"start":{"line":127,"column":0},"end":{"line":127,"column":0}},"127":{"start":{"line":128,"column":0},"end":{"line":128,"column":38}},"128":{"start":{"line":129,"column":0},"end":{"line":129,"column":20}},"129":{"start":{"line":130,"column":0},"end":{"line":130,"column":15}},"130":{"start":{"line":131,"column":0},"end":{"line":131,"column":15}},"131":{"start":{"line":132,"column":0},"end":{"line":132,"column":29}},"132":{"start":{"line":133,"column":0},"end":{"line":133,"column":7}},"133":{"start":{"line":134,"column":0},"end":{"line":134,"column":57}},"134":{"start":{"line":135,"column":0},"end":{"line":135,"column":34}},"135":{"start":{"line":136,"column":0},"end":{"line":136,"column":7}},"136":{"start":{"line":137,"column":0},"end":{"line":137,"column":33}},"137":{"start":{"line":138,"column":0},"end":{"line":138,"column":25}},"138":{"start":{"line":139,"column":0},"end":{"line":139,"column":0}},"139":{"start":{"line":140,"column":0},"end":{"line":140,"column":52}},"140":{"start":{"line":141,"column":0},"end":{"line":141,"column":21}},"141":{"start":{"line":142,"column":0},"end":{"line":142,"column":34}},"142":{"start":{"line":143,"column":0},"end":{"line":143,"column":60}},"143":{"start":{"line":144,"column":0},"end":{"line":144,"column":0}},"144":{"start":{"line":145,"column":0},"end":{"line":145,"column":49}},"145":{"start":{"line":146,"column":0},"end":{"line":146,"column":0}},"146":{"start":{"line":147,"column":0},"end":{"line":147,"column":55}},"147":{"start":{"line":148,"column":0},"end":{"line":148,"column":47}},"148":{"start":{"line":149,"column":0},"end":{"line":149,"column":70}},"149":{"start":{"line":150,"column":0},"end":{"line":150,"column":0}},"150":{"start":{"line":151,"column":0},"end":{"line":151,"column":70}},"151":{"start":{"line":152,"column":0},"end":{"line":152,"column":26}},"152":{"start":{"line":153,"column":0},"end":{"line":153,"column":32}},"153":{"start":{"line":154,"column":0},"end":{"line":154,"column":16}},"154":{"start":{"line":155,"column":0},"end":{"line":155,"column":47}},"155":{"start":{"line":156,"column":0},"end":{"line":156,"column":9}},"156":{"start":{"line":157,"column":0},"end":{"line":157,"column":7}},"157":{"start":{"line":158,"column":0},"end":{"line":158,"column":0}},"158":{"start":{"line":159,"column":0},"end":{"line":159,"column":145}},"159":{"start":{"line":160,"column":0},"end":{"line":160,"column":28}},"160":{"start":{"line":161,"column":0},"end":{"line":161,"column":6}},"161":{"start":{"line":162,"column":0},"end":{"line":162,"column":0}},"162":{"start":{"line":163,"column":0},"end":{"line":163,"column":54}},"163":{"start":{"line":164,"column":0},"end":{"line":164,"column":61}},"164":{"start":{"line":165,"column":0},"end":{"line":165,"column":70}},"165":{"start":{"line":166,"column":0},"end":{"line":166,"column":0}},"166":{"start":{"line":167,"column":0},"end":{"line":167,"column":73}},"167":{"start":{"line":168,"column":0},"end":{"line":168,"column":0}},"168":{"start":{"line":169,"column":0},"end":{"line":169,"column":56}},"169":{"start":{"line":170,"column":0},"end":{"line":170,"column":33}},"170":{"start":{"line":171,"column":0},"end":{"line":171,"column":7}},"171":{"start":{"line":172,"column":0},"end":{"line":172,"column":0}},"172":{"start":{"line":173,"column":0},"end":{"line":173,"column":72}},"173":{"start":{"line":174,"column":0},"end":{"line":174,"column":31}},"174":{"start":{"line":175,"column":0},"end":{"line":175,"column":8}},"175":{"start":{"line":176,"column":0},"end":{"line":176,"column":0}},"176":{"start":{"line":177,"column":0},"end":{"line":177,"column":51}},"177":{"start":{"line":178,"column":0},"end":{"line":178,"column":77}},"178":{"start":{"line":179,"column":0},"end":{"line":179,"column":0}},"179":{"start":{"line":180,"column":0},"end":{"line":180,"column":63}},"180":{"start":{"line":181,"column":0},"end":{"line":181,"column":44}},"181":{"start":{"line":182,"column":0},"end":{"line":182,"column":8}},"182":{"start":{"line":183,"column":0},"end":{"line":183,"column":0}},"183":{"start":{"line":184,"column":0},"end":{"line":184,"column":29}},"184":{"start":{"line":185,"column":0},"end":{"line":185,"column":6}},"185":{"start":{"line":186,"column":0},"end":{"line":186,"column":3}},"186":{"start":{"line":187,"column":0},"end":{"line":187,"column":1}},"187":{"start":{"line":188,"column":0},"end":{"line":188,"column":0}},"188":{"start":{"line":189,"column":0},"end":{"line":189,"column":27}}},"s":{"0":1,"1":1,"2":1,"3":1,"4":26,"5":676350,"6":676350,"7":26,"8":26,"9":1102906,"10":1102906,"11":26,"12":26,"13":239436,"14":239436,"15":239436,"16":239436,"17":239436,"18":239436,"19":19889,"20":19889,"21":19889,"22":239436,"23":239436,"24":26,"25":26,"26":7,"27":7,"28":7,"29":7,"30":189,"31":189,"32":189,"33":189,"34":2067,"35":2067,"36":189,"37":189,"38":163,"39":163,"40":189,"41":7,"42":7,"43":26,"44":26,"45":567,"46":567,"47":567,"48":567,"49":26,"50":26,"51":26,"52":26,"53":26,"54":9,"55":9,"56":26,"57":26,"58":9,"59":9,"60":9,"61":8344,"62":8344,"63":8344,"64":9,"65":26,"66":26,"67":8350,"68":8350,"69":75150,"70":676350,"71":676350,"72":75150,"73":8350,"74":8350,"75":26,"76":26,"77":8345,"78":8345,"79":8345,"80":8345,"81":8345,"82":8345,"83":247688,"84":247688,"85":247688,"86":247688,"87":247688,"88":247688,"89":247688,"90":247688,"91":8336,"92":8336,"93":247688,"94":239352,"95":239352,"96":239352,"97":239352,"98":239352,"99":239352,"100":239352,"101":8345,"102":8345,"103":8345,"104":8345,"105":26,"106":26,"107":239355,"108":239355,"109":239355,"110":239355,"111":239436,"112":239436,"113":239436,"114":239436,"115":239436,"116":239426,"117":239426,"118":239426,"119":239426,"120":239436,"121":81,"122":239436,"123":239355,"124":10,"125":239355,"126":26,"127":26,"128":247692,"129":247692,"130":247692,"131":247692,"132":247692,"133":247692,"134":247691,"135":247691,"136":247692,"137":247692,"138":247692,"139":247692,"140":1102906,"141":1102906,"142":1102906,"143":1102906,"144":1102906,"145":1102906,"146":1102906,"147":1102906,"148":1102906,"149":1102906,"150":1102906,"151":1102906,"152":239355,"153":1102906,"154":863551,"155":863551,"156":1102906,"157":247692,"158":247692,"159":247692,"160":247692,"161":26,"162":26,"163":7,"164":7,"165":7,"166":7,"167":7,"168":7,"169":7,"170":7,"171":7,"172":7,"173":163,"174":163,"175":7,"176":7,"177":567,"178":567,"179":567,"180":404,"181":567,"182":7,"183":7,"184":7,"185":26,"186":26,"187":1,"188":1},"branchMap":{"0":{"type":"branch","line":4,"loc":{"start":{"line":4,"column":1},"end":{"line":187,"column":1}},"locations":[{"start":{"line":4,"column":1},"end":{"line":187,"column":1}}]},"1":{"type":"branch","line":5,"loc":{"start":{"line":5,"column":27},"end":{"line":7,"column":3}},"locations":[{"start":{"line":5,"column":27},"end":{"line":7,"column":3}}]},"2":{"type":"branch","line":9,"loc":{"start":{"line":9,"column":31},"end":{"line":11,"column":3}},"locations":[{"start":{"line":9,"column":31},"end":{"line":11,"column":3}}]},"3":{"type":"branch","line":13,"loc":{"start":{"line":13,"column":32},"end":{"line":24,"column":3}},"locations":[{"start":{"line":13,"column":32},"end":{"line":24,"column":3}}]},"4":{"type":"branch","line":20,"loc":{"start":{"line":20,"column":-2},"end":{"line":22,"column":5}},"locations":[{"start":{"line":20,"column":-2},"end":{"line":22,"column":5}}]},"5":{"type":"branch","line":26,"loc":{"start":{"line":26,"column":36},"end":{"line":43,"column":3}},"locations":[{"start":{"line":26,"column":36},"end":{"line":43,"column":3}}]},"6":{"type":"branch","line":31,"loc":{"start":{"line":31,"column":-2},"end":{"line":41,"column":5}},"locations":[{"start":{"line":31,"column":-2},"end":{"line":41,"column":5}}]},"7":{"type":"branch","line":39,"loc":{"start":{"line":39,"column":-2},"end":{"line":40,"column":7}},"locations":[{"start":{"line":39,"column":-2},"end":{"line":40,"column":7}}]},"8":{"type":"branch","line":34,"loc":{"start":{"line":34,"column":48},"end":{"line":36,"column":8}},"locations":[{"start":{"line":34,"column":48},"end":{"line":36,"column":8}}]},"9":{"type":"branch","line":35,"loc":{"start":{"line":35,"column":33},"end":{"line":35,"column":51}},"locations":[{"start":{"line":35,"column":33},"end":{"line":35,"column":51}}]},"10":{"type":"branch","line":45,"loc":{"start":{"line":45,"column":24},"end":{"line":49,"column":3}},"locations":[{"start":{"line":45,"column":24},"end":{"line":49,"column":3}}]},"11":{"type":"branch","line":54,"loc":{"start":{"line":54,"column":14},"end":{"line":56,"column":6}},"locations":[{"start":{"line":54,"column":14},"end":{"line":56,"column":6}}]},"12":{"type":"branch","line":58,"loc":{"start":{"line":58,"column":29},"end":{"line":65,"column":6}},"locations":[{"start":{"line":58,"column":29},"end":{"line":65,"column":6}}]},"13":{"type":"branch","line":62,"loc":{"start":{"line":62,"column":-2},"end":{"line":64,"column":7}},"locations":[{"start":{"line":62,"column":-2},"end":{"line":64,"column":7}}]},"14":{"type":"branch","line":67,"loc":{"start":{"line":67,"column":26},"end":{"line":75,"column":6}},"locations":[{"start":{"line":67,"column":26},"end":{"line":75,"column":6}}]},"15":{"type":"branch","line":70,"loc":{"start":{"line":70,"column":-2},"end":{"line":73,"column":7}},"locations":[{"start":{"line":70,"column":-2},"end":{"line":73,"column":7}}]},"16":{"type":"branch","line":71,"loc":{"start":{"line":71,"column":-2},"end":{"line":72,"column":9}},"locations":[{"start":{"line":71,"column":-2},"end":{"line":72,"column":9}}]},"17":{"type":"branch","line":77,"loc":{"start":{"line":77,"column":30},"end":{"line":105,"column":6}},"locations":[{"start":{"line":77,"column":30},"end":{"line":105,"column":6}}]},"18":{"type":"branch","line":83,"loc":{"start":{"line":83,"column":32},"end":{"line":83,"column":52}},"locations":[{"start":{"line":83,"column":32},"end":{"line":83,"column":52}}]},"19":{"type":"branch","line":84,"loc":{"start":{"line":84,"column":-2},"end":{"line":101,"column":7}},"locations":[{"start":{"line":84,"column":-2},"end":{"line":101,"column":7}}]},"20":{"type":"branch","line":92,"loc":{"start":{"line":92,"column":-2},"end":{"line":93,"column":9}},"locations":[{"start":{"line":92,"column":-2},"end":{"line":93,"column":9}}]},"21":{"type":"branch","line":95,"loc":{"start":{"line":95,"column":-2},"end":{"line":101,"column":7}},"locations":[{"start":{"line":95,"column":-2},"end":{"line":101,"column":7}}]},"22":{"type":"branch","line":107,"loc":{"start":{"line":107,"column":26},"end":{"line":126,"column":6}},"locations":[{"start":{"line":107,"column":26},"end":{"line":126,"column":6}}]},"23":{"type":"branch","line":111,"loc":{"start":{"line":111,"column":27},"end":{"line":111,"column":42}},"locations":[{"start":{"line":111,"column":27},"end":{"line":111,"column":42}}]},"24":{"type":"branch","line":112,"loc":{"start":{"line":112,"column":-2},"end":{"line":123,"column":7}},"locations":[{"start":{"line":112,"column":-2},"end":{"line":123,"column":7}}]},"25":{"type":"branch","line":116,"loc":{"start":{"line":116,"column":29},"end":{"line":116,"column":34}},"locations":[{"start":{"line":116,"column":29},"end":{"line":116,"column":34}}]},"26":{"type":"branch","line":116,"loc":{"start":{"line":116,"column":34},"end":{"line":121,"column":28}},"locations":[{"start":{"line":116,"column":34},"end":{"line":121,"column":28}}]},"27":{"type":"branch","line":121,"loc":{"start":{"line":121,"column":39},"end":{"line":121,"column":73}},"locations":[{"start":{"line":121,"column":39},"end":{"line":121,"column":73}}]},"28":{"type":"branch","line":122,"loc":{"start":{"line":122,"column":0},"end":{"line":122,"column":21}},"locations":[{"start":{"line":122,"column":0},"end":{"line":122,"column":21}}]},"29":{"type":"branch","line":125,"loc":{"start":{"line":125,"column":-2},"end":{"line":126,"column":5}},"locations":[{"start":{"line":125,"column":-2},"end":{"line":126,"column":5}}]},"30":{"type":"branch","line":128,"loc":{"start":{"line":128,"column":29},"end":{"line":161,"column":6}},"locations":[{"start":{"line":128,"column":29},"end":{"line":161,"column":6}}]},"31":{"type":"branch","line":134,"loc":{"start":{"line":134,"column":54},"end":{"line":136,"column":7}},"locations":[{"start":{"line":134,"column":54},"end":{"line":136,"column":7}}]},"32":{"type":"branch","line":140,"loc":{"start":{"line":140,"column":31},"end":{"line":140,"column":50}},"locations":[{"start":{"line":140,"column":31},"end":{"line":140,"column":50}}]},"33":{"type":"branch","line":141,"loc":{"start":{"line":141,"column":-2},"end":{"line":157,"column":7}},"locations":[{"start":{"line":141,"column":-2},"end":{"line":157,"column":7}}]},"34":{"type":"branch","line":153,"loc":{"start":{"line":153,"column":-2},"end":{"line":154,"column":10}},"locations":[{"start":{"line":153,"column":-2},"end":{"line":154,"column":10}}]},"35":{"type":"branch","line":154,"loc":{"start":{"line":154,"column":10},"end":{"line":156,"column":9}},"locations":[{"start":{"line":154,"column":10},"end":{"line":156,"column":9}}]},"36":{"type":"branch","line":163,"loc":{"start":{"line":163,"column":23},"end":{"line":185,"column":6}},"locations":[{"start":{"line":163,"column":23},"end":{"line":185,"column":6}}]},"37":{"type":"branch","line":173,"loc":{"start":{"line":173,"column":64},"end":{"line":175,"column":8}},"locations":[{"start":{"line":173,"column":64},"end":{"line":175,"column":8}}]},"38":{"type":"branch","line":177,"loc":{"start":{"line":177,"column":41},"end":{"line":182,"column":8}},"locations":[{"start":{"line":177,"column":41},"end":{"line":182,"column":8}}]},"39":{"type":"branch","line":180,"loc":{"start":{"line":180,"column":28},"end":{"line":180,"column":63}},"locations":[{"start":{"line":180,"column":28},"end":{"line":180,"column":63}}]},"40":{"type":"branch","line":181,"loc":{"start":{"line":181,"column":0},"end":{"line":181,"column":44}},"locations":[{"start":{"line":181,"column":0},"end":{"line":181,"column":44}}]}},"b":{"0":[26],"1":[676350],"2":[1102906],"3":[239436],"4":[19889],"5":[7],"6":[189],"7":[163],"8":[2067],"9":[218],"10":[567],"11":[9],"12":[9],"13":[8344],"14":[8350],"15":[75150],"16":[676350],"17":[8345],"18":[247688],"19":[247688],"20":[8336],"21":[239352],"22":[239355],"23":[239436],"24":[239436],"25":[10],"26":[239426],"27":[239345],"28":[81],"29":[10],"30":[247692],"31":[247691],"32":[1111243],"33":[1102906],"34":[239355],"35":[863551],"36":[7],"37":[163],"38":[567],"39":[163],"40":[404]},"fnMap":{"0":{"name":"datasFactory","decl":{"start":{"line":4,"column":1},"end":{"line":187,"column":1}},"loc":{"start":{"line":4,"column":1},"end":{"line":187,"column":1}},"line":4},"1":{"name":"createEmptyCell","decl":{"start":{"line":5,"column":27},"end":{"line":7,"column":3}},"loc":{"start":{"line":5,"column":27},"end":{"line":7,"column":3}},"line":5},"2":{"name":"getRandomValueInArr","decl":{"start":{"line":9,"column":31},"end":{"line":11,"column":3}},"loc":{"start":{"line":9,"column":31},"end":{"line":11,"column":3}},"line":9},"3":{"name":"getNextCellPositions","decl":{"start":{"line":13,"column":32},"end":{"line":24,"column":3}},"loc":{"start":{"line":13,"column":32},"end":{"line":24,"column":3}},"line":13},"4":{"name":"getUniqueRandomPositions","decl":{"start":{"line":26,"column":36},"end":{"line":43,"column":3}},"loc":{"start":{"line":26,"column":36},"end":{"line":43,"column":3}},"line":26},"5":{"name":"evalKeepCell","decl":{"start":{"line":45,"column":24},"end":{"line":49,"column":3}},"loc":{"start":{"line":45,"column":24},"end":{"line":49,"column":3}},"line":45},"6":{"name":"getGrid","decl":{"start":{"line":54,"column":14},"end":{"line":56,"column":6}},"loc":{"start":{"line":54,"column":14},"end":{"line":56,"column":6}},"line":54},"7":{"name":"getRandomFullValidGrid","decl":{"start":{"line":58,"column":29},"end":{"line":65,"column":6}},"loc":{"start":{"line":58,"column":29},"end":{"line":65,"column":6}},"line":58},"8":{"name":"createEmptyFullGrid","decl":{"start":{"line":67,"column":26},"end":{"line":75,"column":6}},"loc":{"start":{"line":67,"column":26},"end":{"line":75,"column":6}},"line":67},"9":{"name":"fillGridWithValidValues","decl":{"start":{"line":77,"column":30},"end":{"line":105,"column":6}},"loc":{"start":{"line":77,"column":30},"end":{"line":105,"column":6}},"line":77},"10":{"name":"getNextEmptyCellPos","decl":{"start":{"line":107,"column":26},"end":{"line":126,"column":6}},"loc":{"start":{"line":107,"column":26},"end":{"line":126,"column":6}},"line":107},"11":{"name":"fillCellWithValidValue","decl":{"start":{"line":128,"column":29},"end":{"line":161,"column":6}},"loc":{"start":{"line":128,"column":29},"end":{"line":161,"column":6}},"line":128},"12":{"name":"makeGridPlayable","decl":{"start":{"line":163,"column":23},"end":{"line":185,"column":6}},"loc":{"start":{"line":163,"column":23},"end":{"line":185,"column":6}},"line":163}},"f":{"0":26,"1":676350,"2":1102906,"3":239436,"4":7,"5":567,"6":9,"7":9,"8":8350,"9":8345,"10":239355,"11":247692,"12":7}}
,"C:\\Users\\Maxime\\Desktop\\Portfolio\\Sudoku\\factories\\gameManager.js": {"path":"C:\\Users\\Maxime\\Desktop\\Portfolio\\Sudoku\\factories\\gameManager.js","all":false,"statementMap":{"0":{"start":{"line":1,"column":0},"end":{"line":1,"column":45}},"1":{"start":{"line":2,"column":0},"end":{"line":2,"column":66}},"2":{"start":{"line":3,"column":0},"end":{"line":3,"column":53}},"3":{"start":{"line":4,"column":0},"end":{"line":4,"column":46}},"4":{"start":{"line":5,"column":0},"end":{"line":5,"column":54}},"5":{"start":{"line":6,"column":0},"end":{"line":6,"column":0}},"6":{"start":{"line":7,"column":0},"end":{"line":7,"column":24}},"7":{"start":{"line":8,"column":0},"end":{"line":8,"column":28}},"8":{"start":{"line":9,"column":0},"end":{"line":9,"column":32}},"9":{"start":{"line":10,"column":0},"end":{"line":10,"column":0}},"10":{"start":{"line":11,"column":0},"end":{"line":11,"column":48}},"11":{"start":{"line":12,"column":0},"end":{"line":12,"column":25}},"12":{"start":{"line":13,"column":0},"end":{"line":13,"column":17}},"13":{"start":{"line":14,"column":0},"end":{"line":14,"column":0}},"14":{"start":{"line":15,"column":0},"end":{"line":15,"column":47}},"15":{"start":{"line":16,"column":0},"end":{"line":16,"column":13}},"16":{"start":{"line":17,"column":0},"end":{"line":17,"column":0}},"17":{"start":{"line":18,"column":0},"end":{"line":18,"column":34}},"18":{"start":{"line":19,"column":0},"end":{"line":19,"column":34}},"19":{"start":{"line":20,"column":0},"end":{"line":20,"column":0}},"20":{"start":{"line":21,"column":0},"end":{"line":21,"column":55}},"21":{"start":{"line":22,"column":0},"end":{"line":22,"column":45}},"22":{"start":{"line":23,"column":0},"end":{"line":23,"column":0}},"23":{"start":{"line":24,"column":0},"end":{"line":24,"column":57}},"24":{"start":{"line":25,"column":0},"end":{"line":25,"column":5}},"25":{"start":{"line":26,"column":0},"end":{"line":26,"column":0}},"26":{"start":{"line":27,"column":0},"end":{"line":27,"column":28}},"27":{"start":{"line":28,"column":0},"end":{"line":28,"column":3}},"28":{"start":{"line":29,"column":0},"end":{"line":29,"column":0}},"29":{"start":{"line":30,"column":0},"end":{"line":30,"column":10}},"30":{"start":{"line":31,"column":0},"end":{"line":31,"column":22}},"31":{"start":{"line":32,"column":0},"end":{"line":32,"column":38}},"32":{"start":{"line":33,"column":0},"end":{"line":33,"column":21}},"33":{"start":{"line":34,"column":0},"end":{"line":34,"column":13}},"34":{"start":{"line":35,"column":0},"end":{"line":35,"column":0}},"35":{"start":{"line":36,"column":0},"end":{"line":36,"column":42}},"36":{"start":{"line":37,"column":0},"end":{"line":37,"column":39}},"37":{"start":{"line":38,"column":0},"end":{"line":38,"column":0}},"38":{"start":{"line":39,"column":0},"end":{"line":39,"column":41}},"39":{"start":{"line":40,"column":0},"end":{"line":40,"column":0}},"40":{"start":{"line":41,"column":0},"end":{"line":41,"column":46}},"41":{"start":{"line":42,"column":0},"end":{"line":42,"column":0}},"42":{"start":{"line":43,"column":0},"end":{"line":43,"column":45}},"43":{"start":{"line":44,"column":0},"end":{"line":44,"column":0}},"44":{"start":{"line":45,"column":0},"end":{"line":45,"column":47}},"45":{"start":{"line":46,"column":0},"end":{"line":46,"column":0}},"46":{"start":{"line":47,"column":0},"end":{"line":47,"column":58}},"47":{"start":{"line":48,"column":0},"end":{"line":48,"column":6}},"48":{"start":{"line":49,"column":0},"end":{"line":49,"column":0}},"49":{"start":{"line":50,"column":0},"end":{"line":50,"column":27}},"50":{"start":{"line":51,"column":0},"end":{"line":51,"column":35}},"51":{"start":{"line":52,"column":0},"end":{"line":52,"column":32}},"52":{"start":{"line":53,"column":0},"end":{"line":53,"column":0}},"53":{"start":{"line":54,"column":0},"end":{"line":54,"column":50}},"54":{"start":{"line":55,"column":0},"end":{"line":55,"column":53}},"55":{"start":{"line":56,"column":0},"end":{"line":56,"column":0}},"56":{"start":{"line":57,"column":0},"end":{"line":57,"column":17}},"57":{"start":{"line":58,"column":0},"end":{"line":58,"column":6}},"58":{"start":{"line":59,"column":0},"end":{"line":59,"column":0}},"59":{"start":{"line":60,"column":0},"end":{"line":60,"column":27}},"60":{"start":{"line":61,"column":0},"end":{"line":61,"column":26}},"61":{"start":{"line":62,"column":0},"end":{"line":62,"column":0}},"62":{"start":{"line":63,"column":0},"end":{"line":63,"column":53}},"63":{"start":{"line":64,"column":0},"end":{"line":64,"column":50}},"64":{"start":{"line":65,"column":0},"end":{"line":65,"column":6}},"65":{"start":{"line":66,"column":0},"end":{"line":66,"column":0}},"66":{"start":{"line":67,"column":0},"end":{"line":67,"column":68}},"67":{"start":{"line":68,"column":0},"end":{"line":68,"column":47}},"68":{"start":{"line":69,"column":0},"end":{"line":69,"column":30}},"69":{"start":{"line":70,"column":0},"end":{"line":70,"column":18}},"70":{"start":{"line":71,"column":0},"end":{"line":71,"column":18}},"71":{"start":{"line":72,"column":0},"end":{"line":72,"column":28}},"72":{"start":{"line":73,"column":0},"end":{"line":73,"column":10}},"73":{"start":{"line":74,"column":0},"end":{"line":74,"column":0}},"74":{"start":{"line":75,"column":0},"end":{"line":75,"column":66}},"75":{"start":{"line":76,"column":0},"end":{"line":76,"column":0}},"76":{"start":{"line":77,"column":0},"end":{"line":77,"column":27}},"77":{"start":{"line":78,"column":0},"end":{"line":78,"column":6}},"78":{"start":{"line":79,"column":0},"end":{"line":79,"column":0}},"79":{"start":{"line":80,"column":0},"end":{"line":80,"column":71}},"80":{"start":{"line":81,"column":0},"end":{"line":81,"column":44}},"81":{"start":{"line":82,"column":0},"end":{"line":82,"column":44}},"82":{"start":{"line":83,"column":0},"end":{"line":83,"column":44}},"83":{"start":{"line":84,"column":0},"end":{"line":84,"column":0}},"84":{"start":{"line":85,"column":0},"end":{"line":85,"column":61}},"85":{"start":{"line":86,"column":0},"end":{"line":86,"column":27}},"86":{"start":{"line":87,"column":0},"end":{"line":87,"column":44}},"87":{"start":{"line":88,"column":0},"end":{"line":88,"column":44}},"88":{"start":{"line":89,"column":0},"end":{"line":89,"column":24}},"89":{"start":{"line":90,"column":0},"end":{"line":90,"column":0}},"90":{"start":{"line":91,"column":0},"end":{"line":91,"column":37}},"91":{"start":{"line":92,"column":0},"end":{"line":92,"column":0}},"92":{"start":{"line":93,"column":0},"end":{"line":93,"column":28}},"93":{"start":{"line":94,"column":0},"end":{"line":94,"column":15}},"94":{"start":{"line":95,"column":0},"end":{"line":95,"column":22}},"95":{"start":{"line":96,"column":0},"end":{"line":96,"column":22}},"96":{"start":{"line":97,"column":0},"end":{"line":97,"column":22}},"97":{"start":{"line":98,"column":0},"end":{"line":98,"column":17}},"98":{"start":{"line":99,"column":0},"end":{"line":99,"column":9}},"99":{"start":{"line":100,"column":0},"end":{"line":100,"column":0}},"100":{"start":{"line":101,"column":0},"end":{"line":101,"column":19}},"101":{"start":{"line":102,"column":0},"end":{"line":102,"column":8}},"102":{"start":{"line":103,"column":0},"end":{"line":103,"column":0}},"103":{"start":{"line":104,"column":0},"end":{"line":104,"column":34}},"104":{"start":{"line":105,"column":0},"end":{"line":105,"column":28}},"105":{"start":{"line":106,"column":0},"end":{"line":106,"column":28}},"106":{"start":{"line":107,"column":0},"end":{"line":107,"column":28}},"107":{"start":{"line":108,"column":0},"end":{"line":108,"column":15}},"108":{"start":{"line":109,"column":0},"end":{"line":109,"column":7}},"109":{"start":{"line":110,"column":0},"end":{"line":110,"column":21}},"110":{"start":{"line":111,"column":0},"end":{"line":111,"column":6}},"111":{"start":{"line":112,"column":0},"end":{"line":112,"column":0}},"112":{"start":{"line":113,"column":0},"end":{"line":113,"column":23}},"113":{"start":{"line":114,"column":0},"end":{"line":114,"column":51}},"114":{"start":{"line":115,"column":0},"end":{"line":115,"column":34}},"115":{"start":{"line":116,"column":0},"end":{"line":116,"column":0}},"116":{"start":{"line":117,"column":0},"end":{"line":117,"column":22}},"117":{"start":{"line":118,"column":0},"end":{"line":118,"column":34}},"118":{"start":{"line":119,"column":0},"end":{"line":119,"column":34}},"119":{"start":{"line":120,"column":0},"end":{"line":120,"column":38}},"120":{"start":{"line":121,"column":0},"end":{"line":121,"column":27}},"121":{"start":{"line":122,"column":0},"end":{"line":122,"column":7}},"122":{"start":{"line":123,"column":0},"end":{"line":123,"column":6}},"123":{"start":{"line":124,"column":0},"end":{"line":124,"column":0}},"124":{"start":{"line":125,"column":0},"end":{"line":125,"column":27}},"125":{"start":{"line":126,"column":0},"end":{"line":126,"column":78}},"126":{"start":{"line":127,"column":0},"end":{"line":127,"column":0}},"127":{"start":{"line":128,"column":0},"end":{"line":128,"column":36}},"128":{"start":{"line":129,"column":0},"end":{"line":129,"column":0}},"129":{"start":{"line":130,"column":0},"end":{"line":130,"column":57}},"130":{"start":{"line":131,"column":0},"end":{"line":131,"column":16}},"131":{"start":{"line":132,"column":0},"end":{"line":132,"column":55}},"132":{"start":{"line":133,"column":0},"end":{"line":133,"column":52}},"133":{"start":{"line":134,"column":0},"end":{"line":134,"column":9}},"134":{"start":{"line":135,"column":0},"end":{"line":135,"column":8}},"135":{"start":{"line":136,"column":0},"end":{"line":136,"column":0}},"136":{"start":{"line":137,"column":0},"end":{"line":137,"column":22}},"137":{"start":{"line":138,"column":0},"end":{"line":138,"column":28}},"138":{"start":{"line":139,"column":0},"end":{"line":139,"column":28}},"139":{"start":{"line":140,"column":0},"end":{"line":140,"column":23}},"140":{"start":{"line":141,"column":0},"end":{"line":141,"column":43}},"141":{"start":{"line":142,"column":0},"end":{"line":142,"column":7}},"142":{"start":{"line":143,"column":0},"end":{"line":143,"column":6}},"143":{"start":{"line":144,"column":0},"end":{"line":144,"column":0}},"144":{"start":{"line":145,"column":0},"end":{"line":145,"column":33}},"145":{"start":{"line":146,"column":0},"end":{"line":146,"column":21}},"146":{"start":{"line":147,"column":0},"end":{"line":147,"column":0}},"147":{"start":{"line":148,"column":0},"end":{"line":148,"column":55}},"148":{"start":{"line":149,"column":0},"end":{"line":149,"column":70}},"149":{"start":{"line":150,"column":0},"end":{"line":150,"column":58}},"150":{"start":{"line":151,"column":0},"end":{"line":151,"column":0}},"151":{"start":{"line":152,"column":0},"end":{"line":152,"column":62}},"152":{"start":{"line":153,"column":0},"end":{"line":153,"column":73}},"153":{"start":{"line":154,"column":0},"end":{"line":154,"column":8}},"154":{"start":{"line":155,"column":0},"end":{"line":155,"column":0}},"155":{"start":{"line":156,"column":0},"end":{"line":156,"column":36}},"156":{"start":{"line":157,"column":0},"end":{"line":157,"column":0}},"157":{"start":{"line":158,"column":0},"end":{"line":158,"column":19}},"158":{"start":{"line":159,"column":0},"end":{"line":159,"column":6}},"159":{"start":{"line":160,"column":0},"end":{"line":160,"column":3}},"160":{"start":{"line":161,"column":0},"end":{"line":161,"column":1}},"161":{"start":{"line":162,"column":0},"end":{"line":162,"column":0}},"162":{"start":{"line":163,"column":0},"end":{"line":163,"column":26}}},"s":{"0":1,"1":1,"2":1,"3":1,"4":1,"5":1,"6":1,"7":30,"8":30,"9":30,"10":30,"11":2,"12":2,"13":2,"14":2,"15":201,"16":201,"17":201,"18":201,"19":201,"20":201,"21":201,"22":201,"23":201,"24":201,"25":2,"26":2,"27":2,"28":30,"29":30,"30":30,"31":30,"32":30,"33":30,"34":30,"35":30,"36":4,"37":4,"38":4,"39":4,"40":4,"41":4,"42":4,"43":4,"44":4,"45":4,"46":4,"47":4,"48":30,"49":30,"50":4,"51":4,"52":2,"53":2,"54":2,"55":2,"56":2,"57":4,"58":30,"59":30,"60":9,"61":9,"62":9,"63":9,"64":9,"65":30,"66":30,"67":8,"68":8,"69":5,"70":5,"71":5,"72":5,"73":8,"74":8,"75":8,"76":8,"77":8,"78":30,"79":30,"80":4,"81":4,"82":4,"83":4,"84":4,"85":243,"86":243,"87":243,"88":3,"89":243,"90":243,"91":243,"92":3,"93":3,"94":3,"95":3,"96":3,"97":3,"98":3,"99":3,"100":3,"101":243,"102":4,"103":4,"104":4,"105":4,"106":4,"107":4,"108":4,"109":4,"110":4,"111":30,"112":30,"113":2,"114":2,"115":1,"116":1,"117":1,"118":1,"119":1,"120":1,"121":1,"122":2,"123":30,"124":30,"125":2,"126":2,"127":2,"128":1,"129":1,"130":25,"131":25,"132":7,"133":25,"134":25,"135":1,"136":1,"137":1,"138":1,"139":1,"140":1,"141":1,"142":2,"143":30,"144":30,"145":0,"146":0,"147":0,"148":0,"149":0,"150":0,"151":0,"152":0,"153":0,"154":0,"155":0,"156":0,"157":0,"158":0,"159":30,"160":30,"161":1,"162":1},"branchMap":{"0":{"type":"branch","line":7,"loc":{"start":{"line":7,"column":1},"end":{"line":161,"column":1}},"locations":[{"start":{"line":7,"column":1},"end":{"line":161,"column":1}}]},"1":{"type":"branch","line":11,"loc":{"start":{"line":11,"column":38},"end":{"line":28,"column":3}},"locations":[{"start":{"line":11,"column":38},"end":{"line":28,"column":3}}]},"2":{"type":"branch","line":15,"loc":{"start":{"line":15,"column":31},"end":{"line":15,"column":45}},"locations":[{"start":{"line":15,"column":31},"end":{"line":15,"column":45}}]},"3":{"type":"branch","line":16,"loc":{"start":{"line":16,"column":-2},"end":{"line":25,"column":5}},"locations":[{"start":{"line":16,"column":-2},"end":{"line":25,"column":5}}]},"4":{"type":"branch","line":24,"loc":{"start":{"line":24,"column":24},"end":{"line":24,"column":57}},"locations":[{"start":{"line":24,"column":24},"end":{"line":24,"column":57}}]},"5":{"type":"branch","line":36,"loc":{"start":{"line":36,"column":20},"end":{"line":48,"column":6}},"locations":[{"start":{"line":36,"column":20},"end":{"line":48,"column":6}}]},"6":{"type":"branch","line":50,"loc":{"start":{"line":50,"column":15},"end":{"line":58,"column":6}},"locations":[{"start":{"line":50,"column":15},"end":{"line":58,"column":6}}]},"7":{"type":"branch","line":52,"loc":{"start":{"line":52,"column":21},"end":{"line":58,"column":5}},"locations":[{"start":{"line":52,"column":21},"end":{"line":58,"column":5}}]},"8":{"type":"branch","line":60,"loc":{"start":{"line":60,"column":15},"end":{"line":65,"column":6}},"locations":[{"start":{"line":60,"column":15},"end":{"line":65,"column":6}}]},"9":{"type":"branch","line":67,"loc":{"start":{"line":67,"column":21},"end":{"line":78,"column":6}},"locations":[{"start":{"line":67,"column":21},"end":{"line":78,"column":6}}]},"10":{"type":"branch","line":69,"loc":{"start":{"line":69,"column":9},"end":{"line":73,"column":10}},"locations":[{"start":{"line":69,"column":9},"end":{"line":73,"column":10}}]},"11":{"type":"branch","line":75,"loc":{"start":{"line":75,"column":45},"end":{"line":75,"column":66}},"locations":[{"start":{"line":75,"column":45},"end":{"line":75,"column":66}}]},"12":{"type":"branch","line":80,"loc":{"start":{"line":80,"column":17},"end":{"line":111,"column":6}},"locations":[{"start":{"line":80,"column":17},"end":{"line":111,"column":6}}]},"13":{"type":"branch","line":85,"loc":{"start":{"line":85,"column":51},"end":{"line":102,"column":8}},"locations":[{"start":{"line":85,"column":51},"end":{"line":102,"column":8}}]},"14":{"type":"branch","line":87,"loc":{"start":{"line":87,"column":43},"end":{"line":88,"column":42}},"locations":[{"start":{"line":87,"column":43},"end":{"line":88,"column":42}}]},"15":{"type":"branch","line":88,"loc":{"start":{"line":88,"column":43},"end":{"line":89,"column":24}},"locations":[{"start":{"line":88,"column":43},"end":{"line":89,"column":24}}]},"16":{"type":"branch","line":91,"loc":{"start":{"line":91,"column":27},"end":{"line":91,"column":37}},"locations":[{"start":{"line":91,"column":27},"end":{"line":91,"column":37}}]},"17":{"type":"branch","line":93,"loc":{"start":{"line":93,"column":-2},"end":{"line":102,"column":7}},"locations":[{"start":{"line":93,"column":-2},"end":{"line":102,"column":7}}]},"18":{"type":"branch","line":113,"loc":{"start":{"line":113,"column":11},"end":{"line":123,"column":6}},"locations":[{"start":{"line":113,"column":11},"end":{"line":123,"column":6}}]},"19":{"type":"branch","line":115,"loc":{"start":{"line":115,"column":29},"end":{"line":123,"column":5}},"locations":[{"start":{"line":115,"column":29},"end":{"line":123,"column":5}}]},"20":{"type":"branch","line":125,"loc":{"start":{"line":125,"column":15},"end":{"line":143,"column":6}},"locations":[{"start":{"line":125,"column":15},"end":{"line":143,"column":6}}]},"21":{"type":"branch","line":128,"loc":{"start":{"line":128,"column":31},"end":{"line":143,"column":5}},"locations":[{"start":{"line":128,"column":31},"end":{"line":143,"column":5}}]},"22":{"type":"branch","line":130,"loc":{"start":{"line":130,"column":47},"end":{"line":135,"column":8}},"locations":[{"start":{"line":130,"column":47},"end":{"line":135,"column":8}}]},"23":{"type":"branch","line":132,"loc":{"start":{"line":132,"column":54},"end":{"line":133,"column":52}},"locations":[{"start":{"line":132,"column":54},"end":{"line":133,"column":52}}]}},"b":{"0":[30],"1":[2],"2":[202],"3":[201],"4":[1],"5":[4],"6":[4],"7":[2],"8":[9],"9":[8],"10":[5],"11":[3],"12":[4],"13":[243],"14":[27],"15":[3],"16":[240],"17":[3],"18":[2],"19":[1],"20":[2],"21":[1],"22":[25],"23":[7]},"fnMap":{"0":{"name":"gameManager","decl":{"start":{"line":7,"column":1},"end":{"line":161,"column":1}},"loc":{"start":{"line":7,"column":1},"end":{"line":161,"column":1}},"line":7},"1":{"name":"getRandomEmptyCellPosition","decl":{"start":{"line":11,"column":38},"end":{"line":28,"column":3}},"loc":{"start":{"line":11,"column":38},"end":{"line":28,"column":3}},"line":11},"2":{"name":"launchNewGame","decl":{"start":{"line":36,"column":20},"end":{"line":48,"column":6}},"loc":{"start":{"line":36,"column":20},"end":{"line":48,"column":6}},"line":36},"3":{"name":"loadGame","decl":{"start":{"line":50,"column":15},"end":{"line":58,"column":6}},"loc":{"start":{"line":50,"column":15},"end":{"line":58,"column":6}},"line":50},"4":{"name":"saveGame","decl":{"start":{"line":60,"column":15},"end":{"line":65,"column":6}},"loc":{"start":{"line":60,"column":15},"end":{"line":65,"column":6}},"line":60},"5":{"name":"updateCellData","decl":{"start":{"line":67,"column":21},"end":{"line":78,"column":6}},"loc":{"start":{"line":67,"column":21},"end":{"line":78,"column":6}},"line":67},"6":{"name":"updateCell","decl":{"start":{"line":80,"column":17},"end":{"line":111,"column":6}},"loc":{"start":{"line":80,"column":17},"end":{"line":111,"column":6}},"line":80},"7":{"name":"undo","decl":{"start":{"line":113,"column":11},"end":{"line":123,"column":6}},"loc":{"start":{"line":113,"column":11},"end":{"line":123,"column":6}},"line":113},"8":{"name":"giveHint","decl":{"start":{"line":125,"column":15},"end":{"line":143,"column":6}},"loc":{"start":{"line":125,"column":15},"end":{"line":143,"column":6}},"line":125},"9":{"name":"showGameErrors","decl":{"start":{"line":145,"column":21},"end":{"line":159,"column":6}},"loc":{"start":{"line":145,"column":21},"end":{"line":159,"column":6}},"line":145}},"f":{"0":30,"1":2,"2":4,"3":4,"4":9,"5":8,"6":4,"7":2,"8":2,"9":0}}
,"C:\\Users\\Maxime\\Desktop\\Portfolio\\Sudoku\\factoriesDOM\\UI.factory.js": {"path":"C:\\Users\\Maxime\\Desktop\\Portfolio\\Sudoku\\factoriesDOM\\UI.factory.js","all":false,"statementMap":{"0":{"start":{"line":1,"column":0},"end":{"line":1,"column":55}},"1":{"start":{"line":2,"column":0},"end":{"line":2,"column":49}},"2":{"start":{"line":3,"column":0},"end":{"line":3,"column":57}},"3":{"start":{"line":4,"column":0},"end":{"line":4,"column":50}},"4":{"start":{"line":5,"column":0},"end":{"line":5,"column":0}},"5":{"start":{"line":6,"column":0},"end":{"line":6,"column":26}},"6":{"start":{"line":7,"column":0},"end":{"line":7,"column":31}},"7":{"start":{"line":8,"column":0},"end":{"line":8,"column":0}},"8":{"start":{"line":9,"column":0},"end":{"line":9,"column":26}},"9":{"start":{"line":10,"column":0},"end":{"line":10,"column":49}},"10":{"start":{"line":11,"column":0},"end":{"line":11,"column":0}},"11":{"start":{"line":12,"column":0},"end":{"line":12,"column":51}},"12":{"start":{"line":13,"column":0},"end":{"line":13,"column":22}},"13":{"start":{"line":14,"column":0},"end":{"line":14,"column":0}},"14":{"start":{"line":15,"column":0},"end":{"line":15,"column":28}},"15":{"start":{"line":16,"column":0},"end":{"line":16,"column":0}},"16":{"start":{"line":17,"column":0},"end":{"line":17,"column":43}},"17":{"start":{"line":18,"column":0},"end":{"line":18,"column":28}},"18":{"start":{"line":19,"column":0},"end":{"line":19,"column":0}},"19":{"start":{"line":20,"column":0},"end":{"line":20,"column":26}},"20":{"start":{"line":21,"column":0},"end":{"line":21,"column":3}},"21":{"start":{"line":22,"column":0},"end":{"line":22,"column":0}},"22":{"start":{"line":23,"column":0},"end":{"line":23,"column":32}},"23":{"start":{"line":24,"column":0},"end":{"line":24,"column":49}},"24":{"start":{"line":25,"column":0},"end":{"line":25,"column":0}},"25":{"start":{"line":26,"column":0},"end":{"line":26,"column":48}},"26":{"start":{"line":27,"column":0},"end":{"line":27,"column":37}},"27":{"start":{"line":28,"column":0},"end":{"line":28,"column":44}},"28":{"start":{"line":29,"column":0},"end":{"line":29,"column":0}},"29":{"start":{"line":30,"column":0},"end":{"line":30,"column":34}},"30":{"start":{"line":31,"column":0},"end":{"line":31,"column":0}},"31":{"start":{"line":32,"column":0},"end":{"line":32,"column":30}},"32":{"start":{"line":33,"column":0},"end":{"line":33,"column":3}},"33":{"start":{"line":34,"column":0},"end":{"line":34,"column":0}},"34":{"start":{"line":35,"column":0},"end":{"line":35,"column":34}},"35":{"start":{"line":36,"column":0},"end":{"line":36,"column":48}},"36":{"start":{"line":37,"column":0},"end":{"line":37,"column":0}},"37":{"start":{"line":38,"column":0},"end":{"line":38,"column":37}},"38":{"start":{"line":39,"column":0},"end":{"line":39,"column":0}},"39":{"start":{"line":40,"column":0},"end":{"line":40,"column":34}},"40":{"start":{"line":41,"column":0},"end":{"line":41,"column":14}},"41":{"start":{"line":42,"column":0},"end":{"line":42,"column":3}},"42":{"start":{"line":43,"column":0},"end":{"line":43,"column":0}},"43":{"start":{"line":44,"column":0},"end":{"line":44,"column":38}},"44":{"start":{"line":45,"column":0},"end":{"line":45,"column":49}},"45":{"start":{"line":46,"column":0},"end":{"line":46,"column":0}},"46":{"start":{"line":47,"column":0},"end":{"line":47,"column":26}},"47":{"start":{"line":48,"column":0},"end":{"line":48,"column":21}},"48":{"start":{"line":49,"column":0},"end":{"line":49,"column":30}},"49":{"start":{"line":50,"column":0},"end":{"line":50,"column":24}},"50":{"start":{"line":51,"column":0},"end":{"line":51,"column":5}},"51":{"start":{"line":52,"column":0},"end":{"line":52,"column":0}},"52":{"start":{"line":53,"column":0},"end":{"line":53,"column":75}},"53":{"start":{"line":54,"column":0},"end":{"line":54,"column":3}},"54":{"start":{"line":55,"column":0},"end":{"line":55,"column":0}},"55":{"start":{"line":56,"column":0},"end":{"line":56,"column":30}},"56":{"start":{"line":57,"column":0},"end":{"line":57,"column":37}},"57":{"start":{"line":58,"column":0},"end":{"line":58,"column":71}},"58":{"start":{"line":59,"column":0},"end":{"line":59,"column":3}},"59":{"start":{"line":60,"column":0},"end":{"line":60,"column":0}},"60":{"start":{"line":61,"column":0},"end":{"line":61,"column":26}},"61":{"start":{"line":62,"column":0},"end":{"line":62,"column":14}},"62":{"start":{"line":63,"column":0},"end":{"line":63,"column":20}},"63":{"start":{"line":64,"column":0},"end":{"line":64,"column":26}},"64":{"start":{"line":65,"column":0},"end":{"line":65,"column":18}},"65":{"start":{"line":66,"column":0},"end":{"line":66,"column":3}},"66":{"start":{"line":67,"column":0},"end":{"line":67,"column":0}},"67":{"start":{"line":68,"column":0},"end":{"line":68,"column":64}},"68":{"start":{"line":69,"column":0},"end":{"line":69,"column":40}},"69":{"start":{"line":70,"column":0},"end":{"line":70,"column":34}},"70":{"start":{"line":71,"column":0},"end":{"line":71,"column":0}},"71":{"start":{"line":72,"column":0},"end":{"line":72,"column":32}},"72":{"start":{"line":73,"column":0},"end":{"line":73,"column":58}},"73":{"start":{"line":74,"column":0},"end":{"line":74,"column":58}},"74":{"start":{"line":75,"column":0},"end":{"line":75,"column":0}},"75":{"start":{"line":76,"column":0},"end":{"line":76,"column":59}},"76":{"start":{"line":77,"column":0},"end":{"line":77,"column":47}},"77":{"start":{"line":78,"column":0},"end":{"line":78,"column":54}},"78":{"start":{"line":79,"column":0},"end":{"line":79,"column":9}},"79":{"start":{"line":80,"column":0},"end":{"line":80,"column":67}},"80":{"start":{"line":81,"column":0},"end":{"line":81,"column":44}},"81":{"start":{"line":82,"column":0},"end":{"line":82,"column":7}},"82":{"start":{"line":83,"column":0},"end":{"line":83,"column":12}},"83":{"start":{"line":84,"column":0},"end":{"line":84,"column":6}},"84":{"start":{"line":85,"column":0},"end":{"line":85,"column":3}},"85":{"start":{"line":86,"column":0},"end":{"line":86,"column":0}},"86":{"start":{"line":87,"column":0},"end":{"line":87,"column":34}},"87":{"start":{"line":88,"column":0},"end":{"line":88,"column":40}},"88":{"start":{"line":89,"column":0},"end":{"line":89,"column":34}},"89":{"start":{"line":90,"column":0},"end":{"line":90,"column":0}},"90":{"start":{"line":91,"column":0},"end":{"line":91,"column":32}},"91":{"start":{"line":92,"column":0},"end":{"line":92,"column":58}},"92":{"start":{"line":93,"column":0},"end":{"line":93,"column":58}},"93":{"start":{"line":94,"column":0},"end":{"line":94,"column":0}},"94":{"start":{"line":95,"column":0},"end":{"line":95,"column":33}},"95":{"start":{"line":96,"column":0},"end":{"line":96,"column":12}},"96":{"start":{"line":97,"column":0},"end":{"line":97,"column":47}},"97":{"start":{"line":98,"column":0},"end":{"line":98,"column":44}},"98":{"start":{"line":99,"column":0},"end":{"line":99,"column":11}},"99":{"start":{"line":100,"column":0},"end":{"line":100,"column":50}},"100":{"start":{"line":101,"column":0},"end":{"line":101,"column":9}},"101":{"start":{"line":102,"column":0},"end":{"line":102,"column":8}},"102":{"start":{"line":103,"column":0},"end":{"line":103,"column":6}},"103":{"start":{"line":104,"column":0},"end":{"line":104,"column":3}},"104":{"start":{"line":105,"column":0},"end":{"line":105,"column":50}},"105":{"start":{"line":106,"column":0},"end":{"line":106,"column":1}},"106":{"start":{"line":107,"column":0},"end":{"line":107,"column":0}},"107":{"start":{"line":108,"column":0},"end":{"line":108,"column":24}}},"s":{"0":1,"1":1,"2":1,"3":1,"4":1,"5":1,"6":4,"7":4,"8":4,"9":0,"10":0,"11":0,"12":0,"13":0,"14":0,"15":0,"16":0,"17":0,"18":0,"19":0,"20":0,"21":4,"22":4,"23":0,"24":0,"25":0,"26":0,"27":0,"28":0,"29":0,"30":0,"31":0,"32":0,"33":4,"34":4,"35":0,"36":0,"37":0,"38":0,"39":0,"40":0,"41":0,"42":4,"43":4,"44":0,"45":0,"46":0,"47":0,"48":0,"49":0,"50":0,"51":0,"52":0,"53":0,"54":4,"55":4,"56":0,"57":0,"58":0,"59":4,"60":4,"61":0,"62":0,"63":0,"64":0,"65":0,"66":4,"67":4,"68":4,"69":4,"70":4,"71":4,"72":0,"73":0,"74":0,"75":0,"76":0,"77":0,"78":0,"79":0,"80":0,"81":0,"82":0,"83":0,"84":4,"85":4,"86":4,"87":0,"88":0,"89":0,"90":0,"91":0,"92":0,"93":0,"94":0,"95":0,"96":0,"97":0,"98":0,"99":0,"100":0,"101":0,"102":0,"103":0,"104":4,"105":4,"106":1,"107":1},"branchMap":{"0":{"type":"branch","line":6,"loc":{"start":{"line":6,"column":1},"end":{"line":106,"column":1}},"locations":[{"start":{"line":6,"column":1},"end":{"line":106,"column":1}}]},"1":{"type":"branch","line":68,"loc":{"start":{"line":68,"column":27},"end":{"line":85,"column":3}},"locations":[{"start":{"line":68,"column":27},"end":{"line":85,"column":3}}]}},"b":{"0":[4],"1":[4]},"fnMap":{"0":{"name":"UIFactory","decl":{"start":{"line":6,"column":1},"end":{"line":106,"column":1}},"loc":{"start":{"line":6,"column":1},"end":{"line":106,"column":1}},"line":6},"1":{"name":"drawGrid","decl":{"start":{"line":9,"column":20},"end":{"line":21,"column":3}},"loc":{"start":{"line":9,"column":20},"end":{"line":21,"column":3}},"line":9},"2":{"name":"drawNewGameBtn","decl":{"start":{"line":23,"column":26},"end":{"line":33,"column":3}},"loc":{"start":{"line":23,"column":26},"end":{"line":33,"column":3}},"line":23},"3":{"name":"handleNewGameBtn","decl":{"start":{"line":35,"column":28},"end":{"line":42,"column":3}},"loc":{"start":{"line":35,"column":28},"end":{"line":42,"column":3}},"line":35},"4":{"name":"drawSelectDifficulty","decl":{"start":{"line":44,"column":32},"end":{"line":54,"column":3}},"loc":{"start":{"line":44,"column":32},"end":{"line":54,"column":3}},"line":44},"5":{"name":"drawKeyboard","decl":{"start":{"line":56,"column":24},"end":{"line":59,"column":3}},"loc":{"start":{"line":56,"column":24},"end":{"line":59,"column":3}},"line":56},"6":{"name":"drawPage","decl":{"start":{"line":61,"column":20},"end":{"line":66,"column":3}},"loc":{"start":{"line":61,"column":20},"end":{"line":66,"column":3}},"line":61},"7":{"name":"redrawCellValue","decl":{"start":{"line":68,"column":27},"end":{"line":85,"column":3}},"loc":{"start":{"line":68,"column":27},"end":{"line":85,"column":3}},"line":68},"8":{"name":"drawErrors","decl":{"start":{"line":87,"column":22},"end":{"line":104,"column":3}},"loc":{"start":{"line":87,"column":22},"end":{"line":104,"column":3}},"line":87}},"f":{"0":4,"1":0,"2":0,"3":0,"4":0,"5":0,"6":0,"7":4,"8":0}}
,"C:\\Users\\Maxime\\Desktop\\Portfolio\\Sudoku\\factoriesDOM\\cellDOM.factory.js": {"path":"C:\\Users\\Maxime\\Desktop\\Portfolio\\Sudoku\\factoriesDOM\\cellDOM.factory.js","all":false,"statementMap":{"0":{"start":{"line":1,"column":0},"end":{"line":1,"column":55}},"1":{"start":{"line":2,"column":0},"end":{"line":2,"column":0}},"2":{"start":{"line":3,"column":0},"end":{"line":3,"column":47}},"3":{"start":{"line":4,"column":0},"end":{"line":4,"column":31}},"4":{"start":{"line":5,"column":0},"end":{"line":5,"column":0}},"5":{"start":{"line":6,"column":0},"end":{"line":6,"column":58}},"6":{"start":{"line":7,"column":0},"end":{"line":7,"column":40}},"7":{"start":{"line":8,"column":0},"end":{"line":8,"column":0}},"8":{"start":{"line":9,"column":0},"end":{"line":9,"column":34}},"9":{"start":{"line":10,"column":0},"end":{"line":10,"column":32}},"10":{"start":{"line":11,"column":0},"end":{"line":11,"column":58}},"11":{"start":{"line":12,"column":0},"end":{"line":12,"column":58}},"12":{"start":{"line":13,"column":0},"end":{"line":13,"column":0}},"13":{"start":{"line":14,"column":0},"end":{"line":14,"column":57}},"14":{"start":{"line":15,"column":0},"end":{"line":15,"column":50}},"15":{"start":{"line":16,"column":0},"end":{"line":16,"column":6}},"16":{"start":{"line":17,"column":0},"end":{"line":17,"column":3}},"17":{"start":{"line":18,"column":0},"end":{"line":18,"column":0}},"18":{"start":{"line":19,"column":0},"end":{"line":19,"column":37}},"19":{"start":{"line":20,"column":0},"end":{"line":20,"column":60}},"20":{"start":{"line":21,"column":0},"end":{"line":21,"column":0}},"21":{"start":{"line":22,"column":0},"end":{"line":22,"column":52}},"22":{"start":{"line":23,"column":0},"end":{"line":23,"column":52}},"23":{"start":{"line":24,"column":0},"end":{"line":24,"column":0}},"24":{"start":{"line":25,"column":0},"end":{"line":25,"column":38}},"25":{"start":{"line":26,"column":0},"end":{"line":26,"column":30}},"26":{"start":{"line":27,"column":0},"end":{"line":27,"column":0}},"27":{"start":{"line":28,"column":0},"end":{"line":28,"column":46}},"28":{"start":{"line":29,"column":0},"end":{"line":29,"column":3}},"29":{"start":{"line":30,"column":0},"end":{"line":30,"column":0}},"30":{"start":{"line":31,"column":0},"end":{"line":31,"column":33}},"31":{"start":{"line":32,"column":0},"end":{"line":32,"column":40}},"32":{"start":{"line":33,"column":0},"end":{"line":33,"column":34}},"33":{"start":{"line":34,"column":0},"end":{"line":34,"column":0}},"34":{"start":{"line":35,"column":0},"end":{"line":35,"column":32}},"35":{"start":{"line":36,"column":0},"end":{"line":36,"column":58}},"36":{"start":{"line":37,"column":0},"end":{"line":37,"column":58}},"37":{"start":{"line":38,"column":0},"end":{"line":38,"column":0}},"38":{"start":{"line":39,"column":0},"end":{"line":39,"column":57}},"39":{"start":{"line":40,"column":0},"end":{"line":40,"column":60}},"40":{"start":{"line":41,"column":0},"end":{"line":41,"column":6}},"41":{"start":{"line":42,"column":0},"end":{"line":42,"column":3}},"42":{"start":{"line":43,"column":0},"end":{"line":43,"column":0}},"43":{"start":{"line":44,"column":0},"end":{"line":44,"column":40}},"44":{"start":{"line":45,"column":0},"end":{"line":45,"column":52}},"45":{"start":{"line":46,"column":0},"end":{"line":46,"column":52}},"46":{"start":{"line":47,"column":0},"end":{"line":47,"column":61}},"47":{"start":{"line":48,"column":0},"end":{"line":48,"column":0}},"48":{"start":{"line":49,"column":0},"end":{"line":49,"column":66}},"49":{"start":{"line":50,"column":0},"end":{"line":50,"column":34}},"50":{"start":{"line":51,"column":0},"end":{"line":51,"column":0}},"51":{"start":{"line":52,"column":0},"end":{"line":52,"column":40}},"52":{"start":{"line":53,"column":0},"end":{"line":53,"column":34}},"53":{"start":{"line":54,"column":0},"end":{"line":54,"column":0}},"54":{"start":{"line":55,"column":0},"end":{"line":55,"column":32}},"55":{"start":{"line":56,"column":0},"end":{"line":56,"column":58}},"56":{"start":{"line":57,"column":0},"end":{"line":57,"column":58}},"57":{"start":{"line":58,"column":0},"end":{"line":58,"column":0}},"58":{"start":{"line":59,"column":0},"end":{"line":59,"column":59}},"59":{"start":{"line":60,"column":0},"end":{"line":60,"column":25}},"60":{"start":{"line":61,"column":0},"end":{"line":61,"column":69}},"61":{"start":{"line":62,"column":0},"end":{"line":62,"column":0}},"62":{"start":{"line":63,"column":0},"end":{"line":63,"column":53}},"63":{"start":{"line":64,"column":0},"end":{"line":64,"column":14}},"64":{"start":{"line":65,"column":0},"end":{"line":65,"column":48}},"65":{"start":{"line":66,"column":0},"end":{"line":66,"column":7}},"66":{"start":{"line":67,"column":0},"end":{"line":67,"column":6}},"67":{"start":{"line":68,"column":0},"end":{"line":68,"column":3}},"68":{"start":{"line":69,"column":0},"end":{"line":69,"column":10}},"69":{"start":{"line":70,"column":0},"end":{"line":70,"column":18}},"70":{"start":{"line":71,"column":0},"end":{"line":71,"column":32}},"71":{"start":{"line":72,"column":0},"end":{"line":72,"column":50}},"72":{"start":{"line":73,"column":0},"end":{"line":73,"column":47}},"73":{"start":{"line":74,"column":0},"end":{"line":74,"column":0}},"74":{"start":{"line":75,"column":0},"end":{"line":75,"column":45}},"75":{"start":{"line":76,"column":0},"end":{"line":76,"column":27}},"76":{"start":{"line":77,"column":0},"end":{"line":77,"column":25}},"77":{"start":{"line":78,"column":0},"end":{"line":78,"column":0}},"78":{"start":{"line":79,"column":0},"end":{"line":79,"column":69}},"79":{"start":{"line":80,"column":0},"end":{"line":80,"column":61}},"80":{"start":{"line":81,"column":0},"end":{"line":81,"column":6}},"81":{"start":{"line":82,"column":0},"end":{"line":82,"column":0}},"82":{"start":{"line":83,"column":0},"end":{"line":83,"column":33}},"83":{"start":{"line":84,"column":0},"end":{"line":84,"column":42}},"84":{"start":{"line":85,"column":0},"end":{"line":85,"column":32}},"85":{"start":{"line":86,"column":0},"end":{"line":86,"column":53}},"86":{"start":{"line":87,"column":0},"end":{"line":87,"column":7}},"87":{"start":{"line":88,"column":0},"end":{"line":88,"column":0}},"88":{"start":{"line":89,"column":0},"end":{"line":89,"column":51}},"89":{"start":{"line":90,"column":0},"end":{"line":90,"column":6}},"90":{"start":{"line":91,"column":0},"end":{"line":91,"column":0}},"91":{"start":{"line":92,"column":0},"end":{"line":92,"column":31}},"92":{"start":{"line":93,"column":0},"end":{"line":93,"column":51}},"93":{"start":{"line":94,"column":0},"end":{"line":94,"column":51}},"94":{"start":{"line":95,"column":0},"end":{"line":95,"column":69}},"95":{"start":{"line":96,"column":0},"end":{"line":96,"column":54}},"96":{"start":{"line":97,"column":0},"end":{"line":97,"column":6}},"97":{"start":{"line":98,"column":0},"end":{"line":98,"column":3}},"98":{"start":{"line":99,"column":0},"end":{"line":99,"column":1}},"99":{"start":{"line":100,"column":0},"end":{"line":100,"column":0}},"100":{"start":{"line":101,"column":0},"end":{"line":101,"column":29}}},"s":{"0":1,"1":1,"2":1,"3":198,"4":198,"5":198,"6":0,"7":0,"8":0,"9":0,"10":0,"11":0,"12":0,"13":0,"14":0,"15":0,"16":0,"17":198,"18":198,"19":0,"20":0,"21":0,"22":0,"23":0,"24":0,"25":0,"26":0,"27":0,"28":0,"29":198,"30":198,"31":0,"32":0,"33":0,"34":0,"35":0,"36":0,"37":0,"38":0,"39":0,"40":0,"41":0,"42":198,"43":198,"44":0,"45":0,"46":0,"47":0,"48":0,"49":0,"50":0,"51":0,"52":0,"53":0,"54":0,"55":0,"56":0,"57":0,"58":0,"59":0,"60":0,"61":0,"62":0,"63":0,"64":0,"65":0,"66":0,"67":0,"68":198,"69":198,"70":198,"71":198,"72":198,"73":198,"74":198,"75":198,"76":198,"77":198,"78":198,"79":198,"80":198,"81":198,"82":198,"83":198,"84":198,"85":0,"86":0,"87":198,"88":198,"89":198,"90":198,"91":198,"92":198,"93":198,"94":198,"95":198,"96":198,"97":198,"98":198,"99":1,"100":1},"branchMap":{"0":{"type":"branch","line":3,"loc":{"start":{"line":3,"column":1},"end":{"line":99,"column":1}},"locations":[{"start":{"line":3,"column":1},"end":{"line":99,"column":1}}]},"1":{"type":"branch","line":71,"loc":{"start":{"line":71,"column":20},"end":{"line":81,"column":6}},"locations":[{"start":{"line":71,"column":20},"end":{"line":81,"column":6}}]},"2":{"type":"branch","line":83,"loc":{"start":{"line":83,"column":21},"end":{"line":90,"column":6}},"locations":[{"start":{"line":83,"column":21},"end":{"line":90,"column":6}}]},"3":{"type":"branch","line":86,"loc":{"start":{"line":86,"column":-2},"end":{"line":87,"column":7}},"locations":[{"start":{"line":86,"column":-2},"end":{"line":87,"column":7}}]},"4":{"type":"branch","line":92,"loc":{"start":{"line":92,"column":19},"end":{"line":97,"column":6}},"locations":[{"start":{"line":92,"column":19},"end":{"line":97,"column":6}}]}},"b":{"0":[198],"1":[198],"2":[198],"3":[0],"4":[198]},"fnMap":{"0":{"name":"cellDOMFactory","decl":{"start":{"line":3,"column":1},"end":{"line":99,"column":1}},"loc":{"start":{"line":3,"column":1},"end":{"line":99,"column":1}},"line":3},"1":{"name":"addClassToCellsOnSameRowColumn","decl":{"start":{"line":6,"column":42},"end":{"line":17,"column":3}},"loc":{"start":{"line":6,"column":42},"end":{"line":17,"column":3}},"line":6},"2":{"name":"handleCellHovering","decl":{"start":{"line":19,"column":30},"end":{"line":29,"column":3}},"loc":{"start":{"line":19,"column":30},"end":{"line":29,"column":3}},"line":19},"3":{"name":"handleCellLeave","decl":{"start":{"line":31,"column":27},"end":{"line":42,"column":3}},"loc":{"start":{"line":31,"column":27},"end":{"line":42,"column":3}},"line":31},"4":{"name":"handleClickCell","decl":{"start":{"line":44,"column":27},"end":{"line":68,"column":3}},"loc":{"start":{"line":44,"column":27},"end":{"line":68,"column":3}},"line":44},"5":{"name":"createCellDOM","decl":{"start":{"line":71,"column":20},"end":{"line":81,"column":6}},"loc":{"start":{"line":71,"column":20},"end":{"line":81,"column":6}},"line":71},"6":{"name":"addCellClasses","decl":{"start":{"line":83,"column":21},"end":{"line":90,"column":6}},"loc":{"start":{"line":83,"column":21},"end":{"line":90,"column":6}},"line":83},"7":{"name":"addAttribute","decl":{"start":{"line":92,"column":19},"end":{"line":97,"column":6}},"loc":{"start":{"line":92,"column":19},"end":{"line":97,"column":6}},"line":92}},"f":{"0":198,"1":0,"2":0,"3":0,"4":0,"5":198,"6":198,"7":198}}
[...]
rt":{"line":111,"column":0},"end":{"line":111,"column":40}},"111":{"start":{"line":112,"column":0},"end":{"line":112,"column":38}},"112":{"start":{"line":113,"column":0},"end":{"line":113,"column":0}},"113":{"start":{"line":114,"column":0},"end":{"line":114,"column":22}},"114":{"start":{"line":115,"column":0},"end":{"line":115,"column":6}},"115":{"start":{"line":116,"column":0},"end":{"line":116,"column":0}},"116":{"start":{"line":117,"column":0},"end":{"line":117,"column":39}},"117":{"start":{"line":118,"column":0},"end":{"line":118,"column":52}},"118":{"start":{"line":119,"column":0},"end":{"line":119,"column":40}},"119":{"start":{"line":120,"column":0},"end":{"line":120,"column":0}},"120":{"start":{"line":121,"column":0},"end":{"line":121,"column":42}},"121":{"start":{"line":122,"column":0},"end":{"line":122,"column":47}},"122":{"start":{"line":123,"column":0},"end":{"line":123,"column":0}},"123":{"start":{"line":124,"column":0},"end":{"line":124,"column":79}},"124":{"start":{"line":125,"column":0},"end":{"line":125,"column":37}},"125":{"start":{"line":126,"column":0},"end":{"line":126,"column":0}},"126":{"start":{"line":127,"column":0},"end":{"line":127,"column":49}},"127":{"start":{"line":128,"column":0},"end":{"line":128,"column":65}},"128":{"start":{"line":129,"column":0},"end":{"line":129,"column":0}},"129":{"start":{"line":130,"column":0},"end":{"line":130,"column":31}},"130":{"start":{"line":131,"column":0},"end":{"line":131,"column":35}},"131":{"start":{"line":132,"column":0},"end":{"line":132,"column":10}},"132":{"start":{"line":133,"column":0},"end":{"line":133,"column":7}},"133":{"start":{"line":134,"column":0},"end":{"line":134,"column":22}},"134":{"start":{"line":135,"column":0},"end":{"line":135,"column":6}},"135":{"start":{"line":136,"column":0},"end":{"line":136,"column":3}},"136":{"start":{"line":137,"column":0},"end":{"line":137,"column":1}},"137":{"start":{"line":138,"column":0},"end":{"line":138,"column":0}},"138":{"start":{"line":139,"column":0},"end":{"line":139,"column":28}}},"s":{"0":1,"1":1,"2":1,"3":0,"4":0,"5":0,"6":0,"7":0,"8":0,"9":0,"10":0,"11":0,"12":0,"13":0,"14":0,"15":0,"16":0,"17":0,"18":0,"19":0,"20":0,"21":0,"22":0,"23":0,"24":0,"25":0,"26":0,"27":0,"28":0,"29":0,"30":0,"31":0,"32":0,"33":0,"34":0,"35":0,"36":0,"37":0,"38":0,"39":0,"40":0,"41":0,"42":0,"43":0,"44":0,"45":0,"46":0,"47":0,"48":0,"49":0,"50":0,"51":0,"52":0,"53":0,"54":0,"55":0,"56":0,"57":0,"58":0,"59":0,"60":0,"61":0,"62":0,"63":0,"64":0,"65":0,"66":0,"67":0,"68":0,"69":0,"70":0,"71":0,"72":0,"73":0,"74":0,"75":0,"76":0,"77":0,"78":0,"79":0,"80":0,"81":0,"82":0,"83":0,"84":0,"85":0,"86":0,"87":0,"88":0,"89":0,"90":0,"91":0,"92":0,"93":0,"94":0,"95":0,"96":0,"97":0,"98":0,"99":0,"100":0,"101":0,"102":0,"103":0,"104":0,"105":0,"106":0,"107":0,"108":0,"109":0,"110":0,"111":0,"112":0,"113":0,"114":0,"115":0,"116":0,"117":0,"118":0,"119":0,"120":0,"121":0,"122":0,"123":0,"124":0,"125":0,"126":0,"127":0,"128":0,"129":0,"130":0,"131":0,"132":0,"133":0,"134":0,"135":0,"136":0,"137":1,"138":1},"branchMap":{},"b":{},"fnMap":{"0":{"name":"selectFactory","decl":{"start":{"line":3,"column":1},"end":{"line":137,"column":1}},"loc":{"start":{"line":3,"column":1},"end":{"line":137,"column":1}},"line":3}},"f":{"0":0}}
,"C:\\Users\\Maxime\\Desktop\\Portfolio\\Sudoku\\store\\game.store.js": {"path":"C:\\Users\\Maxime\\Desktop\\Portfolio\\Sudoku\\store\\game.store.js","all":false,"statementMap":{"0":{"start":{"line":1,"column":0},"end":{"line":1,"column":31}},"1":{"start":{"line":2,"column":0},"end":{"line":2,"column":31}},"2":{"start":{"line":3,"column":0},"end":{"line":3,"column":49}},"3":{"start":{"line":4,"column":0},"end":{"line":4,"column":0}},"4":{"start":{"line":5,"column":0},"end":{"line":5,"column":64}},"5":{"start":{"line":6,"column":0},"end":{"line":6,"column":0}},"6":{"start":{"line":7,"column":0},"end":{"line":7,"column":49}},"7":{"start":{"line":8,"column":0},"end":{"line":8,"column":0}},"8":{"start":{"line":9,"column":0},"end":{"line":9,"column":22}},"9":{"start":{"line":10,"column":0},"end":{"line":10,"column":69}},"10":{"start":{"line":11,"column":0},"end":{"line":11,"column":0}},"11":{"start":{"line":12,"column":0},"end":{"line":12,"column":19}},"12":{"start":{"line":13,"column":0},"end":{"line":13,"column":3}},"13":{"start":{"line":14,"column":0},"end":{"line":14,"column":0}},"14":{"start":{"line":15,"column":0},"end":{"line":15,"column":28}},"15":{"start":{"line":16,"column":0},"end":{"line":16,"column":49}},"16":{"start":{"line":17,"column":0},"end":{"line":17,"column":0}},"17":{"start":{"line":18,"column":0},"end":{"line":18,"column":64}},"18":{"start":{"line":19,"column":0},"end":{"line":19,"column":0}},"19":{"start":{"line":20,"column":0},"end":{"line":20,"column":39}},"20":{"start":{"line":21,"column":0},"end":{"line":21,"column":13}},"21":{"start":{"line":22,"column":0},"end":{"line":22,"column":3}},"22":{"start":{"line":23,"column":0},"end":{"line":23,"column":0}},"23":{"start":{"line":24,"column":0},"end":{"line":24,"column":43}},"24":{"start":{"line":25,"column":0},"end":{"line":25,"column":68}},"25":{"start":{"line":26,"column":0},"end":{"line":26,"column":42}},"26":{"start":{"line":27,"column":0},"end":{"line":27,"column":3}},"27":{"start":{"line":28,"column":0},"end":{"line":28,"column":0}},"28":{"start":{"line":29,"column":0},"end":{"line":29,"column":25}},"29":{"start":{"line":30,"column":0},"end":{"line":30,"column":31}},"30":{"start":{"line":31,"column":0},"end":{"line":31,"column":3}},"31":{"start":{"line":32,"column":0},"end":{"line":32,"column":0}},"32":{"start":{"line":33,"column":0},"end":{"line":33,"column":51}},"33":{"start":{"line":34,"column":0},"end":{"line":34,"column":1}},"34":{"start":{"line":35,"column":0},"end":{"line":35,"column":0}},"35":{"start":{"line":36,"column":0},"end":{"line":36,"column":24}}},"s":{"0":1,"1":30,"2":2,"3":2,"4":2,"5":2,"6":2,"7":2,"8":2,"9":2,"10":2,"11":2,"12":2,"13":30,"14":30,"15":4,"16":4,"17":4,"18":2,"19":2,"20":2,"21":2,"22":30,"23":30,"24":9,"25":9,"26":9,"27":30,"28":30,"29":0,"30":0,"31":30,"32":30,"33":30,"34":1,"35":1},"branchMap":{"0":{"type":"branch","line":2,"loc":{"start":{"line":2,"column":-2},"end":{"line":34,"column":1}},"locations":[{"start":{"line":2,"column":-2},"end":{"line":34,"column":1}}]},"1":{"type":"branch","line":2,"loc":{"start":{"line":2,"column":19},"end":{"line":13,"column":3}},"locations":[{"start":{"line":2,"column":19},"end":{"line":13,"column":3}}]},"2":{"type":"branch","line":5,"loc":{"start":{"line":5,"column":20},"end":{"line":5,"column":64}},"locations":[{"start":{"line":5,"column":20},"end":{"line":5,"column":64}}]},"3":{"type":"branch","line":10,"loc":{"start":{"line":10,"column":7},"end":{"line":10,"column":69}},"locations":[{"start":{"line":10,"column":7},"end":{"line":10,"column":69}}]},"4":{"type":"branch","line":15,"loc":{"start":{"line":15,"column":22},"end":{"line":22,"column":3}},"locations":[{"start":{"line":15,"column":22},"end":{"line":22,"column":3}}]},"5":{"type":"branch","line":18,"loc":{"start":{"line":18,"column":20},"end":{"line":22,"column":3}},"locations":[{"start":{"line":18,"column":20},"end":{"line":22,"column":3}}]},"6":{"type":"branch","line":24,"loc":{"start":{"line":24,"column":20},"end":{"line":27,"column":3}},"locations":[{"start":{"line":24,"column":20},"end":{"line":27,"column":3}}]}},"b":{"0":[30],"1":[2],"2":[0],"3":[0],"4":[4],"5":[2],"6":[9]},"fnMap":{"0":{"name":"gameStore","decl":{"start":{"line":2,"column":-2},"end":{"line":34,"column":1}},"loc":{"start":{"line":2,"column":-2},"end":{"line":34,"column":1}},"line":2},"1":{"name":"getGame","decl":{"start":{"line":2,"column":19},"end":{"line":13,"column":3}},"loc":{"start":{"line":2,"column":19},"end":{"line":13,"column":3}},"line":2},"2":{"name":"getSavedId","decl":{"start":{"line":15,"column":22},"end":{"line":22,"column":3}},"loc":{"start":{"line":15,"column":22},"end":{"line":22,"column":3}},"line":15},"3":{"name":"saveGame","decl":{"start":{"line":24,"column":20},"end":{"line":27,"column":3}},"loc":{"start":{"line":24,"column":20},"end":{"line":27,"column":3}},"line":24},"4":{"name":"delGame","decl":{"start":{"line":29,"column":19},"end":{"line":31,"column":3}},"loc":{"start":{"line":29,"column":19},"end":{"line":31,"column":3}},"line":29}},"f":{"0":30,"1":2,"2":4,"3":9,"4":0}}
,"C:\\Users\\Maxime\\Desktop\\Portfolio\\Sudoku\\store\\solution.store.js": {"path":"C:\\Users\\Maxime\\Desktop\\Portfolio\\Sudoku\\store\\solution.store.js","all":false,"statementMap":{"0":{"start":{"line":1,"column":0},"end":{"line":1,"column":35}},"1":{"start":{"line":2,"column":0},"end":{"line":2,"column":39}},"2":{"start":{"line":3,"column":0},"end":{"line":3,"column":57}},"3":{"start":{"line":4,"column":0},"end":{"line":4,"column":0}},"4":{"start":{"line":5,"column":0},"end":{"line":5,"column":72}},"5":{"start":{"line":6,"column":0},"end":{"line":6,"column":0}},"6":{"start":{"line":7,"column":0},"end":{"line":7,"column":53}},"7":{"start":{"line":8,"column":0},"end":{"line":8,"column":0}},"8":{"start":{"line":9,"column":0},"end":{"line":9,"column":26}},"9":{"start":{"line":10,"column":0},"end":{"line":10,"column":69}},"10":{"start":{"line":11,"column":0},"end":{"line":11,"column":0}},"11":{"start":{"line":12,"column":0},"end":{"line":12,"column":19}},"12":{"start":{"line":13,"column":0},"end":{"line":13,"column":3}},"13":{"start":{"line":14,"column":0},"end":{"line":14,"column":0}},"14":{"start":{"line":15,"column":0},"end":{"line":15,"column":51}},"15":{"start":{"line":16,"column":0},"end":{"line":16,"column":76}},"16":{"start":{"line":17,"column":0},"end":{"line":17,"column":50}},"17":{"start":{"line":18,"column":0},"end":{"line":18,"column":3}},"18":{"start":{"line":19,"column":0},"end":{"line":19,"column":0}},"19":{"start":{"line":20,"column":0},"end":{"line":20,"column":29}},"20":{"start":{"line":21,"column":0},"end":{"line":21,"column":31}},"21":{"start":{"line":22,"column":0},"end":{"line":22,"column":3}},"22":{"start":{"line":23,"column":0},"end":{"line":23,"column":0}},"23":{"start":{"line":24,"column":0},"end":{"line":24,"column":51}},"24":{"start":{"line":25,"column":0},"end":{"line":25,"column":1}},"25":{"start":{"line":26,"column":0},"end":{"line":26,"column":0}},"26":{"start":{"line":27,"column":0},"end":{"line":27,"column":28}}},"s":{"0":1,"1":30,"2":2,"3":2,"4":2,"5":2,"6":2,"7":2,"8":2,"9":2,"10":2,"11":2,"12":2,"13":30,"14":30,"15":9,"16":9,"17":9,"18":30,"19":30,"20":0,"21":0,"22":30,"23":30,"24":30,"25":1,"26":1},"branchMap":{"0":{"type":"branch","line":2,"loc":{"start":{"line":2,"column":-2},"end":{"line":25,"column":1}},"locations":[{"start":{"line":2,"column":-2},"end":{"line":25,"column":1}}]},"1":{"type":"branch","line":2,"loc":{"start":{"line":2,"column":23},"end":{"line":13,"column":3}},"locations":[{"start":{"line":2,"column":23},"end":{"line":13,"column":3}}]},"2":{"type":"branch","line":5,"loc":{"start":{"line":5,"column":24},"end":{"line":5,"column":72}},"locations":[{"start":{"line":5,"column":24},"end":{"line":5,"column":72}}]},"3":{"type":"branch","line":10,"loc":{"start":{"line":10,"column":7},"end":{"line":10,"column":69}},"locations":[{"start":{"line":10,"column":7},"end":{"line":10,"column":69}}]},"4":{"type":"branch","line":15,"loc":{"start":{"line":15,"column":24},"end":{"line":18,"column":3}},"locations":[{"start":{"line":15,"column":24},"end":{"line":18,"column":3}}]}},"b":{"0":[30],"1":[2],"2":[0],"3":[0],"4":[9]},"fnMap":{"0":{"name":"solutionStore","decl":{"start":{"line":2,"column":-2},"end":{"line":25,"column":1}},"loc":{"start":{"line":2,"column":-2},"end":{"line":25,"column":1}},"line":2},"1":{"name":"getSolution","decl":{"start":{"line":2,"column":23},"end":{"line":13,"column":3}},"loc":{"start":{"line":2,"column":23},"end":{"line":13,"column":3}},"line":2},"2":{"name":"saveSolution","decl":{"start":{"line":15,"column":24},"end":{"line":18,"column":3}},"loc":{"start":{"line":15,"column":24},"end":{"line":18,"column":3}},"line":15},"3":{"name":"delSolution","decl":{"start":{"line":20,"column":23},"end":{"line":22,"column":3}},"loc":{"start":{"line":20,"column":23},"end":{"line":22,"column":3}},"line":20}},"f":{"0":30,"1":2,"2":9,"3":0}}
,"C:\\Users\\Maxime\\Desktop\\Portfolio\\Sudoku\\utility\\helpers.js": {"path":"C:\\Users\\Maxime\\Desktop\\Portfolio\\Sudoku\\utility\\helpers.js","all":false,"statementMap":{"0":{"start":{"line":1,"column":0},"end":{"line":1,"column":44}},"1":{"start":{"line":2,"column":0},"end":{"line":2,"column":35}},"2":{"start":{"line":3,"column":0},"end":{"line":3,"column":63}},"3":{"start":{"line":4,"column":0},"end":{"line":4,"column":4}},"4":{"start":{"line":5,"column":0},"end":{"line":5,"column":1}},"5":{"start":{"line":6,"column":0},"end":{"line":6,"column":0}},"6":{"start":{"line":7,"column":0},"end":{"line":7,"column":31}},"7":{"start":{"line":8,"column":0},"end":{"line":8,"column":46}},"8":{"start":{"line":9,"column":0},"end":{"line":9,"column":1}},"9":{"start":{"line":10,"column":0},"end":{"line":10,"column":0}},"10":{"start":{"line":11,"column":0},"end":{"line":11,"column":37}}},"s":{"0":1,"1":478979,"2":18798882,"3":18798882,"4":478979,"5":1,"6":1,"7":1103686,"8":1103686,"9":1,"10":1},"branchMap":{"0":{"type":"branch","line":2,"loc":{"start":{"line":2,"column":-2},"end":{"line":5,"column":1}},"locations":[{"start":{"line":2,"column":-2},"end":{"line":5,"column":1}}]},"1":{"type":"branch","line":2,"loc":{"start":{"line":2,"column":25},"end":{"line":4,"column":4}},"locations":[{"start":{"line":2,"column":25},"end":{"line":4,"column":4}}]},"2":{"type":"branch","line":3,"loc":{"start":{"line":3,"column":37},"end":{"line":3,"column":63}},"locations":[{"start":{"line":3,"column":37},"end":{"line":3,"column":63}}]},"3":{"type":"branch","line":7,"loc":{"start":{"line":7,"column":22},"end":{"line":9,"column":1}},"locations":[{"start":{"line":7,"column":22},"end":{"line":9,"column":1}}]}},"b":{"0":[478979],"1":[18798882],"2":[1244667],"3":[1103686]},"fnMap":{"0":{"name":"getCellIndex","decl":{"start":{"line":2,"column":-2},"end":{"line":5,"column":1}},"loc":{"start":{"line":2,"column":-2},"end":{"line":5,"column":1}},"line":2},"1":{"name":"getRandomNbr","decl":{"start":{"line":7,"column":22},"end":{"line":9,"column":1}},"loc":{"start":{"line":7,"column":22},"end":{"line":9,"column":1}},"line":7}},"f":{"0":478979,"1":1103686}}
,"C:\\Users\\Maxime\\Desktop\\Portfolio\\Sudoku\\utility\\nodeSelectors.js": {"path":"C:\\Users\\Maxime\\Desktop\\Portfolio\\Sudoku\\utility\\nodeSelectors.js","all":false,"statementMap":{"0":{"start":{"line":1,"column":0},"end":{"line":1,"column":29}},"1":{"start":{"line":2,"column":0},"end":{"line":2,"column":64}},"2":{"start":{"line":3,"column":0},"end":{"line":3,"column":0}},"3":{"start":{"line":4,"column":0},"end":{"line":4,"column":64}},"4":{"start":{"line":5,"column":0},"end":{"line":5,"column":0}},"5":{"start":{"line":6,"column":0},"end":{"line":6,"column":68}},"6":{"start":{"line":7,"column":0},"end":{"line":7,"column":0}},"7":{"start":{"line":8,"column":0},"end":{"line":8,"column":35}},"8":{"start":{"line":9,"column":0},"end":{"line":9,"column":64}},"9":{"start":{"line":10,"column":0},"end":{"line":10,"column":0}},"10":{"start":{"line":11,"column":0},"end":{"line":11,"column":80}},"11":{"start":{"line":12,"column":0},"end":{"line":12,"column":0}},"12":{"start":{"line":13,"column":0},"end":{"line":13,"column":36}},"13":{"start":{"line":14,"column":0},"end":{"line":14,"column":49}},"14":{"start":{"line":15,"column":0},"end":{"line":15,"column":0}},"15":{"start":{"line":16,"column":0},"end":{"line":16,"column":41}},"16":{"start":{"line":17,"column":0},"end":{"line":17,"column":52}},"17":{"start":{"line":18,"column":0},"end":{"line":18,"column":0}},"18":{"start":{"line":19,"column":0},"end":{"line":19,"column":59}},"19":{"start":{"line":20,"column":0},"end":{"line":20,"column":0}},"20":{"start":{"line":21,"column":0},"end":{"line":21,"column":74}},"21":{"start":{"line":22,"column":0},"end":{"line":22,"column":0}},"22":{"start":{"line":23,"column":0},"end":{"line":23,"column":30}},"23":{"start":{"line":24,"column":0},"end":{"line":24,"column":63}},"24":{"start":{"line":25,"column":0},"end":{"line":25,"column":0}},"25":{"start":{"line":26,"column":0},"end":{"line":26,"column":10}},"26":{"start":{"line":27,"column":0},"end":{"line":27,"column":12}},"27":{"start":{"line":28,"column":0},"end":{"line":28,"column":12}},"28":{"start":{"line":29,"column":0},"end":{"line":29,"column":13}},"29":{"start":{"line":30,"column":0},"end":{"line":30,"column":24}},"30":{"start":{"line":31,"column":0},"end":{"line":31,"column":24}},"31":{"start":{"line":32,"column":0},"end":{"line":32,"column":25}},"32":{"start":{"line":33,"column":0},"end":{"line":33,"column":14}},"33":{"start":{"line":34,"column":0},"end":{"line":34,"column":30}},"34":{"start":{"line":35,"column":0},"end":{"line":35,"column":16}},"35":{"start":{"line":36,"column":0},"end":{"line":36,"column":19}},"36":{"start":{"line":37,"column":0},"end":{"line":37,"column":3}},"37":{"start":{"line":38,"column":0},"end":{"line":38,"column":1}},"38":{"start":{"line":39,"column":0},"end":{"line":39,"column":0}},"39":{"start":{"line":40,"column":0},"end":{"line":40,"column":28}}},"s":{"0":1,"1":202,"2":202,"3":202,"4":202,"5":202,"6":202,"7":202,"8":0,"9":202,"10":202,"11":202,"12":202,"13":0,"14":202,"15":202,"16":0,"17":202,"18":202,"19":202,"20":202,"21":202,"22":202,"23":0,"24":202,"25":202,"26":202,"27":202,"28":202,"29":202,"30":202,"31":202,"32":202,"33":202,"34":202,"35":202,"36":202,"37":202,"38":1,"39":1},"branchMap":{"0":{"type":"branch","line":2,"loc":{"start":{"line":2,"column":-2},"end":{"line":38,"column":1}},"locations":[{"start":{"line":2,"column":-2},"end":{"line":38,"column":1}}]},"1":{"type":"branch","line":21,"loc":{"start":{"line":21,"column":23},"end":{"line":21,"column":74}},"locations":[{"start":{"line":21,"column":23},"end":{"line":21,"column":74}}]}},"b":{"0":[202],"1":[4]},"fnMap":{"0":{"name":"nodeSelectors","decl":{"start":{"line":2,"column":-2},"end":{"line":38,"column":1}},"loc":{"start":{"line":2,"column":-2},"end":{"line":38,"column":1}},"line":2},"1":{"name":"getBody","decl":{"start":{"line":2,"column":19},"end":{"line":2,"column":64}},"loc":{"start":{"line":2,"column":19},"end":{"line":2,"column":64}},"line":2},"2":{"name":"getMain","decl":{"start":{"line":4,"column":19},"end":{"line":4,"column":64}},"loc":{"start":{"line":4,"column":19},"end":{"line":4,"column":64}},"line":4},"3":{"name":"getBoard","decl":{"start":{"line":6,"column":20},"end":{"line":6,"column":68}},"loc":{"start":{"line":6,"column":20},"end":{"line":6,"column":68}},"line":6},"4":{"name":"getOptionsContainer","decl":{"start":{"line":8,"column":31},"end":{"line":9,"column":64}},"loc":{"start":{"line":8,"column":31},"end":{"line":9,"column":64}},"line":8},"5":{"name":"getSelectDifficulty","decl":{"start":{"line":11,"column":31},"end":{"line":11,"column":80}},"loc":{"start":{"line":11,"column":31},"end":{"line":11,"column":80}},"line":11},"6":{"name":"getDifficultyOptions","decl":{"start":{"line":13,"column":32},"end":{"line":14,"column":49}},"loc":{"start":{"line":13,"column":32},"end":{"line":14,"column":49}},"line":13},"7":{"name":"getDifficultyOptionSelect","decl":{"start":{"line":16,"column":37},"end":{"line":17,"column":52}},"loc":{"start":{"line":16,"column":37},"end":{"line":17,"column":52}},"line":16},"8":{"name":"getSelect","decl":{"start":{"line":19,"column":21},"end":{"line":19,"column":59}},"loc":{"start":{"line":19,"column":21},"end":{"line":19,"column":59}},"line":19},"9":{"name":"getAllCells","decl":{"start":{"line":21,"column":23},"end":{"line":21,"column":74}},"loc":{"start":{"line":21,"column":23},"end":{"line":21,"column":74}},"line":21},"10":{"name":"getClickedCell","decl":{"start":{"line":23,"column":26},"end":{"line":24,"column":63}},"loc":{"start":{"line":23,"column":26},"end":{"line":24,"column":63}},"line":23}},"f":{"0":202,"1":0,"2":0,"3":0,"4":0,"5":0,"6":0,"7":0,"8":0,"9":4,"10":0}}
}
